2023-08-16 10:10:05.837 [info] Experiment 'pythonaa' is active
2023-08-16 10:10:05.837 [info] Experiment 'pythonPromptNewFormatterExt' is active
2023-08-16 10:10:05.837 [info] Experiment 'pythonPromptNewToolsExt' is active
2023-08-16 10:10:05.837 [info] Experiment 'pythonTestAdaptercf' is active
2023-08-16 10:10:05.837 [info] Test server listening.
2023-08-16 10:10:05.837 [info] > conda info --json
2023-08-16 10:10:05.837 [info] Python interpreter path: ./.venv/bin/python
2023-08-16 10:10:05.942 [info] Found: /bin/python --> /bin/python3.11
2023-08-16 10:10:05.992 [info] Found: /bin/python3 --> /bin/python3.11
2023-08-16 10:10:06.005 [info] Found: /bin/python3.11 --> /bin/python3.11
2023-08-16 10:10:06.088 [info] > ./.venv/bin/python -I ~/.vscode/extensions/ms-python.python-2023.14.0/pythonFiles/get_output_via_markers.py ~/.vscode/extensions/ms-python.python-2023.14.0/pythonFiles/interpreterInfo.py
2023-08-16 10:10:06.115 [info] Found: /sbin/python --> /sbin/python3.11
2023-08-16 10:10:06.118 [info] Found: /sbin/python3 --> /sbin/python3.11
2023-08-16 10:10:06.121 [info] Found: /sbin/python3.11 --> /sbin/python3.11
2023-08-16 10:10:06.152 [info] Found: /usr/bin/python --> /usr/bin/python3.11
2023-08-16 10:10:06.152 [info] Found: /usr/bin/python3 --> /usr/bin/python3.11
2023-08-16 10:10:06.153 [info] Found: /usr/bin/python3.11 --> /usr/bin/python3.11
2023-08-16 10:10:06.171 [info] > . ./.venv/bin/activate && echo 'e8b39361-0157-4923-80e1-22d70d46dee6' && python ~/.vscode/extensions/ms-python.python-2023.14.0/pythonFiles/printEnvVariables.py
2023-08-16 10:10:06.171 [info] shell: bash
2023-08-16 10:10:06.224 [info] > . ./.venv/bin/activate && echo 'e8b39361-0157-4923-80e1-22d70d46dee6' && python ~/.vscode/extensions/ms-python.python-2023.14.0/pythonFiles/printEnvVariables.py
2023-08-16 10:10:06.224 [info] shell: bash
2023-08-16 10:10:06.235 [info] > . ./.venv/bin/activate && echo 'e8b39361-0157-4923-80e1-22d70d46dee6' && python ~/.vscode/extensions/ms-python.python-2023.14.0/pythonFiles/printEnvVariables.py
2023-08-16 10:10:06.235 [info] shell: bash
2023-08-16 10:10:06.244 [info] Found: /usr/sbin/python --> /usr/sbin/python3.11
2023-08-16 10:10:06.244 [info] Found: /usr/sbin/python3 --> /usr/sbin/python3.11
2023-08-16 10:10:06.244 [info] Found: /usr/sbin/python3.11 --> /usr/sbin/python3.11
2023-08-16 10:10:06.340 [info] > /bin/python -I ~/.vscode/extensions/ms-python.python-2023.14.0/pythonFiles/get_output_via_markers.py ~/.vscode/extensions/ms-python.python-2023.14.0/pythonFiles/interpreterInfo.py
2023-08-16 10:10:06.357 [info] > /sbin/python -I ~/.vscode/extensions/ms-python.python-2023.14.0/pythonFiles/get_output_via_markers.py ~/.vscode/extensions/ms-python.python-2023.14.0/pythonFiles/interpreterInfo.py
2023-08-16 10:10:06.389 [info] > /usr/bin/python -I ~/.vscode/extensions/ms-python.python-2023.14.0/pythonFiles/get_output_via_markers.py ~/.vscode/extensions/ms-python.python-2023.14.0/pythonFiles/interpreterInfo.py
2023-08-16 10:10:06.415 [info] > /usr/sbin/python -I ~/.vscode/extensions/ms-python.python-2023.14.0/pythonFiles/get_output_via_markers.py ~/.vscode/extensions/ms-python.python-2023.14.0/pythonFiles/interpreterInfo.py
2023-08-16 10:10:07.945 [info] Starting Pylance language server.
