Visual Studio Code (1.80.2, undefined, desktop)
Jupyter Extension Version: 2023.6.1101941928.
Python Extension Version: 2023.14.0.
Platform: linux (x64).
Workspace folder ~/Documents/opencv-new, Home = /home/teenarp2026
16:29:20.789 [info] User belongs to experiment group 'FastKernelPicker'
16:29:20.789 [info] User belongs to experiment group 'NewRemoteUriStorage'
16:29:20.789 [info] User belongs to experiment group 'PasswordManager'
16:29:21.016 [info] Start refreshing Kernel Picker (1692183561016)
16:29:21.019 [info] Using Pylance
16:29:21.052 [info] Start refreshing Interpreter Kernel Picker
16:29:21.792 [info] Starting Kernel startUsingPythonInterpreter, .jvsc74a57bd08b9537a27d5af55cd71cf38fa39b3d60504c7e6272b1a3e985840b6eeaa57a79.~/Documents/opencv-new/.venv/python.~/Documents/opencv-new/.venv/python.-m#ipykernel_launcher  (Python Path: ~/Documents/opencv-new/.venv/bin/python, Venv, .venv, 3.11.3) for '~/Documents/opencv-new/mazesolve.ipynb' (disableUI=true)
16:29:21.793 [info] Starting Kernel startUsingPythonInterpreter, .jvsc74a57bd08b9537a27d5af55cd71cf38fa39b3d60504c7e6272b1a3e985840b6eeaa57a79.~/Documents/opencv-new/.venv/python.~/Documents/opencv-new/.venv/python.-m#ipykernel_launcher  (Python Path: ~/Documents/opencv-new/.venv/bin/python, Venv, .venv, 3.11.3) for '~/Documents/vscode/trial1.ipynb' (disableUI=true)
16:29:21.904 [info] Process Execution: ~/Documents/opencv-new/.venv/bin/python -m pip list
16:29:21.997 [info] Process Execution: ~/Documents/opencv-new/.venv/bin/python -c "import ipykernel; print(ipykernel.__version__); print("5dc3a68c-e34e-4080-9c3e-2a532b2ccb4d"); print(ipykernel.__file__)"
16:29:22.008 [info] Process Execution: ~/Documents/opencv-new/.venv/bin/python -m ipykernel_launcher --ip=127.0.0.1 --stdin=9003 --control=9001 --hb=9000 --Session.signature_scheme="hmac-sha256" --Session.key=b"bce513d2-6a83-4dab-94f0-1452d54d3249" --shell=9002 --transport="tcp" --iopub=9004 --f=~/.local/share/jupyter/runtime/kernel-v2-833089oWeOL730MA1c.json
    > cwd: ~/Documents/opencv-new
16:29:22.086 [info] Process Execution: ~/Documents/opencv-new/.venv/bin/python -c "import ipykernel; print(ipykernel.__version__); print("5dc3a68c-e34e-4080-9c3e-2a532b2ccb4d"); print(ipykernel.__file__)"
16:29:22.096 [info] Process Execution: ~/Documents/opencv-new/.venv/bin/python -m ipykernel_launcher --ip=127.0.0.1 --stdin=9011 --control=9009 --hb=9008 --Session.signature_scheme="hmac-sha256" --Session.key=b"ffef9884-d6ab-4f26-8d7c-6fcf95162ac6" --shell=9010 --transport="tcp" --iopub=9012 --f=~/.local/share/jupyter/runtime/kernel-v2-833089TjkFAD8vyRZu.json
    > cwd: ~/Documents/vscode
16:29:22.775 [info] ipykernel version & path 6.25.1, ~/Documents/opencv-new/.venv/lib/python3.11/site-packages/ipykernel/__init__.py for ~/Documents/opencv-new/.venv/bin/python
16:29:22.776 [info] ipykernel version & path 6.25.1, ~/Documents/opencv-new/.venv/lib/python3.11/site-packages/ipykernel/__init__.py for ~/Documents/opencv-new/.venv/bin/python
16:29:22.841 [warn] StdErr from Kernel Process 0.00s - Debugger warning: It seems that frozen modules are being used, which may
0.00s - make the debugger miss breakpoints. Please pass -Xfrozen_modules=off
0.00s - to python to disable frozen modules.
0.00s - Note: Debugging will proceed. Set PYDEVD_DISABLE_FILE_VALIDATION=1 to disable this validation.
16:29:22.841 [warn] StdErr from Kernel Process 0.00s - Debugger warning: It seems that frozen modules are being used, which may
0.00s - make the debugger miss breakpoints. Please pass -Xfrozen_modules=off
0.00s - to python to disable frozen modules.
0.00s - Note: Debugging will proceed. Set PYDEVD_DISABLE_FILE_VALIDATION=1 to disable this validation.
16:29:22.997 [info] Started Kernel .venv (Python 3.11.3) (pid: 833599)
16:29:22.997 [info] Started new session b28155ab-c57f-438b-9788-a45f0023ab9f
16:29:23.003 [info] Started Kernel .venv (Python 3.11.3) (pid: 833585)
16:29:23.003 [info] Started new session 49b2c610-5e34-4d8d-b139-716107713040
16:29:23.045 [info] Process Execution: ~/Documents/opencv-new/.venv/bin/python ~/.vscode/extensions/ms-toolsai.jupyter-2023.6.1101941928-linux-x64/pythonFiles/printJupyterDataDir.py
16:29:23.252 [info] End refreshing Kernel Picker (1692183561016)
