2023-08-14 13:44:36.187 [info] Log level: Info
2023-08-14 13:44:36.187 [info] Validating found git in: "git"
2023-08-14 13:44:36.187 [info] Using git "2.41.0" from "git"
2023-08-14 13:44:36.187 [info] > git rev-parse --show-toplevel [680ms]
2023-08-14 13:44:36.187 [info] fatal: not a git repository (or any parent up to mount point /)
Stopping at filesystem boundary (GIT_DISCOVERY_ACROSS_FILESYSTEM not set).
2023-08-14 13:44:36.187 [info] > git rev-parse --show-toplevel [166ms]
2023-08-14 13:44:36.187 [info] fatal: not a git repository (or any parent up to mount point /)
Stopping at filesystem boundary (GIT_DISCOVERY_ACROSS_FILESYSTEM not set).
2023-08-14 13:44:36.187 [info] > git rev-parse --show-toplevel [15ms]
2023-08-14 13:44:36.187 [info] fatal: not a git repository (or any parent up to mount point /)
Stopping at filesystem boundary (GIT_DISCOVERY_ACROSS_FILESYSTEM not set).
2023-08-14 13:44:36.188 [info] > git rev-parse --show-toplevel [5ms]
2023-08-14 13:44:36.188 [info] fatal: not a git repository (or any parent up to mount point /)
Stopping at filesystem boundary (GIT_DISCOVERY_ACROSS_FILESYSTEM not set).
2023-08-14 13:44:37.716 [info] > git rev-parse --show-toplevel [8ms]
2023-08-14 13:44:37.716 [info] fatal: not a git repository (or any parent up to mount point /)
Stopping at filesystem boundary (GIT_DISCOVERY_ACROSS_FILESYSTEM not set).
2023-08-14 13:44:38.102 [info] > git rev-parse --show-toplevel [13ms]
2023-08-14 13:44:38.102 [info] fatal: not a git repository (or any parent up to mount point /)
Stopping at filesystem boundary (GIT_DISCOVERY_ACROSS_FILESYSTEM not set).
2023-08-14 13:44:39.630 [info] > git rev-parse --show-toplevel [66ms]
2023-08-14 13:44:39.631 [info] fatal: not a git repository (or any parent up to mount point /)
Stopping at filesystem boundary (GIT_DISCOVERY_ACROSS_FILESYSTEM not set).
2023-08-14 13:44:39.774 [info] > git rev-parse --show-toplevel [130ms]
2023-08-14 13:44:39.774 [info] fatal: not a git repository (or any parent up to mount point /)
Stopping at filesystem boundary (GIT_DISCOVERY_ACROSS_FILESYSTEM not set).
2023-08-14 13:44:39.831 [info] > git rev-parse --show-toplevel [42ms]
2023-08-14 13:44:39.831 [info] fatal: not a git repository (or any parent up to mount point /)
Stopping at filesystem boundary (GIT_DISCOVERY_ACROSS_FILESYSTEM not set).
2023-08-14 13:44:47.178 [info] > git rev-parse --show-toplevel [7ms]
2023-08-14 13:44:47.179 [info] fatal: not a git repository (or any parent up to mount point /)
Stopping at filesystem boundary (GIT_DISCOVERY_ACROSS_FILESYSTEM not set).
2023-08-14 13:46:43.597 [info] > git rev-parse --show-toplevel [7ms]
2023-08-14 13:46:43.597 [info] fatal: not a git repository (or any parent up to mount point /)
Stopping at filesystem boundary (GIT_DISCOVERY_ACROSS_FILESYSTEM not set).
2023-08-14 13:47:00.692 [info] > git rev-parse --show-toplevel [1ms]
2023-08-14 13:47:00.692 [info] fatal: not a git repository (or any parent up to mount point /)
Stopping at filesystem boundary (GIT_DISCOVERY_ACROSS_FILESYSTEM not set).
2023-08-14 13:51:18.347 [info] > git rev-parse --show-toplevel [5ms]
2023-08-14 13:51:18.347 [info] fatal: not a git repository (or any parent up to mount point /)
Stopping at filesystem boundary (GIT_DISCOVERY_ACROSS_FILESYSTEM not set).
2023-08-14 13:51:35.008 [info] > git rev-parse --show-toplevel [7ms]
2023-08-14 13:51:35.008 [info] fatal: not a git repository (or any parent up to mount point /)
Stopping at filesystem boundary (GIT_DISCOVERY_ACROSS_FILESYSTEM not set).
2023-08-14 13:56:50.220 [info] > git rev-parse --show-toplevel [4ms]
2023-08-14 13:56:50.220 [info] fatal: not a git repository (or any parent up to mount point /)
Stopping at filesystem boundary (GIT_DISCOVERY_ACROSS_FILESYSTEM not set).
