2023-08-18 16:56:05.405 [info] Log level: Info
2023-08-18 16:56:05.405 [info] Validating found git in: "git"
2023-08-18 16:56:05.405 [info] Using git "2.41.0" from "git"
2023-08-18 16:56:05.405 [info] > git rev-parse --show-toplevel [215ms]
2023-08-18 16:56:05.405 [info] fatal: not a git repository (or any parent up to mount point /)
Stopping at filesystem boundary (GIT_DISCOVERY_ACROSS_FILESYSTEM not set).
2023-08-18 16:56:05.406 [info] > git rev-parse --show-toplevel [771ms]
2023-08-18 16:56:05.406 [info] fatal: not a git repository (or any parent up to mount point /)
Stopping at filesystem boundary (GIT_DISCOVERY_ACROSS_FILESYSTEM not set).
2023-08-18 16:56:05.406 [info] > git rev-parse --show-toplevel [277ms]
2023-08-18 16:56:05.406 [info] fatal: not a git repository (or any parent up to mount point /)
Stopping at filesystem boundary (GIT_DISCOVERY_ACROSS_FILESYSTEM not set).
2023-08-18 16:56:05.406 [info] > git rev-parse --show-toplevel [158ms]
2023-08-18 16:56:05.406 [info] fatal: not a git repository (or any parent up to mount point /)
Stopping at filesystem boundary (GIT_DISCOVERY_ACROSS_FILESYSTEM not set).
2023-08-18 16:56:06.685 [info] > git rev-parse --show-toplevel [35ms]
2023-08-18 16:56:06.685 [info] fatal: not a git repository (or any parent up to mount point /)
Stopping at filesystem boundary (GIT_DISCOVERY_ACROSS_FILESYSTEM not set).
2023-08-18 16:56:07.090 [info] > git rev-parse --show-toplevel [13ms]
2023-08-18 16:56:07.091 [info] fatal: not a git repository (or any parent up to mount point /)
Stopping at filesystem boundary (GIT_DISCOVERY_ACROSS_FILESYSTEM not set).
2023-08-18 16:56:09.077 [info] > git rev-parse --show-toplevel [72ms]
2023-08-18 16:56:09.077 [info] fatal: not a git repository (or any parent up to mount point /)
Stopping at filesystem boundary (GIT_DISCOVERY_ACROSS_FILESYSTEM not set).
2023-08-18 16:56:09.144 [info] > git rev-parse --show-toplevel [51ms]
2023-08-18 16:56:09.144 [info] fatal: not a git repository (or any parent up to mount point /)
Stopping at filesystem boundary (GIT_DISCOVERY_ACROSS_FILESYSTEM not set).
2023-08-18 16:56:09.243 [info] > git rev-parse --show-toplevel [80ms]
2023-08-18 16:56:09.243 [info] fatal: not a git repository (or any parent up to mount point /)
Stopping at filesystem boundary (GIT_DISCOVERY_ACROSS_FILESYSTEM not set).
