2023-08-18 10:35:05.488 [info] Name: isort
2023-08-18 10:35:05.488 [info] Module: isort
2023-08-18 10:35:05.488 [info] Python extension loading
2023-08-18 10:35:05.488 [info] Waiting for interpreter from python extension.
2023-08-18 10:35:05.488 [info] No interpreter found from setting isort.interpreter
2023-08-18 10:35:05.488 [info] Getting interpreter from ms-python.python extension for workspace /home/teenarp2026/Documents/opencv-new
2023-08-18 10:35:05.488 [info] Python extension loaded
2023-08-18 10:35:05.488 [info] Interpreter from ms-python.python extension for /home/teenarp2026/Documents/opencv-new: /home/teenarp2026/Documents/opencv-new/.venv/bin/python
2023-08-18 10:35:05.488 [info] No interpreter found from setting isort.interpreter
2023-08-18 10:35:05.488 [info] Getting interpreter from ms-python.python extension for workspace /home/teenarp2026/Documents/opencv-new
2023-08-18 10:35:05.488 [info] Interpreter from ms-python.python extension for /home/teenarp2026/Documents/opencv-new: /home/teenarp2026/Documents/opencv-new/.venv/bin/python
2023-08-18 10:35:05.488 [info] Server run command: /home/teenarp2026/Documents/opencv-new/.venv/bin/python /home/teenarp2026/.vscode/extensions/ms-python.isort-2023.10.1/bundled/tool/lsp_server.py
2023-08-18 10:35:05.488 [info] Server: Start requested.
2023-08-18 10:35:06.491 [info] CWD Server: /home/teenarp2026/Documents/opencv-new
2023-08-18 10:35:06.491 [info] sys.path used to run Server:
   /home/teenarp2026/.vscode/extensions/ms-python.isort-2023.10.1/bundled/libs
   /home/teenarp2026/.vscode/extensions/ms-python.isort-2023.10.1/bundled/tool
   /usr/lib/python311.zip
   /usr/lib/python3.11
   /usr/lib/python3.11/lib-dynload
   /home/teenarp2026/Documents/opencv-new/.venv/lib/python3.11/site-packages
2023-08-18 10:35:06.491 [info] Settings used to run Server:
[
    {
        "check": false,
        "cwd": "/home/teenarp2026/Documents/opencv-new",
        "workspace": "file:///home/teenarp2026/Documents/opencv-new",
        "args": [],
        "path": [],
        "severity": {
            "W": "Warning",
            "E": "Hint"
        },
        "interpreter": [
            "/home/teenarp2026/Documents/opencv-new/.venv/bin/python"
        ],
        "importStrategy": "useBundled",
        "showNotifications": "off"
    }
]

2023-08-18 10:35:06.505 [info] Global settings:
{
    "check": false,
    "cwd": "/home/teenarp2026",
    "workspace": "/home/teenarp2026",
    "args": [],
    "path": [],
    "severity": {
        "W": "Warning",
        "E": "Hint"
    },
    "interpreter": [],
    "importStrategy": "useBundled",
    "showNotifications": "off"
}

2023-08-18 10:35:06.508 [info] /home/teenarp2026/Documents/opencv-new/.venv/bin/python -m isort --version-number
2023-08-18 10:35:06.508 [info] CWD Linter: /home/teenarp2026/Documents/opencv-new
2023-08-18 10:35:06.508 [info] Version info for isort running for /home/teenarp2026/Documents/opencv-new:
5.11.5

2023-08-18 10:35:06.508 [info] SUPPORTED isort>=5.10.1
FOUND isort==5.11.5

2023-08-18 10:35:06.533 [info] [Trace - 10:35:06 AM] Received notification 'textDocument/publishDiagnostics'.
2023-08-18 10:35:06.534 [info] [Trace - 10:35:06 AM] Received notification 'textDocument/publishDiagnostics'.
2023-08-18 10:35:06.535 [info] [Trace - 10:35:06 AM] Received notification 'textDocument/publishDiagnostics'.
2023-08-18 10:35:06.535 [info] [Trace - 10:35:06 AM] Received notification 'textDocument/publishDiagnostics'.
2023-08-18 10:35:06.536 [info] [Trace - 10:35:06 AM] Received notification 'textDocument/publishDiagnostics'.
2023-08-18 10:35:06.536 [info] [Trace - 10:35:06 AM] Received notification 'textDocument/publishDiagnostics'.
2023-08-18 10:35:06.537 [info] [Trace - 10:35:06 AM] Received notification 'textDocument/publishDiagnostics'.
2023-08-18 10:35:06.555 [info] [Trace - 10:35:06 AM] Sending request 'textDocument/codeAction - (1)'.
2023-08-18 10:35:06.562 [info] [Trace - 10:35:06 AM] Received response 'textDocument/codeAction - (1)' in 7ms.
2023-08-18 10:35:06.860 [info] [Trace - 10:35:06 AM] Sending request 'textDocument/codeAction - (2)'.
2023-08-18 10:35:06.861 [info] [Trace - 10:35:06 AM] Received response 'textDocument/codeAction - (2)' in 1ms.
2023-08-18 10:35:07.461 [info] [Trace - 10:35:07 AM] Sending request 'textDocument/codeAction - (3)'.
2023-08-18 10:35:07.464 [info] [Trace - 10:35:07 AM] Received response 'textDocument/codeAction - (3)' in 3ms.
2023-08-18 10:35:09.333 [info] [Trace - 10:35:09 AM] Sending request 'shutdown - (4)'.
2023-08-18 10:35:09.364 [info] [Trace - 10:35:09 AM] Received response 'shutdown - (4)' in 65ms.
2023-08-18 10:35:09.364 [info] [Trace - 10:35:09 AM] Sending notification 'exit'.
