2023-08-16 10:10:05.992 [info] Name: isort
2023-08-16 10:10:05.992 [info] Module: isort
2023-08-16 10:10:05.992 [info] Python extension loading
2023-08-16 10:10:05.992 [info] Waiting for interpreter from python extension.
2023-08-16 10:10:05.992 [info] No interpreter found from setting isort.interpreter
2023-08-16 10:10:05.992 [info] Getting interpreter from ms-python.python extension for workspace /home/teenarp2026/Documents/opencv-new
2023-08-16 10:10:05.992 [info] Python extension loaded
2023-08-16 10:10:05.992 [info] Interpreter from ms-python.python extension for /home/teenarp2026/Documents/opencv-new: /home/teenarp2026/Documents/opencv-new/.venv/bin/python
2023-08-16 10:10:05.992 [info] No interpreter found from setting isort.interpreter
2023-08-16 10:10:05.992 [info] Getting interpreter from ms-python.python extension for workspace /home/teenarp2026/Documents/opencv-new
2023-08-16 10:10:05.992 [info] Interpreter from ms-python.python extension for /home/teenarp2026/Documents/opencv-new: /home/teenarp2026/Documents/opencv-new/.venv/bin/python
2023-08-16 10:10:05.992 [info] Server run command: /home/teenarp2026/Documents/opencv-new/.venv/bin/python /home/teenarp2026/.vscode/extensions/ms-python.isort-2023.10.1/bundled/tool/lsp_server.py
2023-08-16 10:10:05.992 [info] Server: Start requested.
2023-08-16 10:10:06.962 [info] CWD Server: /home/teenarp2026/Documents/opencv-new
2023-08-16 10:10:06.962 [info] sys.path used to run Server:
   /home/teenarp2026/.vscode/extensions/ms-python.isort-2023.10.1/bundled/libs
   /home/teenarp2026/.vscode/extensions/ms-python.isort-2023.10.1/bundled/tool
   /usr/lib/python311.zip
   /usr/lib/python3.11
   /usr/lib/python3.11/lib-dynload
   /home/teenarp2026/Documents/opencv-new/.venv/lib/python3.11/site-packages
2023-08-16 10:10:06.966 [info] Settings used to run Server:
[
    {
        "check": false,
        "cwd": "/home/teenarp2026/Documents/opencv-new",
        "workspace": "file:///home/teenarp2026/Documents/opencv-new",
        "args": [],
        "path": [],
        "severity": {
            "W": "Warning",
            "E": "Hint"
        },
        "interpreter": [
            "/home/teenarp2026/Documents/opencv-new/.venv/bin/python"
        ],
        "importStrategy": "useBundled",
        "showNotifications": "off"
    }
]

2023-08-16 10:10:06.976 [info] Global settings:
{
    "check": false,
    "cwd": "/home/teenarp2026",
    "workspace": "/home/teenarp2026",
    "args": [],
    "path": [],
    "severity": {
        "W": "Warning",
        "E": "Hint"
    },
    "interpreter": [],
    "importStrategy": "useBundled",
    "showNotifications": "off"
}

2023-08-16 10:10:06.977 [info] /home/teenarp2026/Documents/opencv-new/.venv/bin/python -m isort --version-number
2023-08-16 10:10:06.978 [info] CWD Linter: /home/teenarp2026/Documents/opencv-new
2023-08-16 10:10:06.979 [info] Version info for isort running for /home/teenarp2026/Documents/opencv-new:
5.11.5

2023-08-16 10:10:06.980 [info] SUPPORTED isort>=5.10.1
FOUND isort==5.11.5

2023-08-16 10:10:06.999 [info] [Trace - 10:10:06 AM] Received notification 'textDocument/publishDiagnostics'.
2023-08-16 10:10:07.000 [info] [Trace - 10:10:07 AM] Received notification 'textDocument/publishDiagnostics'.
2023-08-16 10:10:07.000 [info] [Trace - 10:10:07 AM] Received notification 'textDocument/publishDiagnostics'.
2023-08-16 10:10:07.000 [info] [Trace - 10:10:07 AM] Received notification 'textDocument/publishDiagnostics'.
2023-08-16 10:10:07.001 [info] [Trace - 10:10:07 AM] Received notification 'textDocument/publishDiagnostics'.
2023-08-16 10:10:07.002 [info] [Trace - 10:10:07 AM] Received notification 'textDocument/publishDiagnostics'.
2023-08-16 10:10:07.002 [info] [Trace - 10:10:07 AM] Received notification 'textDocument/publishDiagnostics'.
2023-08-16 10:33:09.867 [info] [Trace - 10:33:09 AM] Sending request 'textDocument/codeAction - (1)'.
2023-08-16 10:33:09.874 [info] [Trace - 10:33:09 AM] Received response 'textDocument/codeAction - (1)' in 7ms.
2023-08-16 10:33:11.967 [info] [Trace - 10:33:11 AM] Sending request 'shutdown - (2)'.
2023-08-16 10:33:11.997 [info] [Trace - 10:33:11 AM] Received response 'shutdown - (2)' in 68ms.
2023-08-16 10:33:11.998 [info] [Trace - 10:33:11 AM] Sending notification 'exit'.
