2023-08-14 13:44:35.987 [info] /home/teenarp2026/.config/Code/User/settings.json closed
2023-08-14 13:44:37.694 [info] Configuration changed
2023-08-14 13:44:38.068 [info] Configuration changed
2023-08-14 13:44:39.546 [info] Configuration changed
2023-08-14 13:44:39.590 [info] Configuration changed
2023-08-14 13:44:39.620 [info] Configuration changed
2023-08-14 13:44:40.672 [info] Active editor: vscode-notebook-cell:/home/teenarp2026/Documents/opencv-new/mazesolve.ipynb#W2sZmlsZQ%3D%3D
2023-08-14 13:44:47.172 [info] Active editor: file:///home/teenarp2026/Documents/opencv-new/mazesolve.py
2023-08-14 13:44:58.325 [info] Active editor: vscode-notebook-cell:/home/teenarp2026/Documents/opencv-new/mazesolve.ipynb#W1sZmlsZQ%3D%3D
2023-08-14 13:45:26.500 [info] Active editor: vscode-notebook-cell:/home/teenarp2026/Documents/opencv-new/mazesolve.ipynb#W2sZmlsZQ%3D%3D
2023-08-14 13:45:29.630 [info] Active editor: vscode-notebook-cell:/home/teenarp2026/Documents/opencv-new/mazesolve.ipynb#W0sZmlsZQ%3D%3D
2023-08-14 13:45:30.373 [info] Active editor: vscode-notebook-cell:/home/teenarp2026/Documents/opencv-new/mazesolve.ipynb#W1sZmlsZQ%3D%3D
2023-08-14 13:45:52.597 [info] Active editor: vscode-notebook-cell:/home/teenarp2026/Documents/opencv-new/mazesolve.ipynb#W1sZmlsZQ%3D%3D
2023-08-14 13:45:56.721 [info] Active editor: vscode-notebook-cell:/home/teenarp2026/Documents/opencv-new/mazesolve.ipynb#W2sZmlsZQ%3D%3D
2023-08-14 13:46:06.951 [info] Active editor: vscode-notebook-cell:/home/teenarp2026/Documents/opencv-new/mazesolve.ipynb#W3sZmlsZQ%3D%3D
2023-08-14 13:46:19.276 [info] Active editor: vscode-notebook-cell:/home/teenarp2026/Documents/opencv-new/mazesolve.ipynb#W4sZmlsZQ%3D%3D
2023-08-14 13:46:40.257 [info] /home/teenarp2026/Documents/opencv-new/mazesolve.py closed
2023-08-14 13:46:43.588 [info] Active editor: file:///home/teenarp2026/Documents/opencv-new/mazesolve.py
2023-08-14 13:49:20.789 [info] /home/teenarp2026/Documents/opencv-new/mazesolve.py closed
2023-08-14 13:51:18.342 [info] Active editor: file:///home/teenarp2026/Documents/opencv-new/mazesolve.py
2023-08-14 13:51:20.701 [info] /home/teenarp2026/Documents/opencv-new/mazesolve.py closed
2023-08-14 13:51:35.002 [info] Active editor: file:///home/teenarp2026/Documents/opencv-new/mazesolve.py
2023-08-14 13:56:50.216 [info] Active editor: file:///home/teenarp2026/Documents/opencv-new/mazesolve.py
2023-08-14 14:06:05.984 [info] Active editor: vscode-notebook-cell:/home/teenarp2026/Documents/opencv-new/1.blur.ipynb#W2sZmlsZQ%3D%3D
2023-08-14 14:06:07.663 [info] Active editor: vscode-notebook-cell:/home/teenarp2026/Documents/vscode/Untitled-1.ipynb#W0sZmlsZQ%3D%3D
2023-08-14 14:06:13.052 [info] Active editor: untitled:Untitled-1
2023-08-14 14:06:22.489 [info] Untitled-1 closed
2023-08-14 14:06:22.985 [info] Active editor: vscode-notebook-cell:/home/teenarp2026/Documents/vscode/trial1.ipynb#W0sZmlsZQ%3D%3D
2023-08-14 14:06:49.667 [info] Active editor: vscode-notebook-cell:/home/teenarp2026/Documents/vscode/trial1.ipynb#W1sZmlsZQ%3D%3D
2023-08-14 14:06:53.289 [info] /home/teenarp2026/Documents/vscode/trial1.ipynb closed
2023-08-14 14:06:53.289 [info] Active editor: vscode-notebook-cell:/home/teenarp2026/Documents/vscode/trial1.ipynb#W0sZmlsZQ%3D%3D
2023-08-14 14:08:07.270 [info] Active editor: vscode-notebook-cell:/home/teenarp2026/Documents/vscode/trial1.ipynb#W2sZmlsZQ%3D%3D
2023-08-14 14:08:16.199 [info] Active editor: vscode-notebook-cell:/home/teenarp2026/Documents/vscode/trial1.ipynb#W0sZmlsZQ%3D%3D
2023-08-14 14:08:18.058 [info] /home/teenarp2026/Documents/vscode/trial1.ipynb closed
2023-08-14 14:08:18.059 [info] Active editor: vscode-notebook-cell:/home/teenarp2026/Documents/vscode/trial1.ipynb#W2sZmlsZQ%3D%3D
