2023-06-25T14:44:21.743Z [Modules] Modules initializing
2023-06-25T14:44:21.743Z [Modules] Distribution: remote
2023-06-25T14:44:21.743Z [Modules] Host updates: enabled
2023-06-25T14:44:21.743Z [Modules] Module updates: enabled
2023-06-25T14:44:21.744Z [Modules] Module install path: /home/teenarp2026/.config/discord/0.0.27/modules
2023-06-25T14:44:21.744Z [Modules] Module installed file path: /home/teenarp2026/.config/discord/0.0.27/modules/installed.json
2023-06-25T14:44:21.744Z [Modules] Module download path: /home/teenarp2026/.config/discord/0.0.27/modules/pending
2023-06-25T14:44:21.957Z [Modules] Bootstrapping...
2023-06-25T14:44:21.958Z [Modules] Installing discord_desktop_core@0 from /opt/discord/resources/bootstrap/discord_desktop_core.zip
2023-06-25T14:44:21.961Z [Modules] Failed installing discord_desktop_core@0: Error: ENOENT: no such file or directory, open '/opt/discord/resources/bootstrap/discord_desktop_core.zip'
2023-06-25T14:44:21.962Z [Modules] Installing discord_erlpack@0 from /opt/discord/resources/bootstrap/discord_erlpack.zip
2023-06-25T14:44:21.967Z [Modules] Failed installing discord_erlpack@0: Error: ENOENT: no such file or directory, open '/opt/discord/resources/bootstrap/discord_erlpack.zip'
2023-06-25T14:44:21.968Z [Modules] Installing discord_spellcheck@0 from /opt/discord/resources/bootstrap/discord_spellcheck.zip
2023-06-25T14:44:21.969Z [Modules] Failed installing discord_spellcheck@0: Error: ENOENT: no such file or directory, open '/opt/discord/resources/bootstrap/discord_spellcheck.zip'
2023-06-25T14:44:21.970Z [Modules] Installing discord_utils@0 from /opt/discord/resources/bootstrap/discord_utils.zip
2023-06-25T14:44:21.970Z [Modules] Failed installing discord_utils@0: Error: ENOENT: no such file or directory, open '/opt/discord/resources/bootstrap/discord_utils.zip'
2023-06-25T14:44:21.971Z [Modules] Installing discord_voice@0 from /opt/discord/resources/bootstrap/discord_voice.zip
2023-06-25T14:44:21.972Z [Modules] Failed installing discord_voice@0: Error: ENOENT: no such file or directory, open '/opt/discord/resources/bootstrap/discord_voice.zip'
2023-06-25T14:44:21.972Z [Modules] Finished module installations. [success: 0] [failure: 5]
2023-06-25T14:44:21.972Z [Modules] Checking for host updates.
2023-06-25T14:44:23.413Z [Modules] Host is up to date.
2023-06-25T14:44:23.414Z [Modules] Checking for module updates at https://discord.com/api/modules/stable/versions.json
2023-06-25T14:44:23.521Z [Modules] Module update available: discord_desktop_core@1 [installed: 0]
2023-06-25T14:44:23.521Z [Modules] Module update available: discord_erlpack@1 [installed: 0]
2023-06-25T14:44:23.521Z [Modules] Module update available: discord_spellcheck@1 [installed: 0]
2023-06-25T14:44:23.521Z [Modules] Module update available: discord_utils@1 [installed: 0]
2023-06-25T14:44:23.521Z [Modules] Module update available: discord_voice@1 [installed: 0]
2023-06-25T14:44:23.522Z [Modules] Fetching discord_desktop_core@1 from https://discord.com/api/modules/stable/discord_desktop_core/1
2023-06-25T14:44:23.522Z [Modules] Streaming discord_desktop_core@1 to /home/teenarp2026/.config/discord/0.0.27/modules/pending/discord_desktop_core-1.zip
2023-06-25T14:44:24.718Z [Modules] Streaming discord_desktop_core@1 to /home/teenarp2026/.config/discord/0.0.27/modules/pending/discord_desktop_core-1.zip: 1%
2023-06-25T14:44:24.858Z [Modules] Streaming discord_desktop_core@1 to /home/teenarp2026/.config/discord/0.0.27/modules/pending/discord_desktop_core-1.zip: 2%
2023-06-25T14:44:24.950Z [Modules] Streaming discord_desktop_core@1 to /home/teenarp2026/.config/discord/0.0.27/modules/pending/discord_desktop_core-1.zip: 3%
2023-06-25T14:44:25.041Z [Modules] Streaming discord_desktop_core@1 to /home/teenarp2026/.config/discord/0.0.27/modules/pending/discord_desktop_core-1.zip: 4%
2023-06-25T14:44:25.129Z [Modules] Streaming discord_desktop_core@1 to /home/teenarp2026/.config/discord/0.0.27/modules/pending/discord_desktop_core-1.zip: 5%
2023-06-25T14:44:25.140Z [Modules] Streaming discord_desktop_core@1 to /home/teenarp2026/.config/discord/0.0.27/modules/pending/discord_desktop_core-1.zip: 6%
2023-06-25T14:44:25.215Z [Modules] Streaming discord_desktop_core@1 to /home/teenarp2026/.config/discord/0.0.27/modules/pending/discord_desktop_core-1.zip: 7%
2023-06-25T14:44:25.239Z [Modules] Streaming discord_desktop_core@1 to /home/teenarp2026/.config/discord/0.0.27/modules/pending/discord_desktop_core-1.zip: 8%
2023-06-25T14:44:25.242Z [Modules] Streaming discord_desktop_core@1 to /home/teenarp2026/.config/discord/0.0.27/modules/pending/discord_desktop_core-1.zip: 9%
2023-06-25T14:44:25.338Z [Modules] Streaming discord_desktop_core@1 to /home/teenarp2026/.config/discord/0.0.27/modules/pending/discord_desktop_core-1.zip: 10%
2023-06-25T14:44:25.340Z [Modules] Streaming discord_desktop_core@1 to /home/teenarp2026/.config/discord/0.0.27/modules/pending/discord_desktop_core-1.zip: 12%
2023-06-25T14:44:25.438Z [Modules] Streaming discord_desktop_core@1 to /home/teenarp2026/.config/discord/0.0.27/modules/pending/discord_desktop_core-1.zip: 13%
2023-06-25T14:44:25.442Z [Modules] Streaming discord_desktop_core@1 to /home/teenarp2026/.config/discord/0.0.27/modules/pending/discord_desktop_core-1.zip: 14%
2023-06-25T14:44:25.444Z [Modules] Streaming discord_desktop_core@1 to /home/teenarp2026/.config/discord/0.0.27/modules/pending/discord_desktop_core-1.zip: 16%
2023-06-25T14:44:25.447Z [Modules] Streaming discord_desktop_core@1 to /home/teenarp2026/.config/discord/0.0.27/modules/pending/discord_desktop_core-1.zip: 17%
2023-06-25T14:44:25.595Z [Modules] Streaming discord_desktop_core@1 to /home/teenarp2026/.config/discord/0.0.27/modules/pending/discord_desktop_core-1.zip: 18%
2023-06-25T14:44:25.598Z [Modules] Streaming discord_desktop_core@1 to /home/teenarp2026/.config/discord/0.0.27/modules/pending/discord_desktop_core-1.zip: 20%
2023-06-25T14:44:25.671Z [Modules] Streaming discord_desktop_core@1 to /home/teenarp2026/.config/discord/0.0.27/modules/pending/discord_desktop_core-1.zip: 21%
2023-06-25T14:44:25.675Z [Modules] Streaming discord_desktop_core@1 to /home/teenarp2026/.config/discord/0.0.27/modules/pending/discord_desktop_core-1.zip: 23%
2023-06-25T14:44:25.679Z [Modules] Streaming discord_desktop_core@1 to /home/teenarp2026/.config/discord/0.0.27/modules/pending/discord_desktop_core-1.zip: 25%
2023-06-25T14:44:25.682Z [Modules] Streaming discord_desktop_core@1 to /home/teenarp2026/.config/discord/0.0.27/modules/pending/discord_desktop_core-1.zip: 26%
2023-06-25T14:44:25.684Z [Modules] Streaming discord_desktop_core@1 to /home/teenarp2026/.config/discord/0.0.27/modules/pending/discord_desktop_core-1.zip: 28%
2023-06-25T14:44:25.699Z [Modules] Streaming discord_desktop_core@1 to /home/teenarp2026/.config/discord/0.0.27/modules/pending/discord_desktop_core-1.zip: 29%
2023-06-25T14:44:25.703Z [Modules] Streaming discord_desktop_core@1 to /home/teenarp2026/.config/discord/0.0.27/modules/pending/discord_desktop_core-1.zip: 31%
2023-06-25T14:44:25.711Z [Modules] Streaming discord_desktop_core@1 to /home/teenarp2026/.config/discord/0.0.27/modules/pending/discord_desktop_core-1.zip: 33%
2023-06-25T14:44:25.712Z [Modules] Streaming discord_desktop_core@1 to /home/teenarp2026/.config/discord/0.0.27/modules/pending/discord_desktop_core-1.zip: 34%
2023-06-25T14:44:25.768Z [Modules] Streaming discord_desktop_core@1 to /home/teenarp2026/.config/discord/0.0.27/modules/pending/discord_desktop_core-1.zip: 35%
2023-06-25T14:44:25.776Z [Modules] Streaming discord_desktop_core@1 to /home/teenarp2026/.config/discord/0.0.27/modules/pending/discord_desktop_core-1.zip: 36%
2023-06-25T14:44:25.786Z [Modules] Streaming discord_desktop_core@1 to /home/teenarp2026/.config/discord/0.0.27/modules/pending/discord_desktop_core-1.zip: 37%
2023-06-25T14:44:25.798Z [Modules] Streaming discord_desktop_core@1 to /home/teenarp2026/.config/discord/0.0.27/modules/pending/discord_desktop_core-1.zip: 38%
2023-06-25T14:44:25.805Z [Modules] Streaming discord_desktop_core@1 to /home/teenarp2026/.config/discord/0.0.27/modules/pending/discord_desktop_core-1.zip: 39%
2023-06-25T14:44:25.848Z [Modules] Streaming discord_desktop_core@1 to /home/teenarp2026/.config/discord/0.0.27/modules/pending/discord_desktop_core-1.zip: 40%
2023-06-25T14:44:25.851Z [Modules] Streaming discord_desktop_core@1 to /home/teenarp2026/.config/discord/0.0.27/modules/pending/discord_desktop_core-1.zip: 41%
2023-06-25T14:44:25.857Z [Modules] Streaming discord_desktop_core@1 to /home/teenarp2026/.config/discord/0.0.27/modules/pending/discord_desktop_core-1.zip: 42%
2023-06-25T14:44:25.862Z [Modules] Streaming discord_desktop_core@1 to /home/teenarp2026/.config/discord/0.0.27/modules/pending/discord_desktop_core-1.zip: 43%
2023-06-25T14:44:25.868Z [Modules] Streaming discord_desktop_core@1 to /home/teenarp2026/.config/discord/0.0.27/modules/pending/discord_desktop_core-1.zip: 44%
2023-06-25T14:44:25.876Z [Modules] Streaming discord_desktop_core@1 to /home/teenarp2026/.config/discord/0.0.27/modules/pending/discord_desktop_core-1.zip: 45%
2023-06-25T14:44:25.882Z [Modules] Streaming discord_desktop_core@1 to /home/teenarp2026/.config/discord/0.0.27/modules/pending/discord_desktop_core-1.zip: 46%
2023-06-25T14:44:25.885Z [Modules] Streaming discord_desktop_core@1 to /home/teenarp2026/.config/discord/0.0.27/modules/pending/discord_desktop_core-1.zip: 48%
2023-06-25T14:44:25.898Z [Modules] Streaming discord_desktop_core@1 to /home/teenarp2026/.config/discord/0.0.27/modules/pending/discord_desktop_core-1.zip: 49%
2023-06-25T14:44:25.935Z [Modules] Streaming discord_desktop_core@1 to /home/teenarp2026/.config/discord/0.0.27/modules/pending/discord_desktop_core-1.zip: 50%
2023-06-25T14:44:25.953Z [Modules] Streaming discord_desktop_core@1 to /home/teenarp2026/.config/discord/0.0.27/modules/pending/discord_desktop_core-1.zip: 51%
2023-06-25T14:44:25.954Z [Modules] Streaming discord_desktop_core@1 to /home/teenarp2026/.config/discord/0.0.27/modules/pending/discord_desktop_core-1.zip: 52%
2023-06-25T14:44:25.967Z [Modules] Streaming discord_desktop_core@1 to /home/teenarp2026/.config/discord/0.0.27/modules/pending/discord_desktop_core-1.zip: 53%
2023-06-25T14:44:25.971Z [Modules] Streaming discord_desktop_core@1 to /home/teenarp2026/.config/discord/0.0.27/modules/pending/discord_desktop_core-1.zip: 54%
2023-06-25T14:44:25.973Z [Modules] Streaming discord_desktop_core@1 to /home/teenarp2026/.config/discord/0.0.27/modules/pending/discord_desktop_core-1.zip: 55%
2023-06-25T14:44:25.976Z [Modules] Streaming discord_desktop_core@1 to /home/teenarp2026/.config/discord/0.0.27/modules/pending/discord_desktop_core-1.zip: 57%
2023-06-25T14:44:25.980Z [Modules] Streaming discord_desktop_core@1 to /home/teenarp2026/.config/discord/0.0.27/modules/pending/discord_desktop_core-1.zip: 59%
2023-06-25T14:44:25.987Z [Modules] Streaming discord_desktop_core@1 to /home/teenarp2026/.config/discord/0.0.27/modules/pending/discord_desktop_core-1.zip: 61%
2023-06-25T14:44:25.989Z [Modules] Streaming discord_desktop_core@1 to /home/teenarp2026/.config/discord/0.0.27/modules/pending/discord_desktop_core-1.zip: 62%
2023-06-25T14:44:26.025Z [Modules] Streaming discord_desktop_core@1 to /home/teenarp2026/.config/discord/0.0.27/modules/pending/discord_desktop_core-1.zip: 65%
2023-06-25T14:44:26.027Z [Modules] Streaming discord_desktop_core@1 to /home/teenarp2026/.config/discord/0.0.27/modules/pending/discord_desktop_core-1.zip: 66%
2023-06-25T14:44:26.029Z [Modules] Streaming discord_desktop_core@1 to /home/teenarp2026/.config/discord/0.0.27/modules/pending/discord_desktop_core-1.zip: 67%
2023-06-25T14:44:26.056Z [Modules] Streaming discord_desktop_core@1 to /home/teenarp2026/.config/discord/0.0.27/modules/pending/discord_desktop_core-1.zip: 68%
2023-06-25T14:44:26.058Z [Modules] Streaming discord_desktop_core@1 to /home/teenarp2026/.config/discord/0.0.27/modules/pending/discord_desktop_core-1.zip: 69%
2023-06-25T14:44:26.061Z [Modules] Streaming discord_desktop_core@1 to /home/teenarp2026/.config/discord/0.0.27/modules/pending/discord_desktop_core-1.zip: 73%
2023-06-25T14:44:26.065Z [Modules] Streaming discord_desktop_core@1 to /home/teenarp2026/.config/discord/0.0.27/modules/pending/discord_desktop_core-1.zip: 75%
2023-06-25T14:44:26.070Z [Modules] Streaming discord_desktop_core@1 to /home/teenarp2026/.config/discord/0.0.27/modules/pending/discord_desktop_core-1.zip: 76%
2023-06-25T14:44:26.072Z [Modules] Streaming discord_desktop_core@1 to /home/teenarp2026/.config/discord/0.0.27/modules/pending/discord_desktop_core-1.zip: 79%
2023-06-25T14:44:26.074Z [Modules] Streaming discord_desktop_core@1 to /home/teenarp2026/.config/discord/0.0.27/modules/pending/discord_desktop_core-1.zip: 80%
2023-06-25T14:44:26.076Z [Modules] Streaming discord_desktop_core@1 to /home/teenarp2026/.config/discord/0.0.27/modules/pending/discord_desktop_core-1.zip: 81%
2023-06-25T14:44:26.116Z [Modules] Streaming discord_desktop_core@1 to /home/teenarp2026/.config/discord/0.0.27/modules/pending/discord_desktop_core-1.zip: 83%
2023-06-25T14:44:26.156Z [Modules] Streaming discord_desktop_core@1 to /home/teenarp2026/.config/discord/0.0.27/modules/pending/discord_desktop_core-1.zip: 84%
2023-06-25T14:44:26.161Z [Modules] Streaming discord_desktop_core@1 to /home/teenarp2026/.config/discord/0.0.27/modules/pending/discord_desktop_core-1.zip: 85%
2023-06-25T14:44:26.167Z [Modules] Streaming discord_desktop_core@1 to /home/teenarp2026/.config/discord/0.0.27/modules/pending/discord_desktop_core-1.zip: 87%
2023-06-25T14:44:26.209Z [Modules] Streaming discord_desktop_core@1 to /home/teenarp2026/.config/discord/0.0.27/modules/pending/discord_desktop_core-1.zip: 90%
2023-06-25T14:44:26.212Z [Modules] Streaming discord_desktop_core@1 to /home/teenarp2026/.config/discord/0.0.27/modules/pending/discord_desktop_core-1.zip: 92%
2023-06-25T14:44:26.214Z [Modules] Streaming discord_desktop_core@1 to /home/teenarp2026/.config/discord/0.0.27/modules/pending/discord_desktop_core-1.zip: 93%
2023-06-25T14:44:26.258Z [Modules] Streaming discord_desktop_core@1 to /home/teenarp2026/.config/discord/0.0.27/modules/pending/discord_desktop_core-1.zip: 95%
2023-06-25T14:44:26.298Z [Modules] Streaming discord_desktop_core@1 to /home/teenarp2026/.config/discord/0.0.27/modules/pending/discord_desktop_core-1.zip: 98%
2023-06-25T14:44:26.303Z [Modules] Streaming discord_desktop_core@1 to /home/teenarp2026/.config/discord/0.0.27/modules/pending/discord_desktop_core-1.zip: 99%
2023-06-25T14:44:26.383Z [Modules] Streaming discord_desktop_core@1 to /home/teenarp2026/.config/discord/0.0.27/modules/pending/discord_desktop_core-1.zip: 100%
2023-06-25T14:44:26.384Z [Modules] Fetching discord_erlpack@1 from https://discord.com/api/modules/stable/discord_erlpack/1
2023-06-25T14:44:26.384Z [Modules] Streaming discord_erlpack@1 to /home/teenarp2026/.config/discord/0.0.27/modules/pending/discord_erlpack-1.zip
2023-06-25T14:44:27.115Z [Modules] Streaming discord_erlpack@1 to /home/teenarp2026/.config/discord/0.0.27/modules/pending/discord_erlpack-1.zip: 1%
2023-06-25T14:44:27.122Z [Modules] Streaming discord_erlpack@1 to /home/teenarp2026/.config/discord/0.0.27/modules/pending/discord_erlpack-1.zip: 3%
2023-06-25T14:44:27.137Z [Modules] Streaming discord_erlpack@1 to /home/teenarp2026/.config/discord/0.0.27/modules/pending/discord_erlpack-1.zip: 5%
2023-06-25T14:44:27.139Z [Modules] Streaming discord_erlpack@1 to /home/teenarp2026/.config/discord/0.0.27/modules/pending/discord_erlpack-1.zip: 6%
2023-06-25T14:44:27.147Z [Modules] Streaming discord_erlpack@1 to /home/teenarp2026/.config/discord/0.0.27/modules/pending/discord_erlpack-1.zip: 8%
2023-06-25T14:44:27.155Z [Modules] Streaming discord_erlpack@1 to /home/teenarp2026/.config/discord/0.0.27/modules/pending/discord_erlpack-1.zip: 10%
2023-06-25T14:44:27.484Z [Modules] Streaming discord_erlpack@1 to /home/teenarp2026/.config/discord/0.0.27/modules/pending/discord_erlpack-1.zip: 12%
2023-06-25T14:44:27.484Z [Modules] Streaming discord_erlpack@1 to /home/teenarp2026/.config/discord/0.0.27/modules/pending/discord_erlpack-1.zip: 16%
2023-06-25T14:44:27.485Z [Modules] Streaming discord_erlpack@1 to /home/teenarp2026/.config/discord/0.0.27/modules/pending/discord_erlpack-1.zip: 21%
2023-06-25T14:44:27.485Z [Modules] Streaming discord_erlpack@1 to /home/teenarp2026/.config/discord/0.0.27/modules/pending/discord_erlpack-1.zip: 22%
2023-06-25T14:44:27.490Z [Modules] Streaming discord_erlpack@1 to /home/teenarp2026/.config/discord/0.0.27/modules/pending/discord_erlpack-1.zip: 24%
2023-06-25T14:44:27.492Z [Modules] Streaming discord_erlpack@1 to /home/teenarp2026/.config/discord/0.0.27/modules/pending/discord_erlpack-1.zip: 25%
2023-06-25T14:44:29.441Z [Modules] Streaming discord_erlpack@1 to /home/teenarp2026/.config/discord/0.0.27/modules/pending/discord_erlpack-1.zip: 28%
2023-06-25T14:44:29.442Z [Modules] Streaming discord_erlpack@1 to /home/teenarp2026/.config/discord/0.0.27/modules/pending/discord_erlpack-1.zip: 30%
2023-06-25T14:44:29.443Z [Modules] Streaming discord_erlpack@1 to /home/teenarp2026/.config/discord/0.0.27/modules/pending/discord_erlpack-1.zip: 34%
2023-06-25T14:44:29.443Z [Modules] Streaming discord_erlpack@1 to /home/teenarp2026/.config/discord/0.0.27/modules/pending/discord_erlpack-1.zip: 36%
2023-06-25T14:44:29.472Z [Modules] Streaming discord_erlpack@1 to /home/teenarp2026/.config/discord/0.0.27/modules/pending/discord_erlpack-1.zip: 37%
2023-06-25T14:44:29.894Z [Modules] Streaming discord_erlpack@1 to /home/teenarp2026/.config/discord/0.0.27/modules/pending/discord_erlpack-1.zip: 41%
2023-06-25T14:44:29.895Z [Modules] Streaming discord_erlpack@1 to /home/teenarp2026/.config/discord/0.0.27/modules/pending/discord_erlpack-1.zip: 42%
2023-06-25T14:44:29.896Z [Modules] Streaming discord_erlpack@1 to /home/teenarp2026/.config/discord/0.0.27/modules/pending/discord_erlpack-1.zip: 46%
2023-06-25T14:44:29.896Z [Modules] Streaming discord_erlpack@1 to /home/teenarp2026/.config/discord/0.0.27/modules/pending/discord_erlpack-1.zip: 53%
2023-06-25T14:44:29.897Z [Modules] Streaming discord_erlpack@1 to /home/teenarp2026/.config/discord/0.0.27/modules/pending/discord_erlpack-1.zip: 61%
2023-06-25T14:44:29.897Z [Modules] Streaming discord_erlpack@1 to /home/teenarp2026/.config/discord/0.0.27/modules/pending/discord_erlpack-1.zip: 69%
2023-06-25T14:44:29.898Z [Modules] Streaming discord_erlpack@1 to /home/teenarp2026/.config/discord/0.0.27/modules/pending/discord_erlpack-1.zip: 77%
2023-06-25T14:44:29.898Z [Modules] Streaming discord_erlpack@1 to /home/teenarp2026/.config/discord/0.0.27/modules/pending/discord_erlpack-1.zip: 84%
2023-06-25T14:44:29.899Z [Modules] Streaming discord_erlpack@1 to /home/teenarp2026/.config/discord/0.0.27/modules/pending/discord_erlpack-1.zip: 91%
2023-06-25T14:44:29.993Z [Modules] Streaming discord_erlpack@1 to /home/teenarp2026/.config/discord/0.0.27/modules/pending/discord_erlpack-1.zip: 95%
2023-06-25T14:44:29.994Z [Modules] Streaming discord_erlpack@1 to /home/teenarp2026/.config/discord/0.0.27/modules/pending/discord_erlpack-1.zip: 100%
2023-06-25T14:44:29.995Z [Modules] Fetching discord_spellcheck@1 from https://discord.com/api/modules/stable/discord_spellcheck/1
2023-06-25T14:44:29.995Z [Modules] Streaming discord_spellcheck@1 to /home/teenarp2026/.config/discord/0.0.27/modules/pending/discord_spellcheck-1.zip
2023-06-25T14:44:30.725Z [Modules] Streaming discord_spellcheck@1 to /home/teenarp2026/.config/discord/0.0.27/modules/pending/discord_spellcheck-1.zip: 1%
2023-06-25T14:44:30.743Z [Modules] Streaming discord_spellcheck@1 to /home/teenarp2026/.config/discord/0.0.27/modules/pending/discord_spellcheck-1.zip: 2%
2023-06-25T14:44:31.023Z [Modules] Streaming discord_spellcheck@1 to /home/teenarp2026/.config/discord/0.0.27/modules/pending/discord_spellcheck-1.zip: 3%
2023-06-25T14:44:31.062Z [Modules] Streaming discord_spellcheck@1 to /home/teenarp2026/.config/discord/0.0.27/modules/pending/discord_spellcheck-1.zip: 4%
2023-06-25T14:44:31.062Z [Modules] Streaming discord_spellcheck@1 to /home/teenarp2026/.config/discord/0.0.27/modules/pending/discord_spellcheck-1.zip: 5%
2023-06-25T14:44:31.063Z [Modules] Streaming discord_spellcheck@1 to /home/teenarp2026/.config/discord/0.0.27/modules/pending/discord_spellcheck-1.zip: 6%
2023-06-25T14:44:31.064Z [Modules] Streaming discord_spellcheck@1 to /home/teenarp2026/.config/discord/0.0.27/modules/pending/discord_spellcheck-1.zip: 7%
2023-06-25T14:44:31.065Z [Modules] Streaming discord_spellcheck@1 to /home/teenarp2026/.config/discord/0.0.27/modules/pending/discord_spellcheck-1.zip: 8%
2023-06-25T14:44:31.066Z [Modules] Streaming discord_spellcheck@1 to /home/teenarp2026/.config/discord/0.0.27/modules/pending/discord_spellcheck-1.zip: 10%
2023-06-25T14:44:31.067Z [Modules] Streaming discord_spellcheck@1 to /home/teenarp2026/.config/discord/0.0.27/modules/pending/discord_spellcheck-1.zip: 11%
2023-06-25T14:44:31.112Z [Modules] Streaming discord_spellcheck@1 to /home/teenarp2026/.config/discord/0.0.27/modules/pending/discord_spellcheck-1.zip: 12%
2023-06-25T14:44:31.159Z [Modules] Streaming discord_spellcheck@1 to /home/teenarp2026/.config/discord/0.0.27/modules/pending/discord_spellcheck-1.zip: 13%
2023-06-25T14:44:31.247Z [Modules] Streaming discord_spellcheck@1 to /home/teenarp2026/.config/discord/0.0.27/modules/pending/discord_spellcheck-1.zip: 14%
2023-06-25T14:44:31.338Z [Modules] Streaming discord_spellcheck@1 to /home/teenarp2026/.config/discord/0.0.27/modules/pending/discord_spellcheck-1.zip: 15%
2023-06-25T14:44:31.347Z [Modules] Streaming discord_spellcheck@1 to /home/teenarp2026/.config/discord/0.0.27/modules/pending/discord_spellcheck-1.zip: 16%
2023-06-25T14:44:31.361Z [Modules] Streaming discord_spellcheck@1 to /home/teenarp2026/.config/discord/0.0.27/modules/pending/discord_spellcheck-1.zip: 17%
2023-06-25T14:44:32.984Z [Modules] Streaming discord_spellcheck@1 to /home/teenarp2026/.config/discord/0.0.27/modules/pending/discord_spellcheck-1.zip: 18%
2023-06-25T14:44:32.986Z [Modules] Streaming discord_spellcheck@1 to /home/teenarp2026/.config/discord/0.0.27/modules/pending/discord_spellcheck-1.zip: 19%
2023-06-25T14:44:32.986Z [Modules] Streaming discord_spellcheck@1 to /home/teenarp2026/.config/discord/0.0.27/modules/pending/discord_spellcheck-1.zip: 20%
2023-06-25T14:44:32.987Z [Modules] Streaming discord_spellcheck@1 to /home/teenarp2026/.config/discord/0.0.27/modules/pending/discord_spellcheck-1.zip: 22%
2023-06-25T14:44:33.582Z [Modules] Streaming discord_spellcheck@1 to /home/teenarp2026/.config/discord/0.0.27/modules/pending/discord_spellcheck-1.zip: 23%
2023-06-25T14:44:33.582Z [Modules] Streaming discord_spellcheck@1 to /home/teenarp2026/.config/discord/0.0.27/modules/pending/discord_spellcheck-1.zip: 24%
2023-06-25T14:44:33.583Z [Modules] Streaming discord_spellcheck@1 to /home/teenarp2026/.config/discord/0.0.27/modules/pending/discord_spellcheck-1.zip: 25%
2023-06-25T14:44:33.583Z [Modules] Streaming discord_spellcheck@1 to /home/teenarp2026/.config/discord/0.0.27/modules/pending/discord_spellcheck-1.zip: 26%
2023-06-25T14:44:33.672Z [Modules] Streaming discord_spellcheck@1 to /home/teenarp2026/.config/discord/0.0.27/modules/pending/discord_spellcheck-1.zip: 27%
2023-06-25T14:44:33.672Z [Modules] Streaming discord_spellcheck@1 to /home/teenarp2026/.config/discord/0.0.27/modules/pending/discord_spellcheck-1.zip: 28%
2023-06-25T14:44:33.672Z [Modules] Streaming discord_spellcheck@1 to /home/teenarp2026/.config/discord/0.0.27/modules/pending/discord_spellcheck-1.zip: 29%
2023-06-25T14:44:33.673Z [Modules] Streaming discord_spellcheck@1 to /home/teenarp2026/.config/discord/0.0.27/modules/pending/discord_spellcheck-1.zip: 30%
2023-06-25T14:44:33.673Z [Modules] Streaming discord_spellcheck@1 to /home/teenarp2026/.config/discord/0.0.27/modules/pending/discord_spellcheck-1.zip: 31%
2023-06-25T14:44:33.674Z [Modules] Streaming discord_spellcheck@1 to /home/teenarp2026/.config/discord/0.0.27/modules/pending/discord_spellcheck-1.zip: 32%
2023-06-25T14:44:33.674Z [Modules] Streaming discord_spellcheck@1 to /home/teenarp2026/.config/discord/0.0.27/modules/pending/discord_spellcheck-1.zip: 33%
2023-06-25T14:44:33.677Z [Modules] Streaming discord_spellcheck@1 to /home/teenarp2026/.config/discord/0.0.27/modules/pending/discord_spellcheck-1.zip: 34%
2023-06-25T14:44:33.678Z [Modules] Streaming discord_spellcheck@1 to /home/teenarp2026/.config/discord/0.0.27/modules/pending/discord_spellcheck-1.zip: 37%
2023-06-25T14:44:33.679Z [Modules] Streaming discord_spellcheck@1 to /home/teenarp2026/.config/discord/0.0.27/modules/pending/discord_spellcheck-1.zip: 39%
2023-06-25T14:44:33.679Z [Modules] Streaming discord_spellcheck@1 to /home/teenarp2026/.config/discord/0.0.27/modules/pending/discord_spellcheck-1.zip: 41%
2023-06-25T14:44:33.696Z [Modules] Streaming discord_spellcheck@1 to /home/teenarp2026/.config/discord/0.0.27/modules/pending/discord_spellcheck-1.zip: 42%
2023-06-25T14:44:33.977Z [Modules] Streaming discord_spellcheck@1 to /home/teenarp2026/.config/discord/0.0.27/modules/pending/discord_spellcheck-1.zip: 43%
2023-06-25T14:44:33.978Z [Modules] Streaming discord_spellcheck@1 to /home/teenarp2026/.config/discord/0.0.27/modules/pending/discord_spellcheck-1.zip: 44%
2023-06-25T14:44:33.994Z [Modules] Streaming discord_spellcheck@1 to /home/teenarp2026/.config/discord/0.0.27/modules/pending/discord_spellcheck-1.zip: 45%
2023-06-25T14:44:34.038Z [Modules] Streaming discord_spellcheck@1 to /home/teenarp2026/.config/discord/0.0.27/modules/pending/discord_spellcheck-1.zip: 46%
2023-06-25T14:44:34.124Z [Modules] Streaming discord_spellcheck@1 to /home/teenarp2026/.config/discord/0.0.27/modules/pending/discord_spellcheck-1.zip: 47%
2023-06-25T14:44:34.520Z [Modules] Streaming discord_spellcheck@1 to /home/teenarp2026/.config/discord/0.0.27/modules/pending/discord_spellcheck-1.zip: 48%
2023-06-25T14:44:34.521Z [Modules] Streaming discord_spellcheck@1 to /home/teenarp2026/.config/discord/0.0.27/modules/pending/discord_spellcheck-1.zip: 49%
2023-06-25T14:44:34.535Z [Modules] Streaming discord_spellcheck@1 to /home/teenarp2026/.config/discord/0.0.27/modules/pending/discord_spellcheck-1.zip: 50%
2023-06-25T14:44:34.611Z [Modules] Streaming discord_spellcheck@1 to /home/teenarp2026/.config/discord/0.0.27/modules/pending/discord_spellcheck-1.zip: 51%
2023-06-25T14:44:34.616Z [Modules] Streaming discord_spellcheck@1 to /home/teenarp2026/.config/discord/0.0.27/modules/pending/discord_spellcheck-1.zip: 52%
2023-06-25T14:44:34.628Z [Modules] Streaming discord_spellcheck@1 to /home/teenarp2026/.config/discord/0.0.27/modules/pending/discord_spellcheck-1.zip: 53%
2023-06-25T14:44:34.722Z [Modules] Streaming discord_spellcheck@1 to /home/teenarp2026/.config/discord/0.0.27/modules/pending/discord_spellcheck-1.zip: 54%
2023-06-25T14:44:34.869Z [Modules] Streaming discord_spellcheck@1 to /home/teenarp2026/.config/discord/0.0.27/modules/pending/discord_spellcheck-1.zip: 55%
2023-06-25T14:44:34.940Z [Modules] Streaming discord_spellcheck@1 to /home/teenarp2026/.config/discord/0.0.27/modules/pending/discord_spellcheck-1.zip: 56%
2023-06-25T14:44:34.941Z [Modules] Streaming discord_spellcheck@1 to /home/teenarp2026/.config/discord/0.0.27/modules/pending/discord_spellcheck-1.zip: 57%
2023-06-25T14:44:34.942Z [Modules] Streaming discord_spellcheck@1 to /home/teenarp2026/.config/discord/0.0.27/modules/pending/discord_spellcheck-1.zip: 58%
2023-06-25T14:44:34.943Z [Modules] Streaming discord_spellcheck@1 to /home/teenarp2026/.config/discord/0.0.27/modules/pending/discord_spellcheck-1.zip: 60%
2023-06-25T14:44:34.944Z [Modules] Streaming discord_spellcheck@1 to /home/teenarp2026/.config/discord/0.0.27/modules/pending/discord_spellcheck-1.zip: 61%
2023-06-25T14:44:35.243Z [Modules] Streaming discord_spellcheck@1 to /home/teenarp2026/.config/discord/0.0.27/modules/pending/discord_spellcheck-1.zip: 62%
2023-06-25T14:44:35.250Z [Modules] Streaming discord_spellcheck@1 to /home/teenarp2026/.config/discord/0.0.27/modules/pending/discord_spellcheck-1.zip: 63%
2023-06-25T14:44:35.329Z [Modules] Streaming discord_spellcheck@1 to /home/teenarp2026/.config/discord/0.0.27/modules/pending/discord_spellcheck-1.zip: 64%
2023-06-25T14:44:35.341Z [Modules] Streaming discord_spellcheck@1 to /home/teenarp2026/.config/discord/0.0.27/modules/pending/discord_spellcheck-1.zip: 65%
2023-06-25T14:44:35.428Z [Modules] Streaming discord_spellcheck@1 to /home/teenarp2026/.config/discord/0.0.27/modules/pending/discord_spellcheck-1.zip: 66%
2023-06-25T14:44:35.474Z [Modules] Streaming discord_spellcheck@1 to /home/teenarp2026/.config/discord/0.0.27/modules/pending/discord_spellcheck-1.zip: 67%
2023-06-25T14:44:35.475Z [Modules] Streaming discord_spellcheck@1 to /home/teenarp2026/.config/discord/0.0.27/modules/pending/discord_spellcheck-1.zip: 68%
2023-06-25T14:44:35.476Z [Modules] Streaming discord_spellcheck@1 to /home/teenarp2026/.config/discord/0.0.27/modules/pending/discord_spellcheck-1.zip: 69%
2023-06-25T14:44:35.476Z [Modules] Streaming discord_spellcheck@1 to /home/teenarp2026/.config/discord/0.0.27/modules/pending/discord_spellcheck-1.zip: 70%
2023-06-25T14:44:35.477Z [Modules] Streaming discord_spellcheck@1 to /home/teenarp2026/.config/discord/0.0.27/modules/pending/discord_spellcheck-1.zip: 71%
2023-06-25T14:44:35.566Z [Modules] Streaming discord_spellcheck@1 to /home/teenarp2026/.config/discord/0.0.27/modules/pending/discord_spellcheck-1.zip: 72%
2023-06-25T14:44:35.663Z [Modules] Streaming discord_spellcheck@1 to /home/teenarp2026/.config/discord/0.0.27/modules/pending/discord_spellcheck-1.zip: 73%
2023-06-25T14:44:35.939Z [Modules] Streaming discord_spellcheck@1 to /home/teenarp2026/.config/discord/0.0.27/modules/pending/discord_spellcheck-1.zip: 74%
2023-06-25T14:44:35.941Z [Modules] Streaming discord_spellcheck@1 to /home/teenarp2026/.config/discord/0.0.27/modules/pending/discord_spellcheck-1.zip: 75%
2023-06-25T14:44:35.951Z [Modules] Streaming discord_spellcheck@1 to /home/teenarp2026/.config/discord/0.0.27/modules/pending/discord_spellcheck-1.zip: 76%
2023-06-25T14:44:36.050Z [Modules] Streaming discord_spellcheck@1 to /home/teenarp2026/.config/discord/0.0.27/modules/pending/discord_spellcheck-1.zip: 77%
2023-06-25T14:44:36.583Z [Modules] Streaming discord_spellcheck@1 to /home/teenarp2026/.config/discord/0.0.27/modules/pending/discord_spellcheck-1.zip: 78%
2023-06-25T14:44:36.587Z [Modules] Streaming discord_spellcheck@1 to /home/teenarp2026/.config/discord/0.0.27/modules/pending/discord_spellcheck-1.zip: 79%
2023-06-25T14:44:36.588Z [Modules] Streaming discord_spellcheck@1 to /home/teenarp2026/.config/discord/0.0.27/modules/pending/discord_spellcheck-1.zip: 80%
2023-06-25T14:44:36.588Z [Modules] Streaming discord_spellcheck@1 to /home/teenarp2026/.config/discord/0.0.27/modules/pending/discord_spellcheck-1.zip: 81%
2023-06-25T14:44:36.657Z [Modules] Streaming discord_spellcheck@1 to /home/teenarp2026/.config/discord/0.0.27/modules/pending/discord_spellcheck-1.zip: 82%
2023-06-25T14:44:36.665Z [Modules] Streaming discord_spellcheck@1 to /home/teenarp2026/.config/discord/0.0.27/modules/pending/discord_spellcheck-1.zip: 83%
2023-06-25T14:44:36.681Z [Modules] Streaming discord_spellcheck@1 to /home/teenarp2026/.config/discord/0.0.27/modules/pending/discord_spellcheck-1.zip: 84%
2023-06-25T14:44:36.765Z [Modules] Streaming discord_spellcheck@1 to /home/teenarp2026/.config/discord/0.0.27/modules/pending/discord_spellcheck-1.zip: 85%
2023-06-25T14:44:36.835Z [Modules] Streaming discord_spellcheck@1 to /home/teenarp2026/.config/discord/0.0.27/modules/pending/discord_spellcheck-1.zip: 86%
2023-06-25T14:44:36.869Z [Modules] Streaming discord_spellcheck@1 to /home/teenarp2026/.config/discord/0.0.27/modules/pending/discord_spellcheck-1.zip: 87%
2023-06-25T14:44:37.674Z [Modules] Streaming discord_spellcheck@1 to /home/teenarp2026/.config/discord/0.0.27/modules/pending/discord_spellcheck-1.zip: 88%
2023-06-25T14:44:37.675Z [Modules] Streaming discord_spellcheck@1 to /home/teenarp2026/.config/discord/0.0.27/modules/pending/discord_spellcheck-1.zip: 89%
2023-06-25T14:44:37.675Z [Modules] Streaming discord_spellcheck@1 to /home/teenarp2026/.config/discord/0.0.27/modules/pending/discord_spellcheck-1.zip: 90%
2023-06-25T14:44:37.676Z [Modules] Streaming discord_spellcheck@1 to /home/teenarp2026/.config/discord/0.0.27/modules/pending/discord_spellcheck-1.zip: 91%
2023-06-25T14:44:37.677Z [Modules] Streaming discord_spellcheck@1 to /home/teenarp2026/.config/discord/0.0.27/modules/pending/discord_spellcheck-1.zip: 93%
2023-06-25T14:44:37.678Z [Modules] Streaming discord_spellcheck@1 to /home/teenarp2026/.config/discord/0.0.27/modules/pending/discord_spellcheck-1.zip: 94%
2023-06-25T14:44:37.684Z [Modules] Streaming discord_spellcheck@1 to /home/teenarp2026/.config/discord/0.0.27/modules/pending/discord_spellcheck-1.zip: 95%
2023-06-25T14:44:37.818Z [Modules] Streaming discord_spellcheck@1 to /home/teenarp2026/.config/discord/0.0.27/modules/pending/discord_spellcheck-1.zip: 96%
2023-06-25T14:44:37.819Z [Modules] Streaming discord_spellcheck@1 to /home/teenarp2026/.config/discord/0.0.27/modules/pending/discord_spellcheck-1.zip: 98%
2023-06-25T14:44:38.085Z [Modules] Streaming discord_spellcheck@1 to /home/teenarp2026/.config/discord/0.0.27/modules/pending/discord_spellcheck-1.zip: 99%
2023-06-25T14:44:38.085Z [Modules] Streaming discord_spellcheck@1 to /home/teenarp2026/.config/discord/0.0.27/modules/pending/discord_spellcheck-1.zip: 100%
2023-06-25T14:44:38.087Z [Modules] Fetching discord_utils@1 from https://discord.com/api/modules/stable/discord_utils/1
2023-06-25T14:44:38.087Z [Modules] Streaming discord_utils@1 to /home/teenarp2026/.config/discord/0.0.27/modules/pending/discord_utils-1.zip
2023-06-25T14:44:38.730Z [Modules] Streaming discord_utils@1 to /home/teenarp2026/.config/discord/0.0.27/modules/pending/discord_utils-1.zip: 1%
2023-06-25T14:44:38.740Z [Modules] Streaming discord_utils@1 to /home/teenarp2026/.config/discord/0.0.27/modules/pending/discord_utils-1.zip: 2%
2023-06-25T14:44:38.754Z [Modules] Streaming discord_utils@1 to /home/teenarp2026/.config/discord/0.0.27/modules/pending/discord_utils-1.zip: 3%
2023-06-25T14:44:38.768Z [Modules] Streaming discord_utils@1 to /home/teenarp2026/.config/discord/0.0.27/modules/pending/discord_utils-1.zip: 4%
2023-06-25T14:44:38.816Z [Modules] Streaming discord_utils@1 to /home/teenarp2026/.config/discord/0.0.27/modules/pending/discord_utils-1.zip: 5%
2023-06-25T14:44:38.817Z [Modules] Streaming discord_utils@1 to /home/teenarp2026/.config/discord/0.0.27/modules/pending/discord_utils-1.zip: 6%
2023-06-25T14:44:38.821Z [Modules] Streaming discord_utils@1 to /home/teenarp2026/.config/discord/0.0.27/modules/pending/discord_utils-1.zip: 7%
2023-06-25T14:44:38.823Z [Modules] Streaming discord_utils@1 to /home/teenarp2026/.config/discord/0.0.27/modules/pending/discord_utils-1.zip: 8%
2023-06-25T14:44:38.831Z [Modules] Streaming discord_utils@1 to /home/teenarp2026/.config/discord/0.0.27/modules/pending/discord_utils-1.zip: 9%
2023-06-25T14:44:38.844Z [Modules] Streaming discord_utils@1 to /home/teenarp2026/.config/discord/0.0.27/modules/pending/discord_utils-1.zip: 10%
2023-06-25T14:44:38.857Z [Modules] Streaming discord_utils@1 to /home/teenarp2026/.config/discord/0.0.27/modules/pending/discord_utils-1.zip: 11%
2023-06-25T14:44:38.921Z [Modules] Streaming discord_utils@1 to /home/teenarp2026/.config/discord/0.0.27/modules/pending/discord_utils-1.zip: 13%
2023-06-25T14:44:38.925Z [Modules] Streaming discord_utils@1 to /home/teenarp2026/.config/discord/0.0.27/modules/pending/discord_utils-1.zip: 14%
2023-06-25T14:44:38.928Z [Modules] Streaming discord_utils@1 to /home/teenarp2026/.config/discord/0.0.27/modules/pending/discord_utils-1.zip: 15%
2023-06-25T14:44:38.931Z [Modules] Streaming discord_utils@1 to /home/teenarp2026/.config/discord/0.0.27/modules/pending/discord_utils-1.zip: 16%
2023-06-25T14:44:38.937Z [Modules] Streaming discord_utils@1 to /home/teenarp2026/.config/discord/0.0.27/modules/pending/discord_utils-1.zip: 17%
2023-06-25T14:44:38.947Z [Modules] Streaming discord_utils@1 to /home/teenarp2026/.config/discord/0.0.27/modules/pending/discord_utils-1.zip: 18%
2023-06-25T14:44:39.022Z [Modules] Streaming discord_utils@1 to /home/teenarp2026/.config/discord/0.0.27/modules/pending/discord_utils-1.zip: 19%
2023-06-25T14:44:39.028Z [Modules] Streaming discord_utils@1 to /home/teenarp2026/.config/discord/0.0.27/modules/pending/discord_utils-1.zip: 20%
2023-06-25T14:44:39.030Z [Modules] Streaming discord_utils@1 to /home/teenarp2026/.config/discord/0.0.27/modules/pending/discord_utils-1.zip: 21%
2023-06-25T14:44:39.036Z [Modules] Streaming discord_utils@1 to /home/teenarp2026/.config/discord/0.0.27/modules/pending/discord_utils-1.zip: 22%
2023-06-25T14:44:39.038Z [Modules] Streaming discord_utils@1 to /home/teenarp2026/.config/discord/0.0.27/modules/pending/discord_utils-1.zip: 23%
2023-06-25T14:44:39.077Z [Modules] Streaming discord_utils@1 to /home/teenarp2026/.config/discord/0.0.27/modules/pending/discord_utils-1.zip: 24%
2023-06-25T14:44:39.086Z [Modules] Streaming discord_utils@1 to /home/teenarp2026/.config/discord/0.0.27/modules/pending/discord_utils-1.zip: 25%
2023-06-25T14:44:39.126Z [Modules] Streaming discord_utils@1 to /home/teenarp2026/.config/discord/0.0.27/modules/pending/discord_utils-1.zip: 26%
2023-06-25T14:44:39.169Z [Modules] Streaming discord_utils@1 to /home/teenarp2026/.config/discord/0.0.27/modules/pending/discord_utils-1.zip: 27%
2023-06-25T14:44:39.172Z [Modules] Streaming discord_utils@1 to /home/teenarp2026/.config/discord/0.0.27/modules/pending/discord_utils-1.zip: 28%
2023-06-25T14:44:39.258Z [Modules] Streaming discord_utils@1 to /home/teenarp2026/.config/discord/0.0.27/modules/pending/discord_utils-1.zip: 29%
2023-06-25T14:44:39.262Z [Modules] Streaming discord_utils@1 to /home/teenarp2026/.config/discord/0.0.27/modules/pending/discord_utils-1.zip: 30%
2023-06-25T14:44:39.268Z [Modules] Streaming discord_utils@1 to /home/teenarp2026/.config/discord/0.0.27/modules/pending/discord_utils-1.zip: 31%
2023-06-25T14:44:39.277Z [Modules] Streaming discord_utils@1 to /home/teenarp2026/.config/discord/0.0.27/modules/pending/discord_utils-1.zip: 32%
2023-06-25T14:44:39.356Z [Modules] Streaming discord_utils@1 to /home/teenarp2026/.config/discord/0.0.27/modules/pending/discord_utils-1.zip: 33%
2023-06-25T14:44:39.577Z [Modules] Streaming discord_utils@1 to /home/teenarp2026/.config/discord/0.0.27/modules/pending/discord_utils-1.zip: 34%
2023-06-25T14:44:39.580Z [Modules] Streaming discord_utils@1 to /home/teenarp2026/.config/discord/0.0.27/modules/pending/discord_utils-1.zip: 35%
2023-06-25T14:44:39.623Z [Modules] Streaming discord_utils@1 to /home/teenarp2026/.config/discord/0.0.27/modules/pending/discord_utils-1.zip: 36%
2023-06-25T14:44:39.627Z [Modules] Streaming discord_utils@1 to /home/teenarp2026/.config/discord/0.0.27/modules/pending/discord_utils-1.zip: 38%
2023-06-25T14:44:39.627Z [Modules] Streaming discord_utils@1 to /home/teenarp2026/.config/discord/0.0.27/modules/pending/discord_utils-1.zip: 39%
2023-06-25T14:44:39.637Z [Modules] Streaming discord_utils@1 to /home/teenarp2026/.config/discord/0.0.27/modules/pending/discord_utils-1.zip: 40%
2023-06-25T14:44:39.640Z [Modules] Streaming discord_utils@1 to /home/teenarp2026/.config/discord/0.0.27/modules/pending/discord_utils-1.zip: 42%
2023-06-25T14:44:39.644Z [Modules] Streaming discord_utils@1 to /home/teenarp2026/.config/discord/0.0.27/modules/pending/discord_utils-1.zip: 43%
2023-06-25T14:44:39.649Z [Modules] Streaming discord_utils@1 to /home/teenarp2026/.config/discord/0.0.27/modules/pending/discord_utils-1.zip: 44%
2023-06-25T14:44:39.659Z [Modules] Streaming discord_utils@1 to /home/teenarp2026/.config/discord/0.0.27/modules/pending/discord_utils-1.zip: 46%
2023-06-25T14:44:39.660Z [Modules] Streaming discord_utils@1 to /home/teenarp2026/.config/discord/0.0.27/modules/pending/discord_utils-1.zip: 49%
2023-06-25T14:44:39.701Z [Modules] Streaming discord_utils@1 to /home/teenarp2026/.config/discord/0.0.27/modules/pending/discord_utils-1.zip: 50%
2023-06-25T14:44:39.740Z [Modules] Streaming discord_utils@1 to /home/teenarp2026/.config/discord/0.0.27/modules/pending/discord_utils-1.zip: 52%
2023-06-25T14:44:39.740Z [Modules] Streaming discord_utils@1 to /home/teenarp2026/.config/discord/0.0.27/modules/pending/discord_utils-1.zip: 55%
2023-06-25T14:44:39.741Z [Modules] Streaming discord_utils@1 to /home/teenarp2026/.config/discord/0.0.27/modules/pending/discord_utils-1.zip: 59%
2023-06-25T14:44:39.742Z [Modules] Streaming discord_utils@1 to /home/teenarp2026/.config/discord/0.0.27/modules/pending/discord_utils-1.zip: 64%
2023-06-25T14:44:39.745Z [Modules] Streaming discord_utils@1 to /home/teenarp2026/.config/discord/0.0.27/modules/pending/discord_utils-1.zip: 65%
2023-06-25T14:44:39.748Z [Modules] Streaming discord_utils@1 to /home/teenarp2026/.config/discord/0.0.27/modules/pending/discord_utils-1.zip: 66%
2023-06-25T14:44:39.756Z [Modules] Streaming discord_utils@1 to /home/teenarp2026/.config/discord/0.0.27/modules/pending/discord_utils-1.zip: 68%
2023-06-25T14:44:39.757Z [Modules] Streaming discord_utils@1 to /home/teenarp2026/.config/discord/0.0.27/modules/pending/discord_utils-1.zip: 69%
2023-06-25T14:44:39.804Z [Modules] Streaming discord_utils@1 to /home/teenarp2026/.config/discord/0.0.27/modules/pending/discord_utils-1.zip: 70%
2023-06-25T14:44:39.920Z [Modules] Streaming discord_utils@1 to /home/teenarp2026/.config/discord/0.0.27/modules/pending/discord_utils-1.zip: 71%
2023-06-25T14:44:40.466Z [Modules] Streaming discord_utils@1 to /home/teenarp2026/.config/discord/0.0.27/modules/pending/discord_utils-1.zip: 72%
2023-06-25T14:44:40.510Z [Modules] Streaming discord_utils@1 to /home/teenarp2026/.config/discord/0.0.27/modules/pending/discord_utils-1.zip: 74%
2023-06-25T14:44:40.522Z [Modules] Streaming discord_utils@1 to /home/teenarp2026/.config/discord/0.0.27/modules/pending/discord_utils-1.zip: 76%
2023-06-25T14:44:40.564Z [Modules] Streaming discord_utils@1 to /home/teenarp2026/.config/discord/0.0.27/modules/pending/discord_utils-1.zip: 77%
2023-06-25T14:44:40.890Z [Modules] Streaming discord_utils@1 to /home/teenarp2026/.config/discord/0.0.27/modules/pending/discord_utils-1.zip: 78%
2023-06-25T14:44:40.897Z [Modules] Streaming discord_utils@1 to /home/teenarp2026/.config/discord/0.0.27/modules/pending/discord_utils-1.zip: 79%
2023-06-25T14:44:40.899Z [Modules] Streaming discord_utils@1 to /home/teenarp2026/.config/discord/0.0.27/modules/pending/discord_utils-1.zip: 81%
2023-06-25T14:44:40.910Z [Modules] Streaming discord_utils@1 to /home/teenarp2026/.config/discord/0.0.27/modules/pending/discord_utils-1.zip: 82%
2023-06-25T14:44:40.922Z [Modules] Streaming discord_utils@1 to /home/teenarp2026/.config/discord/0.0.27/modules/pending/discord_utils-1.zip: 83%
2023-06-25T14:44:40.976Z [Modules] Streaming discord_utils@1 to /home/teenarp2026/.config/discord/0.0.27/modules/pending/discord_utils-1.zip: 85%
2023-06-25T14:44:40.977Z [Modules] Streaming discord_utils@1 to /home/teenarp2026/.config/discord/0.0.27/modules/pending/discord_utils-1.zip: 88%
2023-06-25T14:44:40.977Z [Modules] Streaming discord_utils@1 to /home/teenarp2026/.config/discord/0.0.27/modules/pending/discord_utils-1.zip: 89%
2023-06-25T14:44:40.983Z [Modules] Streaming discord_utils@1 to /home/teenarp2026/.config/discord/0.0.27/modules/pending/discord_utils-1.zip: 91%
2023-06-25T14:44:40.986Z [Modules] Streaming discord_utils@1 to /home/teenarp2026/.config/discord/0.0.27/modules/pending/discord_utils-1.zip: 92%
2023-06-25T14:44:40.988Z [Modules] Streaming discord_utils@1 to /home/teenarp2026/.config/discord/0.0.27/modules/pending/discord_utils-1.zip: 94%
2023-06-25T14:44:40.989Z [Modules] Streaming discord_utils@1 to /home/teenarp2026/.config/discord/0.0.27/modules/pending/discord_utils-1.zip: 97%
2023-06-25T14:44:40.989Z [Modules] Streaming discord_utils@1 to /home/teenarp2026/.config/discord/0.0.27/modules/pending/discord_utils-1.zip: 100%
2023-06-25T14:44:40.990Z [Modules] Fetching discord_voice@1 from https://discord.com/api/modules/stable/discord_voice/1
2023-06-25T14:44:40.990Z [Modules] Streaming discord_voice@1 to /home/teenarp2026/.config/discord/0.0.27/modules/pending/discord_voice-1.zip
2023-06-25T14:44:41.703Z [Modules] Streaming discord_voice@1 to /home/teenarp2026/.config/discord/0.0.27/modules/pending/discord_voice-1.zip: 1%
2023-06-25T14:44:41.809Z [Modules] Streaming discord_voice@1 to /home/teenarp2026/.config/discord/0.0.27/modules/pending/discord_voice-1.zip: 2%
2023-06-25T14:44:41.912Z [Modules] Streaming discord_voice@1 to /home/teenarp2026/.config/discord/0.0.27/modules/pending/discord_voice-1.zip: 3%
2023-06-25T14:44:42.047Z [Modules] Streaming discord_voice@1 to /home/teenarp2026/.config/discord/0.0.27/modules/pending/discord_voice-1.zip: 4%
2023-06-25T14:44:42.149Z [Modules] Streaming discord_voice@1 to /home/teenarp2026/.config/discord/0.0.27/modules/pending/discord_voice-1.zip: 5%
2023-06-25T14:44:42.427Z [Modules] Streaming discord_voice@1 to /home/teenarp2026/.config/discord/0.0.27/modules/pending/discord_voice-1.zip: 6%
2023-06-25T14:44:42.428Z [Modules] Streaming discord_voice@1 to /home/teenarp2026/.config/discord/0.0.27/modules/pending/discord_voice-1.zip: 7%
2023-06-25T14:44:42.429Z [Modules] Streaming discord_voice@1 to /home/teenarp2026/.config/discord/0.0.27/modules/pending/discord_voice-1.zip: 8%
2023-06-25T14:44:42.446Z [Modules] Streaming discord_voice@1 to /home/teenarp2026/.config/discord/0.0.27/modules/pending/discord_voice-1.zip: 9%
2023-06-25T14:44:42.542Z [Modules] Streaming discord_voice@1 to /home/teenarp2026/.config/discord/0.0.27/modules/pending/discord_voice-1.zip: 10%
2023-06-25T14:44:42.723Z [Modules] Streaming discord_voice@1 to /home/teenarp2026/.config/discord/0.0.27/modules/pending/discord_voice-1.zip: 11%
2023-06-25T14:44:43.128Z [Modules] Streaming discord_voice@1 to /home/teenarp2026/.config/discord/0.0.27/modules/pending/discord_voice-1.zip: 12%
2023-06-25T14:44:43.161Z [Modules] Streaming discord_voice@1 to /home/teenarp2026/.config/discord/0.0.27/modules/pending/discord_voice-1.zip: 13%
2023-06-25T14:44:43.245Z [Modules] Streaming discord_voice@1 to /home/teenarp2026/.config/discord/0.0.27/modules/pending/discord_voice-1.zip: 14%
2023-06-25T14:44:43.355Z [Modules] Streaming discord_voice@1 to /home/teenarp2026/.config/discord/0.0.27/modules/pending/discord_voice-1.zip: 15%
2023-06-25T14:44:43.397Z [Modules] Streaming discord_voice@1 to /home/teenarp2026/.config/discord/0.0.27/modules/pending/discord_voice-1.zip: 16%
2023-06-25T14:44:43.447Z [Modules] Streaming discord_voice@1 to /home/teenarp2026/.config/discord/0.0.27/modules/pending/discord_voice-1.zip: 17%
2023-06-25T14:44:43.862Z [Modules] Streaming discord_voice@1 to /home/teenarp2026/.config/discord/0.0.27/modules/pending/discord_voice-1.zip: 18%
2023-06-25T14:44:43.888Z [Modules] Streaming discord_voice@1 to /home/teenarp2026/.config/discord/0.0.27/modules/pending/discord_voice-1.zip: 19%
2023-06-25T14:44:43.970Z [Modules] Streaming discord_voice@1 to /home/teenarp2026/.config/discord/0.0.27/modules/pending/discord_voice-1.zip: 20%
2023-06-25T14:44:43.971Z [Modules] Streaming discord_voice@1 to /home/teenarp2026/.config/discord/0.0.27/modules/pending/discord_voice-1.zip: 21%
2023-06-25T14:44:44.118Z [Modules] Streaming discord_voice@1 to /home/teenarp2026/.config/discord/0.0.27/modules/pending/discord_voice-1.zip: 22%
2023-06-25T14:44:44.119Z [Modules] Streaming discord_voice@1 to /home/teenarp2026/.config/discord/0.0.27/modules/pending/discord_voice-1.zip: 23%
2023-06-25T14:44:44.216Z [Modules] Streaming discord_voice@1 to /home/teenarp2026/.config/discord/0.0.27/modules/pending/discord_voice-1.zip: 24%
2023-06-25T14:44:44.520Z [Modules] Streaming discord_voice@1 to /home/teenarp2026/.config/discord/0.0.27/modules/pending/discord_voice-1.zip: 25%
2023-06-25T14:44:44.603Z [Modules] Streaming discord_voice@1 to /home/teenarp2026/.config/discord/0.0.27/modules/pending/discord_voice-1.zip: 26%
2023-06-25T14:44:44.680Z [Modules] Streaming discord_voice@1 to /home/teenarp2026/.config/discord/0.0.27/modules/pending/discord_voice-1.zip: 27%
2023-06-25T14:44:44.682Z [Modules] Streaming discord_voice@1 to /home/teenarp2026/.config/discord/0.0.27/modules/pending/discord_voice-1.zip: 28%
2023-06-25T14:44:44.787Z [Modules] Streaming discord_voice@1 to /home/teenarp2026/.config/discord/0.0.27/modules/pending/discord_voice-1.zip: 29%
2023-06-25T14:44:44.794Z [Modules] Streaming discord_voice@1 to /home/teenarp2026/.config/discord/0.0.27/modules/pending/discord_voice-1.zip: 30%
2023-06-25T14:44:44.930Z [Modules] Streaming discord_voice@1 to /home/teenarp2026/.config/discord/0.0.27/modules/pending/discord_voice-1.zip: 31%
2023-06-25T14:44:45.235Z [Modules] Streaming discord_voice@1 to /home/teenarp2026/.config/discord/0.0.27/modules/pending/discord_voice-1.zip: 32%
2023-06-25T14:44:45.298Z [Modules] Streaming discord_voice@1 to /home/teenarp2026/.config/discord/0.0.27/modules/pending/discord_voice-1.zip: 33%
2023-06-25T14:44:45.298Z [Modules] Streaming discord_voice@1 to /home/teenarp2026/.config/discord/0.0.27/modules/pending/discord_voice-1.zip: 34%
2023-06-25T14:44:45.402Z [Modules] Streaming discord_voice@1 to /home/teenarp2026/.config/discord/0.0.27/modules/pending/discord_voice-1.zip: 35%
2023-06-25T14:44:45.507Z [Modules] Streaming discord_voice@1 to /home/teenarp2026/.config/discord/0.0.27/modules/pending/discord_voice-1.zip: 36%
2023-06-25T14:44:45.743Z [Modules] Streaming discord_voice@1 to /home/teenarp2026/.config/discord/0.0.27/modules/pending/discord_voice-1.zip: 37%
2023-06-25T14:44:45.769Z [Modules] Streaming discord_voice@1 to /home/teenarp2026/.config/discord/0.0.27/modules/pending/discord_voice-1.zip: 38%
2023-06-25T14:44:46.016Z [Modules] Streaming discord_voice@1 to /home/teenarp2026/.config/discord/0.0.27/modules/pending/discord_voice-1.zip: 39%
2023-06-25T14:44:46.017Z [Modules] Streaming discord_voice@1 to /home/teenarp2026/.config/discord/0.0.27/modules/pending/discord_voice-1.zip: 40%
2023-06-25T14:44:46.125Z [Modules] Streaming discord_voice@1 to /home/teenarp2026/.config/discord/0.0.27/modules/pending/discord_voice-1.zip: 41%
2023-06-25T14:44:46.231Z [Modules] Streaming discord_voice@1 to /home/teenarp2026/.config/discord/0.0.27/modules/pending/discord_voice-1.zip: 42%
2023-06-25T14:44:46.385Z [Modules] Streaming discord_voice@1 to /home/teenarp2026/.config/discord/0.0.27/modules/pending/discord_voice-1.zip: 43%
2023-06-25T14:44:46.490Z [Modules] Streaming discord_voice@1 to /home/teenarp2026/.config/discord/0.0.27/modules/pending/discord_voice-1.zip: 44%
2023-06-25T14:44:47.377Z [Modules] Streaming discord_voice@1 to /home/teenarp2026/.config/discord/0.0.27/modules/pending/discord_voice-1.zip: 45%
2023-06-25T14:44:47.476Z [Modules] Streaming discord_voice@1 to /home/teenarp2026/.config/discord/0.0.27/modules/pending/discord_voice-1.zip: 46%
2023-06-25T14:44:47.579Z [Modules] Streaming discord_voice@1 to /home/teenarp2026/.config/discord/0.0.27/modules/pending/discord_voice-1.zip: 47%
2023-06-25T14:44:47.802Z [Modules] Streaming discord_voice@1 to /home/teenarp2026/.config/discord/0.0.27/modules/pending/discord_voice-1.zip: 48%
2023-06-25T14:44:47.924Z [Modules] Streaming discord_voice@1 to /home/teenarp2026/.config/discord/0.0.27/modules/pending/discord_voice-1.zip: 49%
2023-06-25T14:44:48.177Z [Modules] Streaming discord_voice@1 to /home/teenarp2026/.config/discord/0.0.27/modules/pending/discord_voice-1.zip: 50%
2023-06-25T14:44:48.179Z [Modules] Streaming discord_voice@1 to /home/teenarp2026/.config/discord/0.0.27/modules/pending/discord_voice-1.zip: 51%
2023-06-25T14:44:48.186Z [Modules] Streaming discord_voice@1 to /home/teenarp2026/.config/discord/0.0.27/modules/pending/discord_voice-1.zip: 52%
2023-06-25T14:44:48.310Z [Modules] Streaming discord_voice@1 to /home/teenarp2026/.config/discord/0.0.27/modules/pending/discord_voice-1.zip: 53%
2023-06-25T14:44:48.492Z [Modules] Streaming discord_voice@1 to /home/teenarp2026/.config/discord/0.0.27/modules/pending/discord_voice-1.zip: 54%
2023-06-25T14:44:48.650Z [Modules] Streaming discord_voice@1 to /home/teenarp2026/.config/discord/0.0.27/modules/pending/discord_voice-1.zip: 55%
2023-06-25T14:44:48.903Z [Modules] Streaming discord_voice@1 to /home/teenarp2026/.config/discord/0.0.27/modules/pending/discord_voice-1.zip: 56%
2023-06-25T14:44:48.905Z [Modules] Streaming discord_voice@1 to /home/teenarp2026/.config/discord/0.0.27/modules/pending/discord_voice-1.zip: 57%
2023-06-25T14:44:48.906Z [Modules] Streaming discord_voice@1 to /home/teenarp2026/.config/discord/0.0.27/modules/pending/discord_voice-1.zip: 58%
2023-06-25T14:44:49.022Z [Modules] Streaming discord_voice@1 to /home/teenarp2026/.config/discord/0.0.27/modules/pending/discord_voice-1.zip: 59%
2023-06-25T14:44:49.201Z [Modules] Streaming discord_voice@1 to /home/teenarp2026/.config/discord/0.0.27/modules/pending/discord_voice-1.zip: 60%
2023-06-25T14:44:49.349Z [Modules] Streaming discord_voice@1 to /home/teenarp2026/.config/discord/0.0.27/modules/pending/discord_voice-1.zip: 61%
2023-06-25T14:44:49.543Z [Modules] Streaming discord_voice@1 to /home/teenarp2026/.config/discord/0.0.27/modules/pending/discord_voice-1.zip: 62%
2023-06-25T14:44:49.544Z [Modules] Streaming discord_voice@1 to /home/teenarp2026/.config/discord/0.0.27/modules/pending/discord_voice-1.zip: 63%
2023-06-25T14:44:49.632Z [Modules] Streaming discord_voice@1 to /home/teenarp2026/.config/discord/0.0.27/modules/pending/discord_voice-1.zip: 64%
2023-06-25T14:44:49.826Z [Modules] Streaming discord_voice@1 to /home/teenarp2026/.config/discord/0.0.27/modules/pending/discord_voice-1.zip: 65%
2023-06-25T14:44:50.428Z [Modules] Streaming discord_voice@1 to /home/teenarp2026/.config/discord/0.0.27/modules/pending/discord_voice-1.zip: 66%
2023-06-25T14:44:51.170Z [Modules] Streaming discord_voice@1 to /home/teenarp2026/.config/discord/0.0.27/modules/pending/discord_voice-1.zip: 67%
2023-06-25T14:44:51.171Z [Modules] Streaming discord_voice@1 to /home/teenarp2026/.config/discord/0.0.27/modules/pending/discord_voice-1.zip: 68%
2023-06-25T14:44:51.172Z [Modules] Streaming discord_voice@1 to /home/teenarp2026/.config/discord/0.0.27/modules/pending/discord_voice-1.zip: 69%
2023-06-25T14:44:51.172Z [Modules] Streaming discord_voice@1 to /home/teenarp2026/.config/discord/0.0.27/modules/pending/discord_voice-1.zip: 70%
2023-06-25T14:44:51.227Z [Modules] Streaming discord_voice@1 to /home/teenarp2026/.config/discord/0.0.27/modules/pending/discord_voice-1.zip: 71%
2023-06-25T14:44:51.407Z [Modules] Streaming discord_voice@1 to /home/teenarp2026/.config/discord/0.0.27/modules/pending/discord_voice-1.zip: 72%
2023-06-25T14:44:51.408Z [Modules] Streaming discord_voice@1 to /home/teenarp2026/.config/discord/0.0.27/modules/pending/discord_voice-1.zip: 73%
2023-06-25T14:44:51.811Z [Modules] Streaming discord_voice@1 to /home/teenarp2026/.config/discord/0.0.27/modules/pending/discord_voice-1.zip: 74%
2023-06-25T14:44:51.894Z [Modules] Streaming discord_voice@1 to /home/teenarp2026/.config/discord/0.0.27/modules/pending/discord_voice-1.zip: 75%
2023-06-25T14:44:52.034Z [Modules] Streaming discord_voice@1 to /home/teenarp2026/.config/discord/0.0.27/modules/pending/discord_voice-1.zip: 76%
2023-06-25T14:44:52.035Z [Modules] Streaming discord_voice@1 to /home/teenarp2026/.config/discord/0.0.27/modules/pending/discord_voice-1.zip: 77%
2023-06-25T14:44:52.134Z [Modules] Streaming discord_voice@1 to /home/teenarp2026/.config/discord/0.0.27/modules/pending/discord_voice-1.zip: 78%
2023-06-25T14:44:52.702Z [Modules] Streaming discord_voice@1 to /home/teenarp2026/.config/discord/0.0.27/modules/pending/discord_voice-1.zip: 79%
2023-06-25T14:44:52.976Z [Modules] Streaming discord_voice@1 to /home/teenarp2026/.config/discord/0.0.27/modules/pending/discord_voice-1.zip: 80%
2023-06-25T14:44:53.117Z [Modules] Streaming discord_voice@1 to /home/teenarp2026/.config/discord/0.0.27/modules/pending/discord_voice-1.zip: 81%
2023-06-25T14:44:53.222Z [Modules] Streaming discord_voice@1 to /home/teenarp2026/.config/discord/0.0.27/modules/pending/discord_voice-1.zip: 82%
2023-06-25T14:44:53.223Z [Modules] Streaming discord_voice@1 to /home/teenarp2026/.config/discord/0.0.27/modules/pending/discord_voice-1.zip: 83%
2023-06-25T14:44:53.224Z [Modules] Streaming discord_voice@1 to /home/teenarp2026/.config/discord/0.0.27/modules/pending/discord_voice-1.zip: 84%
2023-06-25T14:44:53.227Z [Modules] Streaming discord_voice@1 to /home/teenarp2026/.config/discord/0.0.27/modules/pending/discord_voice-1.zip: 85%
2023-06-25T14:44:53.228Z [Modules] Streaming discord_voice@1 to /home/teenarp2026/.config/discord/0.0.27/modules/pending/discord_voice-1.zip: 86%
2023-06-25T14:44:53.426Z [Modules] Streaming discord_voice@1 to /home/teenarp2026/.config/discord/0.0.27/modules/pending/discord_voice-1.zip: 87%
2023-06-25T14:44:53.526Z [Modules] Streaming discord_voice@1 to /home/teenarp2026/.config/discord/0.0.27/modules/pending/discord_voice-1.zip: 88%
2023-06-25T14:44:53.670Z [Modules] Streaming discord_voice@1 to /home/teenarp2026/.config/discord/0.0.27/modules/pending/discord_voice-1.zip: 89%
2023-06-25T14:44:53.941Z [Modules] Streaming discord_voice@1 to /home/teenarp2026/.config/discord/0.0.27/modules/pending/discord_voice-1.zip: 90%
2023-06-25T14:44:53.943Z [Modules] Streaming discord_voice@1 to /home/teenarp2026/.config/discord/0.0.27/modules/pending/discord_voice-1.zip: 91%
2023-06-25T14:44:53.943Z [Modules] Streaming discord_voice@1 to /home/teenarp2026/.config/discord/0.0.27/modules/pending/discord_voice-1.zip: 92%
2023-06-25T14:44:54.106Z [Modules] Streaming discord_voice@1 to /home/teenarp2026/.config/discord/0.0.27/modules/pending/discord_voice-1.zip: 93%
2023-06-25T14:44:54.377Z [Modules] Streaming discord_voice@1 to /home/teenarp2026/.config/discord/0.0.27/modules/pending/discord_voice-1.zip: 94%
2023-06-25T14:44:54.659Z [Modules] Streaming discord_voice@1 to /home/teenarp2026/.config/discord/0.0.27/modules/pending/discord_voice-1.zip: 95%
2023-06-25T14:44:54.688Z [Modules] Streaming discord_voice@1 to /home/teenarp2026/.config/discord/0.0.27/modules/pending/discord_voice-1.zip: 96%
2023-06-25T14:44:54.690Z [Modules] Streaming discord_voice@1 to /home/teenarp2026/.config/discord/0.0.27/modules/pending/discord_voice-1.zip: 97%
2023-06-25T14:44:54.762Z [Modules] Streaming discord_voice@1 to /home/teenarp2026/.config/discord/0.0.27/modules/pending/discord_voice-1.zip: 98%
2023-06-25T14:44:54.911Z [Modules] Streaming discord_voice@1 to /home/teenarp2026/.config/discord/0.0.27/modules/pending/discord_voice-1.zip: 99%
2023-06-25T14:44:55.099Z [Modules] Streaming discord_voice@1 to /home/teenarp2026/.config/discord/0.0.27/modules/pending/discord_voice-1.zip: 100%
2023-06-25T14:44:55.100Z [Modules] Finished module downloads. [success: 5] [failure: 0]
2023-06-25T14:44:55.101Z [Modules] Installing updates...
2023-06-25T14:44:55.101Z [Modules] Installing discord_desktop_core@1 from /home/teenarp2026/.config/discord/0.0.27/modules/pending/discord_desktop_core-1.zip
2023-06-25T14:44:55.168Z [Modules] Installing discord_erlpack@1 from /home/teenarp2026/.config/discord/0.0.27/modules/pending/discord_erlpack-1.zip
2023-06-25T14:44:55.238Z [Modules] Installing discord_spellcheck@1 from /home/teenarp2026/.config/discord/0.0.27/modules/pending/discord_spellcheck-1.zip
2023-06-25T14:44:55.977Z [Modules] Installing discord_utils@1 from /home/teenarp2026/.config/discord/0.0.27/modules/pending/discord_utils-1.zip
2023-06-25T14:44:56.411Z [Modules] Installing discord_voice@1 from /home/teenarp2026/.config/discord/0.0.27/modules/pending/discord_voice-1.zip
2023-06-25T14:44:57.173Z [Modules] Finished module installations. [success: 5] [failure: 0]
2023-06-25T14:44:57.173Z [Modules] Checking for host updates.
2023-06-25T14:44:57.617Z [Modules] Host is up to date.
2023-06-25T14:44:57.617Z [Modules] Checking for module updates at https://discord.com/api/modules/stable/versions.json
2023-06-25T14:44:57.620Z [Modules] No module updates available.
2023-06-25T14:45:03.373Z [Modules] Starting to install discord_krisp...
2023-06-25T14:45:03.374Z [Modules] Fetching discord_krisp@1 from https://discord.com/api/modules/stable/discord_krisp/1
2023-06-25T14:45:03.374Z [Modules] Streaming discord_krisp@1 to /home/teenarp2026/.config/discord/0.0.27/modules/pending/discord_krisp-1.zip
2023-06-25T14:45:03.394Z [Modules] Starting to install discord_game_utils...
2023-06-25T14:45:04.440Z [Modules] Checking for host updates.
2023-06-25T14:45:04.550Z [Modules] Streaming discord_krisp@1 to /home/teenarp2026/.config/discord/0.0.27/modules/pending/discord_krisp-1.zip: 1%
2023-06-25T14:45:04.557Z [Modules] Streaming discord_krisp@1 to /home/teenarp2026/.config/discord/0.0.27/modules/pending/discord_krisp-1.zip: 2%
2023-06-25T14:45:04.558Z [Modules] Streaming discord_krisp@1 to /home/teenarp2026/.config/discord/0.0.27/modules/pending/discord_krisp-1.zip: 3%
2023-06-25T14:45:04.708Z [Modules] Starting to install discord_rpc...
2023-06-25T14:45:05.347Z [Modules] Streaming discord_krisp@1 to /home/teenarp2026/.config/discord/0.0.27/modules/pending/discord_krisp-1.zip: 6%
2023-06-25T14:45:05.352Z [Modules] Host is up to date.
2023-06-25T14:45:05.352Z [Modules] Checking for module updates at https://discord.com/api/modules/stable/versions.json
2023-06-25T14:45:05.553Z [Modules] Streaming discord_krisp@1 to /home/teenarp2026/.config/discord/0.0.27/modules/pending/discord_krisp-1.zip: 7%
2023-06-25T14:45:05.567Z [Modules] Streaming discord_krisp@1 to /home/teenarp2026/.config/discord/0.0.27/modules/pending/discord_krisp-1.zip: 8%
2023-06-25T14:45:05.676Z [Modules] Streaming discord_krisp@1 to /home/teenarp2026/.config/discord/0.0.27/modules/pending/discord_krisp-1.zip: 9%
2023-06-25T14:45:05.769Z [Modules] Streaming discord_krisp@1 to /home/teenarp2026/.config/discord/0.0.27/modules/pending/discord_krisp-1.zip: 10%
2023-06-25T14:45:05.770Z [Modules] No module updates available.
2023-06-25T14:45:05.926Z [Modules] Streaming discord_krisp@1 to /home/teenarp2026/.config/discord/0.0.27/modules/pending/discord_krisp-1.zip: 11%
2023-06-25T14:45:06.904Z [Modules] Streaming discord_krisp@1 to /home/teenarp2026/.config/discord/0.0.27/modules/pending/discord_krisp-1.zip: 12%
2023-06-25T14:45:06.904Z [Modules] Streaming discord_krisp@1 to /home/teenarp2026/.config/discord/0.0.27/modules/pending/discord_krisp-1.zip: 13%
2023-06-25T14:45:06.996Z [Modules] Streaming discord_krisp@1 to /home/teenarp2026/.config/discord/0.0.27/modules/pending/discord_krisp-1.zip: 14%
2023-06-25T14:45:07.002Z [Modules] Streaming discord_krisp@1 to /home/teenarp2026/.config/discord/0.0.27/modules/pending/discord_krisp-1.zip: 15%
2023-06-25T14:45:07.017Z [Modules] Streaming discord_krisp@1 to /home/teenarp2026/.config/discord/0.0.27/modules/pending/discord_krisp-1.zip: 16%
2023-06-25T14:45:07.253Z [Modules] Streaming discord_krisp@1 to /home/teenarp2026/.config/discord/0.0.27/modules/pending/discord_krisp-1.zip: 17%
2023-06-25T14:45:07.366Z [Modules] Streaming discord_krisp@1 to /home/teenarp2026/.config/discord/0.0.27/modules/pending/discord_krisp-1.zip: 18%
2023-06-25T14:45:08.066Z [Modules] Streaming discord_krisp@1 to /home/teenarp2026/.config/discord/0.0.27/modules/pending/discord_krisp-1.zip: 19%
2023-06-25T14:45:08.067Z [Modules] Streaming discord_krisp@1 to /home/teenarp2026/.config/discord/0.0.27/modules/pending/discord_krisp-1.zip: 20%
2023-06-25T14:45:08.068Z [Modules] Streaming discord_krisp@1 to /home/teenarp2026/.config/discord/0.0.27/modules/pending/discord_krisp-1.zip: 21%
2023-06-25T14:45:08.068Z [Modules] Streaming discord_krisp@1 to /home/teenarp2026/.config/discord/0.0.27/modules/pending/discord_krisp-1.zip: 22%
2023-06-25T14:45:08.355Z [Modules] Streaming discord_krisp@1 to /home/teenarp2026/.config/discord/0.0.27/modules/pending/discord_krisp-1.zip: 23%
2023-06-25T14:45:08.356Z [Modules] Streaming discord_krisp@1 to /home/teenarp2026/.config/discord/0.0.27/modules/pending/discord_krisp-1.zip: 24%
2023-06-25T14:45:08.357Z [Modules] Streaming discord_krisp@1 to /home/teenarp2026/.config/discord/0.0.27/modules/pending/discord_krisp-1.zip: 25%
2023-06-25T14:45:08.537Z [Modules] Streaming discord_krisp@1 to /home/teenarp2026/.config/discord/0.0.27/modules/pending/discord_krisp-1.zip: 26%
2023-06-25T14:45:08.683Z [Modules] Streaming discord_krisp@1 to /home/teenarp2026/.config/discord/0.0.27/modules/pending/discord_krisp-1.zip: 27%
2023-06-25T14:45:08.880Z [Modules] Streaming discord_krisp@1 to /home/teenarp2026/.config/discord/0.0.27/modules/pending/discord_krisp-1.zip: 28%
2023-06-25T14:45:09.364Z [Modules] Streaming discord_krisp@1 to /home/teenarp2026/.config/discord/0.0.27/modules/pending/discord_krisp-1.zip: 29%
2023-06-25T14:45:09.491Z [Modules] Streaming discord_krisp@1 to /home/teenarp2026/.config/discord/0.0.27/modules/pending/discord_krisp-1.zip: 30%
2023-06-25T14:45:09.880Z [Modules] Streaming discord_krisp@1 to /home/teenarp2026/.config/discord/0.0.27/modules/pending/discord_krisp-1.zip: 31%
2023-06-25T14:45:09.881Z [Modules] Streaming discord_krisp@1 to /home/teenarp2026/.config/discord/0.0.27/modules/pending/discord_krisp-1.zip: 32%
2023-06-25T14:45:09.882Z [Modules] Streaming discord_krisp@1 to /home/teenarp2026/.config/discord/0.0.27/modules/pending/discord_krisp-1.zip: 33%
2023-06-25T14:45:09.883Z [Modules] Streaming discord_krisp@1 to /home/teenarp2026/.config/discord/0.0.27/modules/pending/discord_krisp-1.zip: 34%
2023-06-25T14:45:10.131Z [Modules] Streaming discord_krisp@1 to /home/teenarp2026/.config/discord/0.0.27/modules/pending/discord_krisp-1.zip: 35%
2023-06-25T14:45:10.601Z [Modules] Streaming discord_krisp@1 to /home/teenarp2026/.config/discord/0.0.27/modules/pending/discord_krisp-1.zip: 36%
2023-06-25T14:45:10.602Z [Modules] Streaming discord_krisp@1 to /home/teenarp2026/.config/discord/0.0.27/modules/pending/discord_krisp-1.zip: 37%
2023-06-25T14:45:10.603Z [Modules] Streaming discord_krisp@1 to /home/teenarp2026/.config/discord/0.0.27/modules/pending/discord_krisp-1.zip: 38%
2023-06-25T14:45:10.611Z [Modules] Streaming discord_krisp@1 to /home/teenarp2026/.config/discord/0.0.27/modules/pending/discord_krisp-1.zip: 39%
2023-06-25T14:45:10.713Z [Modules] Streaming discord_krisp@1 to /home/teenarp2026/.config/discord/0.0.27/modules/pending/discord_krisp-1.zip: 40%
2023-06-25T14:45:10.960Z [Modules] Streaming discord_krisp@1 to /home/teenarp2026/.config/discord/0.0.27/modules/pending/discord_krisp-1.zip: 41%
2023-06-25T14:45:10.960Z [Modules] Streaming discord_krisp@1 to /home/teenarp2026/.config/discord/0.0.27/modules/pending/discord_krisp-1.zip: 42%
2023-06-25T14:45:10.966Z [Modules] Streaming discord_krisp@1 to /home/teenarp2026/.config/discord/0.0.27/modules/pending/discord_krisp-1.zip: 43%
2023-06-25T14:45:11.251Z [Modules] Streaming discord_krisp@1 to /home/teenarp2026/.config/discord/0.0.27/modules/pending/discord_krisp-1.zip: 44%
2023-06-25T14:45:11.296Z [Modules] Streaming discord_krisp@1 to /home/teenarp2026/.config/discord/0.0.27/modules/pending/discord_krisp-1.zip: 45%
2023-06-25T14:45:11.334Z [Modules] Streaming discord_krisp@1 to /home/teenarp2026/.config/discord/0.0.27/modules/pending/discord_krisp-1.zip: 46%
2023-06-25T14:45:11.428Z [Modules] Streaming discord_krisp@1 to /home/teenarp2026/.config/discord/0.0.27/modules/pending/discord_krisp-1.zip: 47%
2023-06-25T14:45:11.748Z [Modules] Streaming discord_krisp@1 to /home/teenarp2026/.config/discord/0.0.27/modules/pending/discord_krisp-1.zip: 48%
2023-06-25T14:45:12.042Z [Modules] Streaming discord_krisp@1 to /home/teenarp2026/.config/discord/0.0.27/modules/pending/discord_krisp-1.zip: 49%
2023-06-25T14:45:12.061Z [Modules] Streaming discord_krisp@1 to /home/teenarp2026/.config/discord/0.0.27/modules/pending/discord_krisp-1.zip: 50%
2023-06-25T14:45:12.062Z [Modules] Streaming discord_krisp@1 to /home/teenarp2026/.config/discord/0.0.27/modules/pending/discord_krisp-1.zip: 51%
2023-06-25T14:45:12.145Z [Modules] Streaming discord_krisp@1 to /home/teenarp2026/.config/discord/0.0.27/modules/pending/discord_krisp-1.zip: 52%
2023-06-25T14:45:12.301Z [Modules] Streaming discord_krisp@1 to /home/teenarp2026/.config/discord/0.0.27/modules/pending/discord_krisp-1.zip: 53%
2023-06-25T14:45:12.502Z [Modules] Streaming discord_krisp@1 to /home/teenarp2026/.config/discord/0.0.27/modules/pending/discord_krisp-1.zip: 54%
2023-06-25T14:45:12.856Z [Modules] Streaming discord_krisp@1 to /home/teenarp2026/.config/discord/0.0.27/modules/pending/discord_krisp-1.zip: 55%
2023-06-25T14:45:12.857Z [Modules] Streaming discord_krisp@1 to /home/teenarp2026/.config/discord/0.0.27/modules/pending/discord_krisp-1.zip: 56%
2023-06-25T14:45:12.960Z [Modules] Streaming discord_krisp@1 to /home/teenarp2026/.config/discord/0.0.27/modules/pending/discord_krisp-1.zip: 57%
2023-06-25T14:45:13.196Z [Modules] Streaming discord_krisp@1 to /home/teenarp2026/.config/discord/0.0.27/modules/pending/discord_krisp-1.zip: 58%
2023-06-25T14:45:13.634Z [Modules] Streaming discord_krisp@1 to /home/teenarp2026/.config/discord/0.0.27/modules/pending/discord_krisp-1.zip: 59%
2023-06-25T14:45:13.641Z [Modules] Streaming discord_krisp@1 to /home/teenarp2026/.config/discord/0.0.27/modules/pending/discord_krisp-1.zip: 60%
2023-06-25T14:45:13.921Z [Modules] Streaming discord_krisp@1 to /home/teenarp2026/.config/discord/0.0.27/modules/pending/discord_krisp-1.zip: 61%
2023-06-25T14:45:13.922Z [Modules] Streaming discord_krisp@1 to /home/teenarp2026/.config/discord/0.0.27/modules/pending/discord_krisp-1.zip: 62%
2023-06-25T14:45:14.202Z [Modules] Streaming discord_krisp@1 to /home/teenarp2026/.config/discord/0.0.27/modules/pending/discord_krisp-1.zip: 63%
2023-06-25T14:45:14.305Z [Modules] Streaming discord_krisp@1 to /home/teenarp2026/.config/discord/0.0.27/modules/pending/discord_krisp-1.zip: 64%
2023-06-25T14:45:14.306Z [Modules] Streaming discord_krisp@1 to /home/teenarp2026/.config/discord/0.0.27/modules/pending/discord_krisp-1.zip: 65%
2023-06-25T14:45:14.307Z [Modules] Streaming discord_krisp@1 to /home/teenarp2026/.config/discord/0.0.27/modules/pending/discord_krisp-1.zip: 66%
2023-06-25T14:45:14.448Z [Modules] Streaming discord_krisp@1 to /home/teenarp2026/.config/discord/0.0.27/modules/pending/discord_krisp-1.zip: 67%
2023-06-25T14:45:14.852Z [Modules] Streaming discord_krisp@1 to /home/teenarp2026/.config/discord/0.0.27/modules/pending/discord_krisp-1.zip: 68%
2023-06-25T14:45:15.376Z [Modules] Streaming discord_krisp@1 to /home/teenarp2026/.config/discord/0.0.27/modules/pending/discord_krisp-1.zip: 69%
2023-06-25T14:45:15.985Z [Modules] Streaming discord_krisp@1 to /home/teenarp2026/.config/discord/0.0.27/modules/pending/discord_krisp-1.zip: 70%
2023-06-25T14:45:16.290Z [Modules] Streaming discord_krisp@1 to /home/teenarp2026/.config/discord/0.0.27/modules/pending/discord_krisp-1.zip: 71%
2023-06-25T14:45:16.292Z [Modules] Streaming discord_krisp@1 to /home/teenarp2026/.config/discord/0.0.27/modules/pending/discord_krisp-1.zip: 72%
2023-06-25T14:45:16.293Z [Modules] Streaming discord_krisp@1 to /home/teenarp2026/.config/discord/0.0.27/modules/pending/discord_krisp-1.zip: 73%
2023-06-25T14:45:16.293Z [Modules] Streaming discord_krisp@1 to /home/teenarp2026/.config/discord/0.0.27/modules/pending/discord_krisp-1.zip: 74%
2023-06-25T14:45:17.011Z [Modules] Streaming discord_krisp@1 to /home/teenarp2026/.config/discord/0.0.27/modules/pending/discord_krisp-1.zip: 75%
2023-06-25T14:45:17.013Z [Modules] Streaming discord_krisp@1 to /home/teenarp2026/.config/discord/0.0.27/modules/pending/discord_krisp-1.zip: 76%
2023-06-25T14:45:17.057Z [Modules] Streaming discord_krisp@1 to /home/teenarp2026/.config/discord/0.0.27/modules/pending/discord_krisp-1.zip: 77%
2023-06-25T14:45:17.066Z [Modules] Streaming discord_krisp@1 to /home/teenarp2026/.config/discord/0.0.27/modules/pending/discord_krisp-1.zip: 78%
2023-06-25T14:45:17.100Z [Modules] Streaming discord_krisp@1 to /home/teenarp2026/.config/discord/0.0.27/modules/pending/discord_krisp-1.zip: 79%
2023-06-25T14:45:17.703Z [Modules] Streaming discord_krisp@1 to /home/teenarp2026/.config/discord/0.0.27/modules/pending/discord_krisp-1.zip: 80%
2023-06-25T14:45:17.716Z [Modules] Streaming discord_krisp@1 to /home/teenarp2026/.config/discord/0.0.27/modules/pending/discord_krisp-1.zip: 81%
2023-06-25T14:45:17.719Z [Modules] Streaming discord_krisp@1 to /home/teenarp2026/.config/discord/0.0.27/modules/pending/discord_krisp-1.zip: 82%
2023-06-25T14:45:17.900Z [Modules] Streaming discord_krisp@1 to /home/teenarp2026/.config/discord/0.0.27/modules/pending/discord_krisp-1.zip: 83%
2023-06-25T14:45:18.049Z [Modules] Streaming discord_krisp@1 to /home/teenarp2026/.config/discord/0.0.27/modules/pending/discord_krisp-1.zip: 84%
2023-06-25T14:45:18.241Z [Modules] Streaming discord_krisp@1 to /home/teenarp2026/.config/discord/0.0.27/modules/pending/discord_krisp-1.zip: 85%
2023-06-25T14:45:18.629Z [Modules] Streaming discord_krisp@1 to /home/teenarp2026/.config/discord/0.0.27/modules/pending/discord_krisp-1.zip: 86%
2023-06-25T14:45:18.636Z [Modules] Streaming discord_krisp@1 to /home/teenarp2026/.config/discord/0.0.27/modules/pending/discord_krisp-1.zip: 87%
2023-06-25T14:45:18.985Z [Modules] Streaming discord_krisp@1 to /home/teenarp2026/.config/discord/0.0.27/modules/pending/discord_krisp-1.zip: 88%
2023-06-25T14:45:18.987Z [Modules] Streaming discord_krisp@1 to /home/teenarp2026/.config/discord/0.0.27/modules/pending/discord_krisp-1.zip: 89%
2023-06-25T14:45:18.988Z [Modules] Streaming discord_krisp@1 to /home/teenarp2026/.config/discord/0.0.27/modules/pending/discord_krisp-1.zip: 90%
2023-06-25T14:45:19.348Z [Modules] Streaming discord_krisp@1 to /home/teenarp2026/.config/discord/0.0.27/modules/pending/discord_krisp-1.zip: 91%
2023-06-25T14:45:19.671Z [Modules] Streaming discord_krisp@1 to /home/teenarp2026/.config/discord/0.0.27/modules/pending/discord_krisp-1.zip: 92%
2023-06-25T14:45:19.674Z [Modules] Streaming discord_krisp@1 to /home/teenarp2026/.config/discord/0.0.27/modules/pending/discord_krisp-1.zip: 93%
2023-06-25T14:45:19.675Z [Modules] Streaming discord_krisp@1 to /home/teenarp2026/.config/discord/0.0.27/modules/pending/discord_krisp-1.zip: 94%
2023-06-25T14:45:19.675Z [Modules] Streaming discord_krisp@1 to /home/teenarp2026/.config/discord/0.0.27/modules/pending/discord_krisp-1.zip: 95%
2023-06-25T14:45:20.057Z [Modules] Streaming discord_krisp@1 to /home/teenarp2026/.config/discord/0.0.27/modules/pending/discord_krisp-1.zip: 96%
2023-06-25T14:45:20.057Z [Modules] Streaming discord_krisp@1 to /home/teenarp2026/.config/discord/0.0.27/modules/pending/discord_krisp-1.zip: 97%
2023-06-25T14:45:20.058Z [Modules] Streaming discord_krisp@1 to /home/teenarp2026/.config/discord/0.0.27/modules/pending/discord_krisp-1.zip: 98%
2023-06-25T14:45:20.074Z [Modules] Streaming discord_krisp@1 to /home/teenarp2026/.config/discord/0.0.27/modules/pending/discord_krisp-1.zip: 99%
2023-06-25T14:45:20.296Z [Modules] Streaming discord_krisp@1 to /home/teenarp2026/.config/discord/0.0.27/modules/pending/discord_krisp-1.zip: 100%
2023-06-25T14:45:20.297Z [Modules] Fetching discord_game_utils@1 from https://discord.com/api/modules/stable/discord_game_utils/1
2023-06-25T14:45:20.297Z [Modules] Streaming discord_game_utils@1 to /home/teenarp2026/.config/discord/0.0.27/modules/pending/discord_game_utils-1.zip
2023-06-25T14:45:20.297Z [Modules] Installing discord_krisp@1 from /home/teenarp2026/.config/discord/0.0.27/modules/pending/discord_krisp-1.zip
2023-06-25T14:45:20.772Z [Modules] Finished module installations. [success: 1] [failure: 0]
2023-06-25T14:45:21.021Z [Modules] Streaming discord_game_utils@1 to /home/teenarp2026/.config/discord/0.0.27/modules/pending/discord_game_utils-1.zip: 1%
2023-06-25T14:45:21.109Z [Modules] Streaming discord_game_utils@1 to /home/teenarp2026/.config/discord/0.0.27/modules/pending/discord_game_utils-1.zip: 2%
2023-06-25T14:45:21.111Z [Modules] Streaming discord_game_utils@1 to /home/teenarp2026/.config/discord/0.0.27/modules/pending/discord_game_utils-1.zip: 3%
2023-06-25T14:45:21.114Z [Modules] Streaming discord_game_utils@1 to /home/teenarp2026/.config/discord/0.0.27/modules/pending/discord_game_utils-1.zip: 5%
2023-06-25T14:45:21.116Z [Modules] Streaming discord_game_utils@1 to /home/teenarp2026/.config/discord/0.0.27/modules/pending/discord_game_utils-1.zip: 6%
2023-06-25T14:45:21.119Z [Modules] Streaming discord_game_utils@1 to /home/teenarp2026/.config/discord/0.0.27/modules/pending/discord_game_utils-1.zip: 8%
2023-06-25T14:45:21.120Z [Modules] Streaming discord_game_utils@1 to /home/teenarp2026/.config/discord/0.0.27/modules/pending/discord_game_utils-1.zip: 9%
2023-06-25T14:45:21.125Z [Modules] Streaming discord_game_utils@1 to /home/teenarp2026/.config/discord/0.0.27/modules/pending/discord_game_utils-1.zip: 10%
2023-06-25T14:45:21.509Z [Modules] Streaming discord_game_utils@1 to /home/teenarp2026/.config/discord/0.0.27/modules/pending/discord_game_utils-1.zip: 11%
2023-06-25T14:45:21.512Z [Modules] Streaming discord_game_utils@1 to /home/teenarp2026/.config/discord/0.0.27/modules/pending/discord_game_utils-1.zip: 12%
2023-06-25T14:45:21.517Z [Modules] Streaming discord_game_utils@1 to /home/teenarp2026/.config/discord/0.0.27/modules/pending/discord_game_utils-1.zip: 13%
2023-06-25T14:45:21.517Z [Modules] Streaming discord_game_utils@1 to /home/teenarp2026/.config/discord/0.0.27/modules/pending/discord_game_utils-1.zip: 15%
2023-06-25T14:45:21.518Z [Modules] Streaming discord_game_utils@1 to /home/teenarp2026/.config/discord/0.0.27/modules/pending/discord_game_utils-1.zip: 16%
2023-06-25T14:45:21.518Z [Modules] Streaming discord_game_utils@1 to /home/teenarp2026/.config/discord/0.0.27/modules/pending/discord_game_utils-1.zip: 21%
2023-06-25T14:45:21.519Z [Modules] Streaming discord_game_utils@1 to /home/teenarp2026/.config/discord/0.0.27/modules/pending/discord_game_utils-1.zip: 24%
2023-06-25T14:45:21.829Z [Modules] Streaming discord_game_utils@1 to /home/teenarp2026/.config/discord/0.0.27/modules/pending/discord_game_utils-1.zip: 25%
2023-06-25T14:45:21.829Z [Modules] Streaming discord_game_utils@1 to /home/teenarp2026/.config/discord/0.0.27/modules/pending/discord_game_utils-1.zip: 27%
2023-06-25T14:45:21.829Z [Modules] Streaming discord_game_utils@1 to /home/teenarp2026/.config/discord/0.0.27/modules/pending/discord_game_utils-1.zip: 31%
2023-06-25T14:45:21.830Z [Modules] Streaming discord_game_utils@1 to /home/teenarp2026/.config/discord/0.0.27/modules/pending/discord_game_utils-1.zip: 33%
2023-06-25T14:45:21.830Z [Modules] Streaming discord_game_utils@1 to /home/teenarp2026/.config/discord/0.0.27/modules/pending/discord_game_utils-1.zip: 36%
2023-06-25T14:45:21.830Z [Modules] Streaming discord_game_utils@1 to /home/teenarp2026/.config/discord/0.0.27/modules/pending/discord_game_utils-1.zip: 39%
2023-06-25T14:45:21.831Z [Modules] Streaming discord_game_utils@1 to /home/teenarp2026/.config/discord/0.0.27/modules/pending/discord_game_utils-1.zip: 44%
2023-06-25T14:45:21.832Z [Modules] Streaming discord_game_utils@1 to /home/teenarp2026/.config/discord/0.0.27/modules/pending/discord_game_utils-1.zip: 51%
2023-06-25T14:45:21.834Z [Modules] Streaming discord_game_utils@1 to /home/teenarp2026/.config/discord/0.0.27/modules/pending/discord_game_utils-1.zip: 52%
2023-06-25T14:45:21.835Z [Modules] Streaming discord_game_utils@1 to /home/teenarp2026/.config/discord/0.0.27/modules/pending/discord_game_utils-1.zip: 53%
2023-06-25T14:45:21.838Z [Modules] Streaming discord_game_utils@1 to /home/teenarp2026/.config/discord/0.0.27/modules/pending/discord_game_utils-1.zip: 54%
2023-06-25T14:45:21.841Z [Modules] Streaming discord_game_utils@1 to /home/teenarp2026/.config/discord/0.0.27/modules/pending/discord_game_utils-1.zip: 56%
2023-06-25T14:45:21.844Z [Modules] Streaming discord_game_utils@1 to /home/teenarp2026/.config/discord/0.0.27/modules/pending/discord_game_utils-1.zip: 57%
2023-06-25T14:45:22.275Z [Modules] Streaming discord_game_utils@1 to /home/teenarp2026/.config/discord/0.0.27/modules/pending/discord_game_utils-1.zip: 58%
2023-06-25T14:45:22.277Z [Modules] Streaming discord_game_utils@1 to /home/teenarp2026/.config/discord/0.0.27/modules/pending/discord_game_utils-1.zip: 59%
2023-06-25T14:45:22.279Z [Modules] Streaming discord_game_utils@1 to /home/teenarp2026/.config/discord/0.0.27/modules/pending/discord_game_utils-1.zip: 60%
2023-06-25T14:45:22.325Z [Modules] Streaming discord_game_utils@1 to /home/teenarp2026/.config/discord/0.0.27/modules/pending/discord_game_utils-1.zip: 62%
2023-06-25T14:45:22.326Z [Modules] Streaming discord_game_utils@1 to /home/teenarp2026/.config/discord/0.0.27/modules/pending/discord_game_utils-1.zip: 66%
2023-06-25T14:45:22.326Z [Modules] Streaming discord_game_utils@1 to /home/teenarp2026/.config/discord/0.0.27/modules/pending/discord_game_utils-1.zip: 72%
2023-06-25T14:45:22.643Z [Modules] Streaming discord_game_utils@1 to /home/teenarp2026/.config/discord/0.0.27/modules/pending/discord_game_utils-1.zip: 73%
2023-06-25T14:45:22.644Z [Modules] Streaming discord_game_utils@1 to /home/teenarp2026/.config/discord/0.0.27/modules/pending/discord_game_utils-1.zip: 76%
2023-06-25T14:45:22.644Z [Modules] Streaming discord_game_utils@1 to /home/teenarp2026/.config/discord/0.0.27/modules/pending/discord_game_utils-1.zip: 79%
2023-06-25T14:45:22.645Z [Modules] Streaming discord_game_utils@1 to /home/teenarp2026/.config/discord/0.0.27/modules/pending/discord_game_utils-1.zip: 82%
2023-06-25T14:45:22.645Z [Modules] Streaming discord_game_utils@1 to /home/teenarp2026/.config/discord/0.0.27/modules/pending/discord_game_utils-1.zip: 84%
2023-06-25T14:45:22.645Z [Modules] Streaming discord_game_utils@1 to /home/teenarp2026/.config/discord/0.0.27/modules/pending/discord_game_utils-1.zip: 85%
2023-06-25T14:45:23.034Z [Modules] Streaming discord_game_utils@1 to /home/teenarp2026/.config/discord/0.0.27/modules/pending/discord_game_utils-1.zip: 88%
2023-06-25T14:45:23.034Z [Modules] Streaming discord_game_utils@1 to /home/teenarp2026/.config/discord/0.0.27/modules/pending/discord_game_utils-1.zip: 91%
2023-06-25T14:45:23.035Z [Modules] Streaming discord_game_utils@1 to /home/teenarp2026/.config/discord/0.0.27/modules/pending/discord_game_utils-1.zip: 94%
2023-06-25T14:45:23.035Z [Modules] Streaming discord_game_utils@1 to /home/teenarp2026/.config/discord/0.0.27/modules/pending/discord_game_utils-1.zip: 100%
2023-06-25T14:45:23.036Z [Modules] Fetching discord_rpc@1 from https://discord.com/api/modules/stable/discord_rpc/1
2023-06-25T14:45:23.037Z [Modules] Streaming discord_rpc@1 to /home/teenarp2026/.config/discord/0.0.27/modules/pending/discord_rpc-1.zip
2023-06-25T14:45:23.037Z [Modules] Installing discord_game_utils@1 from /home/teenarp2026/.config/discord/0.0.27/modules/pending/discord_game_utils-1.zip
2023-06-25T14:45:23.120Z [Modules] Finished module installations. [success: 1] [failure: 0]
2023-06-25T14:45:23.658Z [Modules] Streaming discord_rpc@1 to /home/teenarp2026/.config/discord/0.0.27/modules/pending/discord_rpc-1.zip: 76%
2023-06-25T14:45:23.660Z [Modules] Streaming discord_rpc@1 to /home/teenarp2026/.config/discord/0.0.27/modules/pending/discord_rpc-1.zip: 100%
2023-06-25T14:45:23.661Z [Modules] Finished module downloads. [success: 3] [failure: 0]
2023-06-25T14:45:23.661Z [Modules] Installing discord_rpc@1 from /home/teenarp2026/.config/discord/0.0.27/modules/pending/discord_rpc-1.zip
2023-06-25T14:45:23.678Z [Modules] Finished module installations. [success: 1] [failure: 0]
