2023-08-20 00:00:21.229 [info] [perf] Render performance baseline is 136ms
2023-08-20 00:00:36.243 [error] Error: Unable to read file '/home/teenarp2026/.vscode/extensions/batisteo.vscode-django-1.10.0/snippets/templates/tags.json' (Error: Unable to resolve nonexistent file '/home/teenarp2026/.vscode/extensions/batisteo.vscode-django-1.10.0/snippets/templates/tags.json')
    at e.$op.w (vscode-file://vscode-app/opt/visual-studio-code/resources/app/out/vs/workbench/workbench.desktop.main.js:627:16414)
    at e.$op.v (vscode-file://vscode-app/opt/visual-studio-code/resources/app/out/vs/workbench/workbench.desktop.main.js:627:16209)
    at async e.$op.u (vscode-file://vscode-app/opt/visual-studio-code/resources/app/out/vs/workbench/workbench.desktop.main.js:627:15661)
    at async e.$f8b.readExtensionResource (vscode-file://vscode-app/opt/visual-studio-code/resources/app/out/vs/workbench/workbench.desktop.main.js:760:5127)
    at async Promise.all (index 15)
    at async e.$ijb.getSnippets (vscode-file://vscode-app/opt/visual-studio-code/resources/app/out/vs/workbench/workbench.desktop.main.js:1993:4603)
    at async p (vscode-file://vscode-app/opt/visual-studio-code/resources/app/out/vs/workbench/workbench.desktop.main.js:1070:38821)
    at async Br.provideCodeActions (vscode-file://vscode-app/opt/visual-studio-code/resources/app/out/vs/workbench/workbench.desktop.main.js:1156:41372)
    at async vscode-file://vscode-app/opt/visual-studio-code/resources/app/out/vs/workbench/workbench.desktop.main.js:663:61798
    at async Promise.all (index 5)
    at async r (vscode-file://vscode-app/opt/visual-studio-code/resources/app/out/vs/workbench/workbench.desktop.main.js:663:62160) file:///home/teenarp2026/.vscode/extensions/batisteo.vscode-django-1.10.0/snippets/templates/tags.json
2023-08-20 00:00:36.244 [error] Error: Unable to read file '/home/teenarp2026/.vscode/extensions/batisteo.vscode-django-1.10.0/snippets/templates/filters.json' (Error: Unable to resolve nonexistent file '/home/teenarp2026/.vscode/extensions/batisteo.vscode-django-1.10.0/snippets/templates/filters.json')
    at e.$op.w (vscode-file://vscode-app/opt/visual-studio-code/resources/app/out/vs/workbench/workbench.desktop.main.js:627:16414)
    at e.$op.v (vscode-file://vscode-app/opt/visual-studio-code/resources/app/out/vs/workbench/workbench.desktop.main.js:627:16209)
    at async e.$op.u (vscode-file://vscode-app/opt/visual-studio-code/resources/app/out/vs/workbench/workbench.desktop.main.js:627:15661)
    at async e.$f8b.readExtensionResource (vscode-file://vscode-app/opt/visual-studio-code/resources/app/out/vs/workbench/workbench.desktop.main.js:760:5127)
    at async Promise.all (index 16)
    at async e.$ijb.getSnippets (vscode-file://vscode-app/opt/visual-studio-code/resources/app/out/vs/workbench/workbench.desktop.main.js:1993:4603)
    at async p (vscode-file://vscode-app/opt/visual-studio-code/resources/app/out/vs/workbench/workbench.desktop.main.js:1070:38821)
    at async Br.provideCodeActions (vscode-file://vscode-app/opt/visual-studio-code/resources/app/out/vs/workbench/workbench.desktop.main.js:1156:41372)
    at async vscode-file://vscode-app/opt/visual-studio-code/resources/app/out/vs/workbench/workbench.desktop.main.js:663:61798
    at async Promise.all (index 5)
    at async r (vscode-file://vscode-app/opt/visual-studio-code/resources/app/out/vs/workbench/workbench.desktop.main.js:663:62160) file:///home/teenarp2026/.vscode/extensions/batisteo.vscode-django-1.10.0/snippets/templates/filters.json
2023-08-20 00:00:38.360 [error] Error: Unable to read file '/home/teenarp2026/.vscode/extensions/batisteo.vscode-django-1.10.0/snippets/templates/tags.json' (Error: Unable to resolve nonexistent file '/home/teenarp2026/.vscode/extensions/batisteo.vscode-django-1.10.0/snippets/templates/tags.json')
    at e.$op.w (vscode-file://vscode-app/opt/visual-studio-code/resources/app/out/vs/workbench/workbench.desktop.main.js:627:16414)
    at e.$op.v (vscode-file://vscode-app/opt/visual-studio-code/resources/app/out/vs/workbench/workbench.desktop.main.js:627:16209)
    at async e.$op.u (vscode-file://vscode-app/opt/visual-studio-code/resources/app/out/vs/workbench/workbench.desktop.main.js:627:15661)
    at async e.$f8b.readExtensionResource (vscode-file://vscode-app/opt/visual-studio-code/resources/app/out/vs/workbench/workbench.desktop.main.js:760:5127)
    at async Promise.all (index 15)
    at async e.$ijb.getSnippets (vscode-file://vscode-app/opt/visual-studio-code/resources/app/out/vs/workbench/workbench.desktop.main.js:1993:4603)
    at async p (vscode-file://vscode-app/opt/visual-studio-code/resources/app/out/vs/workbench/workbench.desktop.main.js:1070:38821)
    at async Br.provideCodeActions (vscode-file://vscode-app/opt/visual-studio-code/resources/app/out/vs/workbench/workbench.desktop.main.js:1156:41372)
    at async vscode-file://vscode-app/opt/visual-studio-code/resources/app/out/vs/workbench/workbench.desktop.main.js:663:61798
    at async Promise.all (index 5)
    at async r (vscode-file://vscode-app/opt/visual-studio-code/resources/app/out/vs/workbench/workbench.desktop.main.js:663:62160) file:///home/teenarp2026/.vscode/extensions/batisteo.vscode-django-1.10.0/snippets/templates/tags.json
2023-08-20 00:00:38.360 [error] Error: Unable to read file '/home/teenarp2026/.vscode/extensions/batisteo.vscode-django-1.10.0/snippets/templates/filters.json' (Error: Unable to resolve nonexistent file '/home/teenarp2026/.vscode/extensions/batisteo.vscode-django-1.10.0/snippets/templates/filters.json')
    at e.$op.w (vscode-file://vscode-app/opt/visual-studio-code/resources/app/out/vs/workbench/workbench.desktop.main.js:627:16414)
    at e.$op.v (vscode-file://vscode-app/opt/visual-studio-code/resources/app/out/vs/workbench/workbench.desktop.main.js:627:16209)
    at async e.$op.u (vscode-file://vscode-app/opt/visual-studio-code/resources/app/out/vs/workbench/workbench.desktop.main.js:627:15661)
    at async e.$f8b.readExtensionResource (vscode-file://vscode-app/opt/visual-studio-code/resources/app/out/vs/workbench/workbench.desktop.main.js:760:5127)
    at async Promise.all (index 16)
    at async e.$ijb.getSnippets (vscode-file://vscode-app/opt/visual-studio-code/resources/app/out/vs/workbench/workbench.desktop.main.js:1993:4603)
    at async p (vscode-file://vscode-app/opt/visual-studio-code/resources/app/out/vs/workbench/workbench.desktop.main.js:1070:38821)
    at async Br.provideCodeActions (vscode-file://vscode-app/opt/visual-studio-code/resources/app/out/vs/workbench/workbench.desktop.main.js:1156:41372)
    at async vscode-file://vscode-app/opt/visual-studio-code/resources/app/out/vs/workbench/workbench.desktop.main.js:663:61798
    at async Promise.all (index 5)
    at async r (vscode-file://vscode-app/opt/visual-studio-code/resources/app/out/vs/workbench/workbench.desktop.main.js:663:62160) file:///home/teenarp2026/.vscode/extensions/batisteo.vscode-django-1.10.0/snippets/templates/filters.json
2023-08-20 00:00:38.644 [error] Error: Unable to read file '/home/teenarp2026/.vscode/extensions/batisteo.vscode-django-1.10.0/snippets/templates/tags.json' (Error: Unable to resolve nonexistent file '/home/teenarp2026/.vscode/extensions/batisteo.vscode-django-1.10.0/snippets/templates/tags.json')
    at e.$op.w (vscode-file://vscode-app/opt/visual-studio-code/resources/app/out/vs/workbench/workbench.desktop.main.js:627:16414)
    at e.$op.v (vscode-file://vscode-app/opt/visual-studio-code/resources/app/out/vs/workbench/workbench.desktop.main.js:627:16209)
    at async e.$op.u (vscode-file://vscode-app/opt/visual-studio-code/resources/app/out/vs/workbench/workbench.desktop.main.js:627:15661)
    at async e.$f8b.readExtensionResource (vscode-file://vscode-app/opt/visual-studio-code/resources/app/out/vs/workbench/workbench.desktop.main.js:760:5127)
    at async Promise.all (index 15)
    at async e.$ijb.getSnippets (vscode-file://vscode-app/opt/visual-studio-code/resources/app/out/vs/workbench/workbench.desktop.main.js:1993:4603)
    at async p (vscode-file://vscode-app/opt/visual-studio-code/resources/app/out/vs/workbench/workbench.desktop.main.js:1070:38821)
    at async Br.provideCodeActions (vscode-file://vscode-app/opt/visual-studio-code/resources/app/out/vs/workbench/workbench.desktop.main.js:1156:41372)
    at async vscode-file://vscode-app/opt/visual-studio-code/resources/app/out/vs/workbench/workbench.desktop.main.js:663:61798
    at async Promise.all (index 5)
    at async r (vscode-file://vscode-app/opt/visual-studio-code/resources/app/out/vs/workbench/workbench.desktop.main.js:663:62160) file:///home/teenarp2026/.vscode/extensions/batisteo.vscode-django-1.10.0/snippets/templates/tags.json
2023-08-20 00:00:38.644 [error] Error: Unable to read file '/home/teenarp2026/.vscode/extensions/batisteo.vscode-django-1.10.0/snippets/templates/filters.json' (Error: Unable to resolve nonexistent file '/home/teenarp2026/.vscode/extensions/batisteo.vscode-django-1.10.0/snippets/templates/filters.json')
    at e.$op.w (vscode-file://vscode-app/opt/visual-studio-code/resources/app/out/vs/workbench/workbench.desktop.main.js:627:16414)
    at e.$op.v (vscode-file://vscode-app/opt/visual-studio-code/resources/app/out/vs/workbench/workbench.desktop.main.js:627:16209)
    at async e.$op.u (vscode-file://vscode-app/opt/visual-studio-code/resources/app/out/vs/workbench/workbench.desktop.main.js:627:15661)
    at async e.$f8b.readExtensionResource (vscode-file://vscode-app/opt/visual-studio-code/resources/app/out/vs/workbench/workbench.desktop.main.js:760:5127)
    at async Promise.all (index 16)
    at async e.$ijb.getSnippets (vscode-file://vscode-app/opt/visual-studio-code/resources/app/out/vs/workbench/workbench.desktop.main.js:1993:4603)
    at async p (vscode-file://vscode-app/opt/visual-studio-code/resources/app/out/vs/workbench/workbench.desktop.main.js:1070:38821)
    at async Br.provideCodeActions (vscode-file://vscode-app/opt/visual-studio-code/resources/app/out/vs/workbench/workbench.desktop.main.js:1156:41372)
    at async vscode-file://vscode-app/opt/visual-studio-code/resources/app/out/vs/workbench/workbench.desktop.main.js:663:61798
    at async Promise.all (index 5)
    at async r (vscode-file://vscode-app/opt/visual-studio-code/resources/app/out/vs/workbench/workbench.desktop.main.js:663:62160) file:///home/teenarp2026/.vscode/extensions/batisteo.vscode-django-1.10.0/snippets/templates/filters.json
2023-08-20 00:00:47.989 [error] Error: Unable to read file '/home/teenarp2026/.vscode/extensions/batisteo.vscode-django-1.10.0/snippets/templates/tags.json' (Error: Unable to resolve nonexistent file '/home/teenarp2026/.vscode/extensions/batisteo.vscode-django-1.10.0/snippets/templates/tags.json')
    at e.$op.w (vscode-file://vscode-app/opt/visual-studio-code/resources/app/out/vs/workbench/workbench.desktop.main.js:627:16414)
    at e.$op.v (vscode-file://vscode-app/opt/visual-studio-code/resources/app/out/vs/workbench/workbench.desktop.main.js:627:16209)
    at async e.$op.u (vscode-file://vscode-app/opt/visual-studio-code/resources/app/out/vs/workbench/workbench.desktop.main.js:627:15661)
    at async e.$f8b.readExtensionResource (vscode-file://vscode-app/opt/visual-studio-code/resources/app/out/vs/workbench/workbench.desktop.main.js:760:5127)
    at async Promise.all (index 15)
    at async e.$ijb.getSnippets (vscode-file://vscode-app/opt/visual-studio-code/resources/app/out/vs/workbench/workbench.desktop.main.js:1993:4603)
    at async p (vscode-file://vscode-app/opt/visual-studio-code/resources/app/out/vs/workbench/workbench.desktop.main.js:1070:38821)
    at async Br.provideCodeActions (vscode-file://vscode-app/opt/visual-studio-code/resources/app/out/vs/workbench/workbench.desktop.main.js:1156:41372)
    at async vscode-file://vscode-app/opt/visual-studio-code/resources/app/out/vs/workbench/workbench.desktop.main.js:663:61798
    at async Promise.all (index 5)
    at async r (vscode-file://vscode-app/opt/visual-studio-code/resources/app/out/vs/workbench/workbench.desktop.main.js:663:62160) file:///home/teenarp2026/.vscode/extensions/batisteo.vscode-django-1.10.0/snippets/templates/tags.json
2023-08-20 00:00:47.989 [error] Error: Unable to read file '/home/teenarp2026/.vscode/extensions/batisteo.vscode-django-1.10.0/snippets/templates/filters.json' (Error: Unable to resolve nonexistent file '/home/teenarp2026/.vscode/extensions/batisteo.vscode-django-1.10.0/snippets/templates/filters.json')
    at e.$op.w (vscode-file://vscode-app/opt/visual-studio-code/resources/app/out/vs/workbench/workbench.desktop.main.js:627:16414)
    at e.$op.v (vscode-file://vscode-app/opt/visual-studio-code/resources/app/out/vs/workbench/workbench.desktop.main.js:627:16209)
    at async e.$op.u (vscode-file://vscode-app/opt/visual-studio-code/resources/app/out/vs/workbench/workbench.desktop.main.js:627:15661)
    at async e.$f8b.readExtensionResource (vscode-file://vscode-app/opt/visual-studio-code/resources/app/out/vs/workbench/workbench.desktop.main.js:760:5127)
    at async Promise.all (index 16)
    at async e.$ijb.getSnippets (vscode-file://vscode-app/opt/visual-studio-code/resources/app/out/vs/workbench/workbench.desktop.main.js:1993:4603)
    at async p (vscode-file://vscode-app/opt/visual-studio-code/resources/app/out/vs/workbench/workbench.desktop.main.js:1070:38821)
    at async Br.provideCodeActions (vscode-file://vscode-app/opt/visual-studio-code/resources/app/out/vs/workbench/workbench.desktop.main.js:1156:41372)
    at async vscode-file://vscode-app/opt/visual-studio-code/resources/app/out/vs/workbench/workbench.desktop.main.js:663:61798
    at async Promise.all (index 5)
    at async r (vscode-file://vscode-app/opt/visual-studio-code/resources/app/out/vs/workbench/workbench.desktop.main.js:663:62160) file:///home/teenarp2026/.vscode/extensions/batisteo.vscode-django-1.10.0/snippets/templates/filters.json
2023-08-20 00:00:48.018 [error] Cannot read properties of undefined (reading 'data'): TypeError: Cannot read properties of undefined (reading 'data')
	at /home/teenarp2026/.vscode/extensions/ms-python.vscode-pylance-2023.8.30/dist/extension.bundle.js:1:131001
	at _0x5a417a (/home/teenarp2026/.vscode/extensions/ms-python.vscode-pylance-2023.8.30/dist/extension.bundle.js:1:142741)
	at async K.provideCompletionItems (/opt/visual-studio-code/resources/app/out/vs/workbench/api/node/extensionHostProcess.js:101:50297)
