2023-08-18 17:01:13.640 [info] Extension host with pid 135169 started
2023-08-18 17:01:13.793 [info] ExtensionService#_doActivateExtension vscode.git-base, startup: true, activationEvent: '*', root cause: vscode.git
2023-08-18 17:01:13.800 [info] ExtensionService#_doActivateExtension dlasagno.wal-theme, startup: true, activationEvent: '*'
2023-08-18 17:01:13.860 [info] ExtensionService#_doActivateExtension illixion.vscode-vibrancy-continued, startup: true, activationEvent: '*'
2023-08-18 17:01:13.913 [info] ExtensionService#_doActivateExtension nowsci.glassit-linux, startup: true, activationEvent: '*'
2023-08-18 17:01:13.917 [info] ExtensionService#_doActivateExtension s-nlf-fh.glassit, startup: true, activationEvent: '*'
2023-08-18 17:01:13.952 [info] ExtensionService#_doActivateExtension vscodevim.vim, startup: true, activationEvent: '*'
2023-08-18 17:01:14.410 [info] ExtensionService#_doActivateExtension vscode.git, startup: true, activationEvent: '*'
2023-08-18 17:01:14.451 [info] ExtensionService#_doActivateExtension vscode.github, startup: true, activationEvent: '*'
2023-08-18 17:01:14.588 [info] ExtensionService#_doActivateExtension vscode.json-language-features, startup: false, activationEvent: 'onLanguage:jsonc'
2023-08-18 17:01:14.632 [info] ExtensionService#_doActivateExtension vscode.typescript-language-features, startup: false, activationEvent: 'onLanguage:jsonc'
2023-08-18 17:01:14.680 [info] ExtensionService#_doActivateExtension vscode.emmet, startup: false, activationEvent: 'onLanguage'
2023-08-18 17:01:14.724 [info] Eager extensions activated
2023-08-18 17:01:14.809 [info] ExtensionService#_doActivateExtension vscode.debug-auto-launch, startup: false, activationEvent: 'onStartupFinished'
2023-08-18 17:01:14.814 [info] ExtensionService#_doActivateExtension vscode.merge-conflict, startup: false, activationEvent: 'onStartupFinished'
2023-08-18 17:01:14.828 [info] ExtensionService#_doActivateExtension BenRogersWPG.transparent-minimap, startup: false, activationEvent: 'onStartupFinished'
2023-08-18 17:01:14.831 [info] ExtensionService#_doActivateExtension PKief.material-icon-theme, startup: false, activationEvent: 'onStartupFinished'
2023-08-18 17:01:14.844 [info] ExtensionService#_doActivateExtension Sudhan.neondark-theme, startup: false, activationEvent: 'onStartupFinished'
2023-08-18 17:01:14.847 [info] ExtensionService#_doActivateExtension Vikasdubey0551.jupyterlab-browser, startup: false, activationEvent: 'onStartupFinished'
2023-08-18 17:01:15.199 [info] ExtensionService#_doActivateExtension vscode.github-authentication, startup: false, activationEvent: 'onAuthenticationRequest:github'
2023-08-18 17:01:15.348 [info] ExtensionService#_doActivateExtension vscode.microsoft-authentication, startup: false, activationEvent: 'onAuthenticationRequest:microsoft'
2023-08-18 17:01:16.238 [error] Error: Unable to write to Workspace Settings because no workspace is opened. Please open a workspace first and try again.
    at e.$hYb.y (vscode-file://vscode-app/opt/visual-studio-code/resources/app/out/vs/workbench/workbench.desktop.main.js:2271:45283)
    at e.$hYb.E (vscode-file://vscode-app/opt/visual-studio-code/resources/app/out/vs/workbench/workbench.desktop.main.js:2271:47993)
    at e.$hYb.n (vscode-file://vscode-app/opt/visual-studio-code/resources/app/out/vs/workbench/workbench.desktop.main.js:2271:42430)
    at Object.factory (vscode-file://vscode-app/opt/visual-studio-code/resources/app/out/vs/workbench/workbench.desktop.main.js:2271:42330)
    at T.h (vscode-file://vscode-app/opt/visual-studio-code/resources/app/out/vs/workbench/workbench.desktop.main.js:131:14151)
    at vscode-file://vscode-app/opt/visual-studio-code/resources/app/out/vs/workbench/workbench.desktop.main.js:131:14063
    at new Promise (<anonymous>)
    at T.queue (vscode-file://vscode-app/opt/visual-studio-code/resources/app/out/vs/workbench/workbench.desktop.main.js:131:14005)
    at e.$hYb.writeConfiguration (vscode-file://vscode-app/opt/visual-studio-code/resources/app/out/vs/workbench/workbench.desktop.main.js:2271:42299)
    at R.Eb (vscode-file://vscode-app/opt/visual-studio-code/resources/app/out/vs/workbench/workbench.desktop.main.js:2271:65990)
    at vscode-file://vscode-app/opt/visual-studio-code/resources/app/out/vs/workbench/workbench.desktop.main.js:2271:55127
    at Array.map (<anonymous>)
    at R.updateValue (vscode-file://vscode-app/opt/visual-studio-code/resources/app/out/vs/workbench/workbench.desktop.main.js:2271:55115)
    at e.$69.h (vscode-file://vscode-app/opt/visual-studio-code/resources/app/out/vs/workbench/workbench.desktop.main.js:1522:1402)
    at e.$69.g (vscode-file://vscode-app/opt/visual-studio-code/resources/app/out/vs/workbench/workbench.desktop.main.js:1522:1127)
    at e.$69.$updateConfigurationOption (vscode-file://vscode-app/opt/visual-studio-code/resources/app/out/vs/workbench/workbench.desktop.main.js:1522:750)
    at m.N (vscode-file://vscode-app/opt/visual-studio-code/resources/app/out/vs/workbench/workbench.desktop.main.js:1531:13987)
    at m.M (vscode-file://vscode-app/opt/visual-studio-code/resources/app/out/vs/workbench/workbench.desktop.main.js:1531:13753)
    at m.H (vscode-file://vscode-app/opt/visual-studio-code/resources/app/out/vs/workbench/workbench.desktop.main.js:1531:12846)
    at m.G (vscode-file://vscode-app/opt/visual-studio-code/resources/app/out/vs/workbench/workbench.desktop.main.js:1531:12064)
    at s.value (vscode-file://vscode-app/opt/visual-studio-code/resources/app/out/vs/workbench/workbench.desktop.main.js:1531:10755)
    at d.w (vscode-file://vscode-app/opt/visual-studio-code/resources/app/out/vs/workbench/workbench.desktop.main.js:69:1902)
    at d.fire (vscode-file://vscode-app/opt/visual-studio-code/resources/app/out/vs/workbench/workbench.desktop.main.js:69:2119)
    at c.fire (vscode-file://vscode-app/opt/visual-studio-code/resources/app/out/vs/workbench/workbench.desktop.main.js:598:14147)
    at Q.onmessage (vscode-file://vscode-app/opt/visual-studio-code/resources/app/out/vs/workbench/workbench.desktop.main.js:1630:1077)
2023-08-18 17:01:32.167 [info] Extension host terminating: renderer closed the MessagePort
2023-08-18 17:01:32.219 [info] Extension host with pid 135169 exiting with code 0
