2023-08-16 10:10:05.590 [info] Log level: Info
2023-08-16 10:10:05.590 [info] Validating found git in: "git"
2023-08-16 10:10:05.590 [info] Using git "2.41.0" from "git"
2023-08-16 10:10:05.590 [info] > git rev-parse --show-toplevel [114ms]
2023-08-16 10:10:05.590 [info] fatal: not a git repository (or any parent up to mount point /)
Stopping at filesystem boundary (GIT_DISCOVERY_ACROSS_FILESYSTEM not set).
2023-08-16 10:10:05.590 [info] > git rev-parse --show-toplevel [90ms]
2023-08-16 10:10:05.590 [info] fatal: not a git repository (or any parent up to mount point /)
Stopping at filesystem boundary (GIT_DISCOVERY_ACROSS_FILESYSTEM not set).
2023-08-16 10:10:05.590 [info] > git rev-parse --show-toplevel [36ms]
2023-08-16 10:10:05.590 [info] fatal: not a git repository (or any parent up to mount point /)
Stopping at filesystem boundary (GIT_DISCOVERY_ACROSS_FILESYSTEM not set).
2023-08-16 10:10:05.590 [info] > git rev-parse --show-toplevel [16ms]
2023-08-16 10:10:05.590 [info] fatal: not a git repository (or any parent up to mount point /)
Stopping at filesystem boundary (GIT_DISCOVERY_ACROSS_FILESYSTEM not set).
2023-08-16 10:10:05.590 [info] > git rev-parse --show-toplevel [64ms]
2023-08-16 10:10:05.590 [info] fatal: not a git repository (or any parent up to mount point /)
Stopping at filesystem boundary (GIT_DISCOVERY_ACROSS_FILESYSTEM not set).
2023-08-16 10:10:05.852 [info] > git rev-parse --show-toplevel [31ms]
2023-08-16 10:10:05.852 [info] fatal: not a git repository (or any parent up to mount point /)
Stopping at filesystem boundary (GIT_DISCOVERY_ACROSS_FILESYSTEM not set).
2023-08-16 10:10:05.886 [info] > git rev-parse --show-toplevel [26ms]
2023-08-16 10:10:05.886 [info] fatal: not a git repository (or any parent up to mount point /)
Stopping at filesystem boundary (GIT_DISCOVERY_ACROSS_FILESYSTEM not set).
2023-08-16 10:10:05.931 [info] > git rev-parse --show-toplevel [36ms]
2023-08-16 10:10:05.931 [info] fatal: not a git repository (or any parent up to mount point /)
Stopping at filesystem boundary (GIT_DISCOVERY_ACROSS_FILESYSTEM not set).
