2023-08-18 10:45:46.068 [info] Experiment 'pythonaa' is active
2023-08-18 10:45:46.068 [info] Experiment 'pythonPromptNewFormatterExt' is active
2023-08-18 10:45:46.068 [info] Experiment 'pythonPromptNewToolsExt' is active
2023-08-18 10:45:46.068 [info] Experiment 'pythonTestAdaptercf' is active
2023-08-18 10:45:46.068 [info] Test server listening.
2023-08-18 10:45:46.068 [info] > conda info --json
2023-08-18 10:45:46.068 [info] Python interpreter path: ./.venv/bin/python
2023-08-18 10:45:46.139 [info] Found: /bin/python --> /bin/python3.11
2023-08-18 10:45:46.170 [info] Found: /bin/python3 --> /bin/python3.11
2023-08-18 10:45:46.177 [info] Found: /bin/python3.11 --> /bin/python3.11
2023-08-18 10:45:46.189 [info] > ./.venv/bin/python -I ~/.vscode/extensions/ms-python.python-2023.14.0/pythonFiles/get_output_via_markers.py ~/.vscode/extensions/ms-python.python-2023.14.0/pythonFiles/interpreterInfo.py
2023-08-18 10:45:46.230 [info] Found: /sbin/python --> /sbin/python3.11
2023-08-18 10:45:46.231 [info] Found: /sbin/python3 --> /sbin/python3.11
2023-08-18 10:45:46.231 [info] Found: /sbin/python3.11 --> /sbin/python3.11
2023-08-18 10:45:46.240 [info] Found: /usr/bin/python --> /usr/bin/python3.11
2023-08-18 10:45:46.240 [info] Found: /usr/bin/python3 --> /usr/bin/python3.11
2023-08-18 10:45:46.240 [info] Found: /usr/bin/python3.11 --> /usr/bin/python3.11
2023-08-18 10:45:46.309 [info] > . ./.venv/bin/activate && echo 'e8b39361-0157-4923-80e1-22d70d46dee6' && python ~/.vscode/extensions/ms-python.python-2023.14.0/pythonFiles/printEnvVariables.py
2023-08-18 10:45:46.309 [info] shell: bash
2023-08-18 10:45:46.355 [info] > . ./.venv/bin/activate && echo 'e8b39361-0157-4923-80e1-22d70d46dee6' && python ~/.vscode/extensions/ms-python.python-2023.14.0/pythonFiles/printEnvVariables.py
2023-08-18 10:45:46.355 [info] shell: bash
2023-08-18 10:45:46.355 [info] Found: /usr/sbin/python --> /usr/sbin/python3.11
2023-08-18 10:45:46.364 [info] > . ./.venv/bin/activate && echo 'e8b39361-0157-4923-80e1-22d70d46dee6' && python ~/.vscode/extensions/ms-python.python-2023.14.0/pythonFiles/printEnvVariables.py
2023-08-18 10:45:46.364 [info] shell: bash
2023-08-18 10:45:46.370 [info] Found: /usr/sbin/python3 --> /usr/sbin/python3.11
2023-08-18 10:45:46.373 [info] Found: /usr/sbin/python3.11 --> /usr/sbin/python3.11
2023-08-18 10:45:46.454 [info] > /bin/python -I ~/.vscode/extensions/ms-python.python-2023.14.0/pythonFiles/get_output_via_markers.py ~/.vscode/extensions/ms-python.python-2023.14.0/pythonFiles/interpreterInfo.py
2023-08-18 10:45:46.473 [info] > /sbin/python -I ~/.vscode/extensions/ms-python.python-2023.14.0/pythonFiles/get_output_via_markers.py ~/.vscode/extensions/ms-python.python-2023.14.0/pythonFiles/interpreterInfo.py
2023-08-18 10:45:46.513 [info] > /usr/bin/python -I ~/.vscode/extensions/ms-python.python-2023.14.0/pythonFiles/get_output_via_markers.py ~/.vscode/extensions/ms-python.python-2023.14.0/pythonFiles/interpreterInfo.py
2023-08-18 10:45:46.540 [info] > /usr/sbin/python -I ~/.vscode/extensions/ms-python.python-2023.14.0/pythonFiles/get_output_via_markers.py ~/.vscode/extensions/ms-python.python-2023.14.0/pythonFiles/interpreterInfo.py
