00:00:00.369005 VirtualBox GUI VM Selector Window 7.0.10 r158379 linux.amd64 (Jul 18 2023 21:00:10) release log
00:00:00.369007 Log opened 2023-08-11T13:49:36.451799000Z
00:00:00.369009 Build Type: release
00:00:00.369011 OS Product: Linux
00:00:00.369013 OS Release: 6.4.7-arch1-1
00:00:00.369014 OS Version: #1 SMP PREEMPT_DYNAMIC Thu, 27 Jul 2023 22:02:18 +0000
00:00:00.369036 DMI Product Name: 82EY
00:00:00.369043 DMI Product Version: IdeaPad Gaming 3 15ARH05
00:00:00.369046 Firmware type: UEFI
00:00:00.369192 Secure Boot: Enabled
00:00:00.369216 Host RAM: 15359MB (14.9GB) total, 13490MB (13.1GB) available
00:00:00.369218 Executable: /usr/lib/virtualbox/VirtualBox
00:00:00.369220 Process ID: 231351
00:00:00.369221 Package type: LINUX_64BITS_GENERIC (OSE)
00:00:00.369240 Qt version: 5.15.10
00:00:00.370666 GUI: UIMediumEnumerator: Initial medium-enumeration finished!
00:00:00.381477 GUI: UIMediumEnumerator: Medium-enumeration started...
00:00:00.853317 GUI: UIDesktopWidgetWatchdog::sltHandleHostScreenAvailableGeometryCalculated: Screen 0 work area is actually resized to: 8x60 x 946x1010
00:00:00.858126 GUI: UIMediumEnumerator: Medium-enumeration finished!
00:00:11.254279 GUI: UIMediumEnumerator: Medium-enumeration finished!
00:00:17.042698 GUI: UIMediumEnumerator: Medium-enumeration finished!
00:01:26.742761 GUI: UIMediumEnumerator: Medium-enumeration finished!
00:01:34.976767 GUI: UICommon: Handling aboutToQuit request..
00:01:35.848436 GUI: UICommon: aboutToQuit request handled!
