00:00:00.001302 main     VirtualBox XPCOM Server 7.0.10 r158379 linux.amd64 (Jul 18 2023 21:00:10) release log
00:00:00.001307 main     Log opened 2023-08-11T13:49:36.275406000Z
00:00:00.001309 main     Build Type: release
00:00:00.001316 main     OS Product: Linux
00:00:00.001317 main     OS Release: 6.4.7-arch1-1
00:00:00.001320 main     OS Version: #1 SMP PREEMPT_DYNAMIC Thu, 27 Jul 2023 22:02:18 +0000
00:00:00.001369 main     DMI Product Name: 82EY
00:00:00.001384 main     DMI Product Version: IdeaPad Gaming 3 15ARH05
00:00:00.001394 main     Firmware type: UEFI
00:00:00.001642 main     Secure Boot: Enabled
00:00:00.002028 main     Host RAM: 15359MB (14.9GB) total, 13481MB (13.1GB) available
00:00:00.002031 main     Executable: /usr/lib/virtualbox/VBoxSVC
00:00:00.002033 main     Process ID: 231408
00:00:00.002034 main     Package type: LINUX_64BITS_GENERIC (OSE)
00:00:00.003018 main     IPC socket path: /tmp/.vbox-teenarp2026-ipc/ipcd
00:00:00.109092 nspr-2   VirtualBox: object creation starts
00:00:00.110586 nspr-2   Home directory: '/home/teenarp2026/.config/VirtualBox'
00:00:00.111344 nspr-2   Loading settings file "/home/teenarp2026/.config/VirtualBox/VirtualBox.xml" with version "1.12-linux"
00:00:00.115998 nspr-2   USB: Unknown USB device detected (idVendor: 0x0cf3, idProduct: 0xe300)
00:00:00.116125 nspr-2   Successfully initialised host USB using sysfs
00:00:00.125479 nspr-2   NetIfAdpCtlOut: VBoxNetAdpCtl: Error while retrieving link speed for wlan0: VBoxNetAdpCtl: ioctl failed: Operation not supported
00:00:00.126853 nspr-2   HostDnsMonitor: initializing
00:00:00.127026 nspr-2   NAT: resolv.conf: nameserver 192.168.29.1
00:00:00.127032 nspr-2   NAT: resolv.conf: nameserver 2405:201:900e:be31::c0a8:1d01
00:00:00.127040 nspr-2   HostDnsMonitor: updating information
00:00:00.127048 nspr-2   HostDnsMonitor: old information
00:00:00.127051 nspr-2     no server entries
00:00:00.127054 nspr-2     no domain set
00:00:00.127058 nspr-2     no search string entries
00:00:00.127061 nspr-2   HostDnsMonitor: new information
00:00:00.127064 nspr-2     server 1: 192.168.29.1
00:00:00.127068 nspr-2     server 2: 2405:201:900e:be31::c0a8:1d01
00:00:00.127071 nspr-2     no domain set
00:00:00.127074 nspr-2     no search string entries
00:00:00.130513 nspr-2   VD: VDInit finished with VINF_SUCCESS
00:00:00.136106 nspr-2   Loading settings file "/home/teenarp2026/Virtualbox/Windows/Windows.vbox" with version "1.19-linux"
00:00:00.137876 nspr-2   VirtualBox: object created
00:00:00.702922 nspr-3   ERROR [COM]: aRC=VBOX_E_INVALID_VM_STATE (0x80bb0002) aIID={300763af-5d6b-46e6-aa96-273eac15538a} aComponent={MachineWrap} aText={The machine is not mutable (state is PoweredOff)}, preserve=false aResultDetail=0
00:00:01.010357 nspr-2   Saving settings file "/home/teenarp2026/.config/VirtualBox/VirtualBox.xml" with version "1.12-linux"
00:00:01.012842 nspr-2   Finished saving settings file "/home/teenarp2026/.config/VirtualBox/VirtualBox.xml"
00:00:05.107495 nspr-6   Launched VM: 268444464 pid: 232086 (0x38a96) frontend: GUI/Qt name: Windows
00:00:05.123814 nspr-6   ERROR [COM]: aRC=VBOX_E_INVALID_VM_STATE (0x80bb0002) aIID={300763af-5d6b-46e6-aa96-273eac15538a} aComponent={MachineWrap} aText={The machine is not mutable (state is PoweredOff)}, preserve=false aResultDetail=0
00:00:05.332226 nspr-8   ERROR [COM]: aRC=VBOX_E_INVALID_VM_STATE (0x80bb0002) aIID={300763af-5d6b-46e6-aa96-273eac15538a} aComponent={MachineWrap} aText={The machine is not mutable (state is PoweredOff)}, preserve=false aResultDetail=0
00:00:05.539530 nspr-2   Saving settings file "/home/teenarp2026/.config/VirtualBox/VirtualBox.xml" with version "1.12-linux"
00:00:05.541619 nspr-2   Finished saving settings file "/home/teenarp2026/.config/VirtualBox/VirtualBox.xml"
00:00:05.767068 nspr-4   ERROR [COM]: aRC=VBOX_E_OBJECT_NOT_FOUND (0x80bb0001) aIID={70401eef-c8e9-466b-9660-45cb3e9979e4} aComponent={ExtPackManagerWrap} aText={No extension pack by the name 'Oracle VM VirtualBox Extension Pack' was found}, preserve=false aResultDetail=0
00:00:05.828505 nspr-5   ERROR [COM]: aRC=VBOX_E_IPRT_ERROR (0x80bb0005) aIID={300763af-5d6b-46e6-aa96-273eac15538a} aComponent={SessionMachine} aText={Saved screenshot data is not available (VERR_NOT_SUPPORTED)}, preserve=false aResultDetail=-37
00:00:05.857464 nspr-5   NetIfAdpCtlOut: VBoxNetAdpCtl: Error while retrieving link speed for wlan0: VBoxNetAdpCtl: ioctl failed: Operation not supported
00:00:05.889832 nspr-3   ERROR [COM]: aRC=VBOX_E_INVALID_VM_STATE (0x80bb0002) aIID={300763af-5d6b-46e6-aa96-273eac15538a} aComponent={MachineWrap} aText={The machine is not mutable (state is Starting)}, preserve=false aResultDetail=0
00:00:06.109944 nspr-2   ERROR [COM]: aRC=VBOX_E_OBJECT_NOT_FOUND (0x80bb0001) aIID={ad47ad09-787b-44ab-b343-a082a3f2dfb1} aComponent={MediumWrap} aText={Property 'CRYPT/KeyId' does not exist}, preserve=false aResultDetail=0
00:00:06.111222 nspr-2   ERROR [COM]: aRC=VBOX_E_OBJECT_NOT_FOUND (0x80bb0001) aIID={ad47ad09-787b-44ab-b343-a082a3f2dfb1} aComponent={MediumWrap} aText={Property 'CRYPT/KeyId' does not exist}, preserve=false aResultDetail=0
00:00:06.142508 nspr-6   ERROR [COM]: aRC=VBOX_E_INVALID_VM_STATE (0x80bb0002) aIID={300763af-5d6b-46e6-aa96-273eac15538a} aComponent={MachineWrap} aText={The machine is not mutable (state is Running)}, preserve=false aResultDetail=0
00:00:11.052349 nspr-8   Saving settings file "/home/teenarp2026/Virtualbox/Windows/Windows.vbox" with version "1.19-linux"
00:00:11.058476 nspr-8   Finished saving settings file "/home/teenarp2026/Virtualbox/Windows/Windows.vbox"
00:00:11.068021 nspr-4   ERROR [COM]: aRC=VBOX_E_INVALID_VM_STATE (0x80bb0002) aIID={300763af-5d6b-46e6-aa96-273eac15538a} aComponent={MachineWrap} aText={The machine is not mutable (state is Running)}, preserve=false aResultDetail=0
00:00:16.839864 nspr-3   Saving settings file "/home/teenarp2026/Virtualbox/Windows/Windows.vbox" with version "1.19-linux"
00:00:16.843007 nspr-3   Finished saving settings file "/home/teenarp2026/Virtualbox/Windows/Windows.vbox"
00:00:16.856245 nspr-6   ERROR [COM]: aRC=VBOX_E_INVALID_VM_STATE (0x80bb0002) aIID={300763af-5d6b-46e6-aa96-273eac15538a} aComponent={MachineWrap} aText={The machine is not mutable (state is Running)}, preserve=false aResultDetail=0
00:01:26.544374 nspr-7   Saving settings file "/home/teenarp2026/Virtualbox/Windows/Windows.vbox" with version "1.19-linux"
00:01:26.546576 nspr-7   Finished saving settings file "/home/teenarp2026/Virtualbox/Windows/Windows.vbox"
00:01:26.556332 nspr-4   ERROR [COM]: aRC=VBOX_E_INVALID_VM_STATE (0x80bb0002) aIID={300763af-5d6b-46e6-aa96-273eac15538a} aComponent={MachineWrap} aText={The machine is not mutable (state is Running)}, preserve=false aResultDetail=0
00:01:35.125714 nspr-5   Saving settings file "/home/teenarp2026/Virtualbox/Windows/Windows.vbox" with version "1.19-linux"
00:01:35.128118 nspr-5   Finished saving settings file "/home/teenarp2026/Virtualbox/Windows/Windows.vbox"
00:02:20.142152 nspr-4   Saving settings file "/home/teenarp2026/Virtualbox/Windows/Windows.vbox" with version "1.19-linux"
00:02:20.144782 nspr-4   Finished saving settings file "/home/teenarp2026/Virtualbox/Windows/Windows.vbox"
00:24:15.692999 nspr-5   Saving settings file "/home/teenarp2026/Virtualbox/Windows/Windows.vbox" with version "1.19-linux"
00:24:15.701360 nspr-5   Finished saving settings file "/home/teenarp2026/Virtualbox/Windows/Windows.vbox"
00:24:15.708490 nspr-2   Saving settings file "/home/teenarp2026/Virtualbox/Windows/Windows.vbox" with version "1.19-linux"
00:24:15.710872 nspr-2   Finished saving settings file "/home/teenarp2026/Virtualbox/Windows/Windows.vbox"
00:24:16.041741 nspr-6   Saving settings file "/home/teenarp2026/Virtualbox/Windows/Windows.vbox" with version "1.19-linux"
00:24:16.048882 nspr-6   Finished saving settings file "/home/teenarp2026/Virtualbox/Windows/Windows.vbox"
00:24:56.641529 nspr-3   Saving settings file "/home/teenarp2026/Virtualbox/Windows/Windows.vbox" with version "1.19-linux"
00:24:56.648702 nspr-3   Finished saving settings file "/home/teenarp2026/Virtualbox/Windows/Windows.vbox"
00:33:26.727690 nspr-8   Saving settings file "/home/teenarp2026/Virtualbox/Windows/Windows.vbox" with version "1.19-linux"
00:33:26.730439 nspr-8   Finished saving settings file "/home/teenarp2026/Virtualbox/Windows/Windows.vbox"
00:33:33.231706 main     VirtualBox: object deletion starts
00:33:33.231750 main     ERROR [COM]: aRC=VBOX_E_OBJECT_IN_USE (0x80bb000c) aIID={ad47ad09-787b-44ab-b343-a082a3f2dfb1} aComponent={MediumWrap} aText={Medium '/home/teenarp2026/Virtualbox/Windows/Windows.vdi' cannot be closed because it is still attached to 1 virtual machines}, preserve=false aResultDetail=0
00:33:33.232315 main     HostDnsMonitor: shutting down ...
00:33:33.244141 main     HostDnsMonitor: shut down
00:33:33.268005 Watcher  ERROR [COM]: aRC=E_ACCESSDENIED (0x80070005) aIID={7682d5eb-f00e-44f1-8ca2-99d08b1cd607} aComponent={VirtualBoxWrap} aText={The object is not ready}, preserve=false aResultDetail=0
00:33:33.268108 main     VirtualBox: object deleted
