2023-08-14 13:44:34.162 [info] Extension host with pid 2180 started
2023-08-14 13:44:34.162 [info] Skipping acquiring lock for /home/teenarp2026/.config/Code/User/workspaceStorage/b4f1bff40786b3b543bd6094b8a7a366.
2023-08-14 13:44:34.247 [info] ExtensionService#_doActivateExtension vscode.ipynb, startup: false, activationEvent: 'onNotebookSerializer:jupyter-notebook'
2023-08-14 13:44:34.298 [info] ExtensionService#_doActivateExtension vscode.git-base, startup: true, activationEvent: '*', root cause: vscode.git
2023-08-14 13:44:34.303 [info] ExtensionService#_doActivateExtension dlasagno.wal-theme, startup: true, activationEvent: '*'
2023-08-14 13:44:34.396 [info] ExtensionService#_doActivateExtension illixion.vscode-vibrancy-continued, startup: true, activationEvent: '*'
2023-08-14 13:44:34.479 [info] ExtensionService#_doActivateExtension nowsci.glassit-linux, startup: true, activationEvent: '*'
2023-08-14 13:44:34.483 [info] ExtensionService#_doActivateExtension s-nlf-fh.glassit, startup: true, activationEvent: '*'
2023-08-14 13:44:34.546 [info] ExtensionService#_doActivateExtension vscodevim.vim, startup: true, activationEvent: '*'
2023-08-14 13:44:34.889 [info] ExtensionService#_doActivateExtension vscode.git, startup: true, activationEvent: '*'
2023-08-14 13:44:34.930 [info] ExtensionService#_doActivateExtension vscode.github, startup: true, activationEvent: '*'
2023-08-14 13:44:35.093 [info] ExtensionService#_doActivateExtension ms-toolsai.jupyter, startup: false, activationEvent: 'onNotebook:jupyter-notebook'
2023-08-14 13:44:35.217 [info] ExtensionService#_doActivateExtension ms-toolsai.vscode-jupyter-cell-tags, startup: false, activationEvent: 'onNotebook:jupyter-notebook'
2023-08-14 13:44:35.231 [error] Activating extension ms-toolsai.vscode-jupyter-cell-tags failed due to an error:
2023-08-14 13:44:35.231 [error] Error: Cannot find module '/home/teenarp2026/.vscode/extensions/ms-toolsai.vscode-jupyter-cell-tags-0.1.8/out/extension-node.js'
Require stack:
- /opt/visual-studio-code/resources/app/out/vs/loader.js
- /opt/visual-studio-code/resources/app/out/bootstrap-amd.js
- /opt/visual-studio-code/resources/app/out/bootstrap-fork.js
- 
	at Module._resolveFilename (node:internal/modules/cjs/loader:1010:15)
	at s._resolveFilename (node:electron/js2c/utility_init:2:2740)
	at Module._load (node:internal/modules/cjs/loader:858:27)
	at f._load (node:electron/js2c/asar_bundle:2:13330)
	at l._load (/opt/visual-studio-code/resources/app/out/vs/workbench/api/node/extensionHostProcess.js:127:28070)
	at p._load (/opt/visual-studio-code/resources/app/out/vs/workbench/api/node/extensionHostProcess.js:127:25404)
	at u._load (/opt/visual-studio-code/resources/app/out/vs/workbench/api/node/extensionHostProcess.js:91:22191)
	at Module.require (node:internal/modules/cjs/loader:1082:19)
	at require (node:internal/modules/cjs/helpers:102:18)
	at Function.i [as __$__nodeRequire] (/opt/visual-studio-code/resources/app/out/vs/loader.js:5:98)
	at i.rb (/opt/visual-studio-code/resources/app/out/vs/workbench/api/node/extensionHostProcess.js:127:26583)
	at async Promise.all (index 0)
2023-08-14 13:44:35.231 [info] ExtensionService#_doActivateExtension ms-toolsai.vscode-jupyter-slideshow, startup: false, activationEvent: 'onNotebook:jupyter-notebook'
2023-08-14 13:44:35.233 [error] Activating extension ms-toolsai.vscode-jupyter-slideshow failed due to an error:
2023-08-14 13:44:35.233 [error] Error: Cannot find module '/home/teenarp2026/.vscode/extensions/ms-toolsai.vscode-jupyter-slideshow-0.1.5/out/extension-node.js'
Require stack:
- /opt/visual-studio-code/resources/app/out/vs/loader.js
- /opt/visual-studio-code/resources/app/out/bootstrap-amd.js
- /opt/visual-studio-code/resources/app/out/bootstrap-fork.js
- 
	at Module._resolveFilename (node:internal/modules/cjs/loader:1010:15)
	at s._resolveFilename (node:electron/js2c/utility_init:2:2740)
	at Module._load (node:internal/modules/cjs/loader:858:27)
	at f._load (node:electron/js2c/asar_bundle:2:13330)
	at l._load (/opt/visual-studio-code/resources/app/out/vs/workbench/api/node/extensionHostProcess.js:127:28070)
	at p._load (/opt/visual-studio-code/resources/app/out/vs/workbench/api/node/extensionHostProcess.js:127:25404)
	at u._load (/opt/visual-studio-code/resources/app/out/vs/workbench/api/node/extensionHostProcess.js:91:22191)
	at Module.require (node:internal/modules/cjs/loader:1082:19)
	at require (node:internal/modules/cjs/helpers:102:18)
	at Function.i [as __$__nodeRequire] (/opt/visual-studio-code/resources/app/out/vs/loader.js:5:98)
	at i.rb (/opt/visual-studio-code/resources/app/out/vs/workbench/api/node/extensionHostProcess.js:127:26583)
	at async Promise.all (index 0)
2023-08-14 13:44:35.233 [info] ExtensionService#_doActivateExtension ms-toolsai.jupyter-renderers, startup: false, activationEvent: 'onNotebook:*'
2023-08-14 13:44:36.004 [info] Eager extensions activated
2023-08-14 13:44:36.014 [info] ExtensionService#_doActivateExtension ms-python.python, startup: false, activationEvent: 'api', root cause: ms-toolsai.jupyter
2023-08-14 13:44:36.230 [info] ExtensionService#_doActivateExtension batisteo.vscode-django, startup: false, activationEvent: 'onLanguage:python'
2023-08-14 13:44:36.232 [error] Activating extension batisteo.vscode-django failed due to an error:
2023-08-14 13:44:36.232 [error] Error: Cannot find module '/home/teenarp2026/.vscode/extensions/batisteo.vscode-django-1.10.0/out/extension'
Require stack:
- /opt/visual-studio-code/resources/app/out/vs/loader.js
- /opt/visual-studio-code/resources/app/out/bootstrap-amd.js
- /opt/visual-studio-code/resources/app/out/bootstrap-fork.js
- 
	at Module._resolveFilename (node:internal/modules/cjs/loader:1010:15)
	at s._resolveFilename (node:electron/js2c/utility_init:2:2740)
	at Module._load (node:internal/modules/cjs/loader:858:27)
	at f._load (node:electron/js2c/asar_bundle:2:13330)
	at l._load (/opt/visual-studio-code/resources/app/out/vs/workbench/api/node/extensionHostProcess.js:127:28070)
	at p._load (/opt/visual-studio-code/resources/app/out/vs/workbench/api/node/extensionHostProcess.js:127:25404)
	at u._load (/opt/visual-studio-code/resources/app/out/vs/workbench/api/node/extensionHostProcess.js:91:22191)
	at Module.require (node:internal/modules/cjs/loader:1082:19)
	at require (node:internal/modules/cjs/helpers:102:18)
	at Function.i [as __$__nodeRequire] (/opt/visual-studio-code/resources/app/out/vs/loader.js:5:98)
	at i.rb (/opt/visual-studio-code/resources/app/out/vs/workbench/api/node/extensionHostProcess.js:127:26583)
	at async Promise.all (index 0)
2023-08-14 13:44:36.233 [info] ExtensionService#_doActivateExtension KevinRose.vsc-python-indent, startup: false, activationEvent: 'onLanguage:python'
2023-08-14 13:44:36.240 [info] ExtensionService#_doActivateExtension njpwerner.autodocstring, startup: false, activationEvent: 'onLanguage:python'
2023-08-14 13:44:36.242 [error] Activating extension njpwerner.autodocstring failed due to an error:
2023-08-14 13:44:36.242 [error] Error: Cannot find module '/home/teenarp2026/.vscode/extensions/njpwerner.autodocstring-0.6.1/out/extension.js'
Require stack:
- /opt/visual-studio-code/resources/app/out/vs/loader.js
- /opt/visual-studio-code/resources/app/out/bootstrap-amd.js
- /opt/visual-studio-code/resources/app/out/bootstrap-fork.js
- 
	at Module._resolveFilename (node:internal/modules/cjs/loader:1010:15)
	at s._resolveFilename (node:electron/js2c/utility_init:2:2740)
	at Module._load (node:internal/modules/cjs/loader:858:27)
	at f._load (node:electron/js2c/asar_bundle:2:13330)
	at l._load (/opt/visual-studio-code/resources/app/out/vs/workbench/api/node/extensionHostProcess.js:127:28070)
	at p._load (/opt/visual-studio-code/resources/app/out/vs/workbench/api/node/extensionHostProcess.js:127:25404)
	at u._load (/opt/visual-studio-code/resources/app/out/vs/workbench/api/node/extensionHostProcess.js:91:22191)
	at Module.require (node:internal/modules/cjs/loader:1082:19)
	at require (node:internal/modules/cjs/helpers:102:18)
	at Function.i [as __$__nodeRequire] (/opt/visual-studio-code/resources/app/out/vs/loader.js:5:98)
	at i.rb (/opt/visual-studio-code/resources/app/out/vs/workbench/api/node/extensionHostProcess.js:127:26583)
	at async Promise.all (index 0)
2023-08-14 13:44:36.242 [info] ExtensionService#_doActivateExtension VisualStudioExptTeam.intellicode-api-usage-examples, startup: false, activationEvent: 'onLanguage:python'
2023-08-14 13:44:36.244 [error] Activating extension VisualStudioExptTeam.intellicode-api-usage-examples failed due to an error:
2023-08-14 13:44:36.244 [error] Error: Cannot find module '/home/teenarp2026/.vscode/extensions/visualstudioexptteam.intellicode-api-usage-examples-0.2.7/dist/extension.js'
Require stack:
- /opt/visual-studio-code/resources/app/out/vs/loader.js
- /opt/visual-studio-code/resources/app/out/bootstrap-amd.js
- /opt/visual-studio-code/resources/app/out/bootstrap-fork.js
- 
	at Module._resolveFilename (node:internal/modules/cjs/loader:1010:15)
	at s._resolveFilename (node:electron/js2c/utility_init:2:2740)
	at Module._load (node:internal/modules/cjs/loader:858:27)
	at f._load (node:electron/js2c/asar_bundle:2:13330)
	at l._load (/opt/visual-studio-code/resources/app/out/vs/workbench/api/node/extensionHostProcess.js:127:28070)
	at p._load (/opt/visual-studio-code/resources/app/out/vs/workbench/api/node/extensionHostProcess.js:127:25404)
	at u._load (/opt/visual-studio-code/resources/app/out/vs/workbench/api/node/extensionHostProcess.js:91:22191)
	at Module.require (node:internal/modules/cjs/loader:1082:19)
	at require (node:internal/modules/cjs/helpers:102:18)
	at Function.i [as __$__nodeRequire] (/opt/visual-studio-code/resources/app/out/vs/loader.js:5:98)
	at i.rb (/opt/visual-studio-code/resources/app/out/vs/workbench/api/node/extensionHostProcess.js:127:26583)
	at async Promise.all (index 0)
2023-08-14 13:44:36.245 [info] ExtensionService#_doActivateExtension VisualStudioExptTeam.vscodeintellicode, startup: false, activationEvent: 'onLanguage:python'
2023-08-14 13:44:36.247 [error] Activating extension VisualStudioExptTeam.vscodeintellicode failed due to an error:
2023-08-14 13:44:36.247 [error] Error: Cannot find module '/home/teenarp2026/.vscode/extensions/visualstudioexptteam.vscodeintellicode-1.2.30/dist/intellicode'
Require stack:
- /opt/visual-studio-code/resources/app/out/vs/loader.js
- /opt/visual-studio-code/resources/app/out/bootstrap-amd.js
- /opt/visual-studio-code/resources/app/out/bootstrap-fork.js
- 
	at Module._resolveFilename (node:internal/modules/cjs/loader:1010:15)
	at s._resolveFilename (node:electron/js2c/utility_init:2:2740)
	at Module._load (node:internal/modules/cjs/loader:858:27)
	at f._load (node:electron/js2c/asar_bundle:2:13330)
	at l._load (/opt/visual-studio-code/resources/app/out/vs/workbench/api/node/extensionHostProcess.js:127:28070)
	at p._load (/opt/visual-studio-code/resources/app/out/vs/workbench/api/node/extensionHostProcess.js:127:25404)
	at u._load (/opt/visual-studio-code/resources/app/out/vs/workbench/api/node/extensionHostProcess.js:91:22191)
	at Module.require (node:internal/modules/cjs/loader:1082:19)
	at require (node:internal/modules/cjs/helpers:102:18)
	at Function.i [as __$__nodeRequire] (/opt/visual-studio-code/resources/app/out/vs/loader.js:5:98)
	at i.rb (/opt/visual-studio-code/resources/app/out/vs/workbench/api/node/extensionHostProcess.js:127:26583)
	at async Promise.all (index 0)
2023-08-14 13:44:36.247 [info] ExtensionService#_doActivateExtension vscode.emmet, startup: false, activationEvent: 'onLanguage'
2023-08-14 13:44:36.263 [info] ExtensionService#_doActivateExtension vscode.json-language-features, startup: false, activationEvent: 'onLanguage:jsonc'
2023-08-14 13:44:36.299 [info] ExtensionService#_doActivateExtension vscode.typescript-language-features, startup: false, activationEvent: 'onLanguage:jsonc'
2023-08-14 13:44:36.331 [info] ExtensionService#_doActivateExtension vscode.debug-auto-launch, startup: false, activationEvent: 'onStartupFinished'
2023-08-14 13:44:36.334 [info] ExtensionService#_doActivateExtension vscode.merge-conflict, startup: false, activationEvent: 'onStartupFinished'
2023-08-14 13:44:36.347 [info] ExtensionService#_doActivateExtension BenRogersWPG.transparent-minimap, startup: false, activationEvent: 'onStartupFinished'
2023-08-14 13:44:36.351 [info] ExtensionService#_doActivateExtension PKief.material-icon-theme, startup: false, activationEvent: 'onStartupFinished'
2023-08-14 13:44:36.363 [info] ExtensionService#_doActivateExtension Sudhan.neondark-theme, startup: false, activationEvent: 'onStartupFinished'
2023-08-14 13:44:36.367 [info] ExtensionService#_doActivateExtension Vikasdubey0551.jupyterlab-browser, startup: false, activationEvent: 'onStartupFinished'
2023-08-14 13:44:36.805 [info] ExtensionService#_doActivateExtension ms-python.isort, startup: false, activationEvent: 'onLanguage:python'
2023-08-14 13:44:36.832 [info] ExtensionService#_doActivateExtension ms-python.vscode-pylance, startup: false, activationEvent: 'onLanguage:python'
2023-08-14 13:44:39.719 [info] ExtensionService#_doActivateExtension vscode.github-authentication, startup: false, activationEvent: 'onAuthenticationRequest:github'
2023-08-14 13:44:39.873 [info] ExtensionService#_doActivateExtension vscode.microsoft-authentication, startup: false, activationEvent: 'onAuthenticationRequest:microsoft'
2023-08-14 13:45:14.844 [error] [ms-python.python] provider FAILED
2023-08-14 13:45:14.844 [error] TypeError: Cannot read properties of undefined (reading 'data')
	at /home/teenarp2026/.vscode/extensions/ms-python.vscode-pylance-2023.8.20/dist/extension.bundle.js:1:71163
	at _0x272595 (/home/teenarp2026/.vscode/extensions/ms-python.vscode-pylance-2023.8.20/dist/extension.bundle.js:1:82978)
	at async K.provideCompletionItems (/opt/visual-studio-code/resources/app/out/vs/workbench/api/node/extensionHostProcess.js:101:50297)
2023-08-14 13:51:20.721 [info] ExtensionService#_doActivateExtension vscode.media-preview, startup: false, activationEvent: 'onCustomEditor:imagePreview.previewEditor'
2023-08-14 14:06:22.448 [info] ExtensionService#_doActivateExtension vscode.extension-editing, startup: false, activationEvent: 'onLanguage:json'
2023-08-14 14:06:22.458 [info] ExtensionService#_doActivateExtension vscode.npm, startup: false, activationEvent: 'onLanguage:json'
