2023-08-14 13:44:37.380 [info] Name: isort
2023-08-14 13:44:37.381 [info] Module: isort
2023-08-14 13:44:37.381 [info] Python extension loading
2023-08-14 13:44:37.381 [info] Waiting for interpreter from python extension.
2023-08-14 13:44:37.381 [info] No interpreter found from setting isort.interpreter
2023-08-14 13:44:37.381 [info] Getting interpreter from ms-python.python extension for workspace /home/teenarp2026/Documents/opencv-new
2023-08-14 13:44:37.381 [info] Python extension loaded
2023-08-14 13:44:37.381 [info] Interpreter from ms-python.python extension for /home/teenarp2026/Documents/opencv-new: /home/teenarp2026/Documents/opencv-new/.venv/bin/python
2023-08-14 13:44:37.381 [info] No interpreter found from setting isort.interpreter
2023-08-14 13:44:37.381 [info] Getting interpreter from ms-python.python extension for workspace /home/teenarp2026/Documents/opencv-new
2023-08-14 13:44:37.381 [info] Interpreter from ms-python.python extension for /home/teenarp2026/Documents/opencv-new: /home/teenarp2026/Documents/opencv-new/.venv/bin/python
2023-08-14 13:44:37.381 [info] Server run command: /home/teenarp2026/Documents/opencv-new/.venv/bin/python /home/teenarp2026/.vscode/extensions/ms-python.isort-2023.10.1/bundled/tool/lsp_server.py
2023-08-14 13:44:37.381 [info] Server: Start requested.
2023-08-14 13:44:39.630 [info] CWD Server: /home/teenarp2026/Documents/opencv-new
2023-08-14 13:44:39.773 [info] sys.path used to run Server:
   /home/teenarp2026/.vscode/extensions/ms-python.isort-2023.10.1/bundled/libs
   /home/teenarp2026/.vscode/extensions/ms-python.isort-2023.10.1/bundled/tool
   /usr/lib/python311.zip
   /usr/lib/python3.11
   /usr/lib/python3.11/lib-dynload
   /home/teenarp2026/Documents/opencv-new/.venv/lib/python3.11/site-packages
2023-08-14 13:44:39.830 [info] Settings used to run Server:
[
    {
        "check": false,
        "cwd": "/home/teenarp2026/Documents/opencv-new",
        "workspace": "file:///home/teenarp2026/Documents/opencv-new",
        "args": [],
        "path": [],
        "severity": {
            "W": "Warning",
            "E": "Hint"
        },
        "interpreter": [
            "/home/teenarp2026/Documents/opencv-new/.venv/bin/python"
        ],
        "importStrategy": "useBundled",
        "showNotifications": "off"
    }
]

2023-08-14 13:44:39.853 [info] Global settings:
{
    "check": false,
    "cwd": "/home/teenarp2026",
    "workspace": "/home/teenarp2026",
    "args": [],
    "path": [],
    "severity": {
        "W": "Warning",
        "E": "Hint"
    },
    "interpreter": [],
    "importStrategy": "useBundled",
    "showNotifications": "off"
}

2023-08-14 13:44:39.860 [info] /home/teenarp2026/Documents/opencv-new/.venv/bin/python -m isort --version-number
2023-08-14 13:44:39.866 [info] CWD Linter: /home/teenarp2026/Documents/opencv-new
2023-08-14 13:44:39.868 [info] Version info for isort running for /home/teenarp2026/Documents/opencv-new:
5.11.5

2023-08-14 13:44:39.871 [info] SUPPORTED isort>=5.10.1
FOUND isort==5.11.5

2023-08-14 13:44:40.002 [info] [Trace - 1:44:39 PM] Sending request 'textDocument/codeAction - (1)'.
2023-08-14 13:44:40.003 [info] [Trace - 1:44:40 PM] Sending request 'textDocument/codeAction - (2)'.
2023-08-14 13:44:40.010 [info] [Trace - 1:44:40 PM] Received notification 'textDocument/publishDiagnostics'.
2023-08-14 13:44:40.014 [info] [Trace - 1:44:40 PM] Received notification 'textDocument/publishDiagnostics'.
2023-08-14 13:44:40.015 [info] [Trace - 1:44:40 PM] Received notification 'textDocument/publishDiagnostics'.
2023-08-14 13:44:40.018 [info] [Trace - 1:44:40 PM] Received notification 'textDocument/publishDiagnostics'.
2023-08-14 13:44:40.021 [info] [Trace - 1:44:40 PM] Received notification 'textDocument/publishDiagnostics'.
2023-08-14 13:44:40.022 [info] [Trace - 1:44:40 PM] Received notification 'textDocument/publishDiagnostics'.
2023-08-14 13:44:40.023 [info] [Trace - 1:44:40 PM] Received response 'textDocument/codeAction - (1)' in 21ms.
2023-08-14 13:44:40.024 [info] [Trace - 1:44:40 PM] Received response 'textDocument/codeAction - (2)' in 21ms.
2023-08-14 13:44:40.682 [info] [Trace - 1:44:40 PM] Sending request 'textDocument/codeAction - (3)'.
2023-08-14 13:44:40.688 [info] [Trace - 1:44:40 PM] Received response 'textDocument/codeAction - (3)' in 6ms.
2023-08-14 13:44:40.922 [info] [Trace - 1:44:40 PM] Sending request 'textDocument/codeAction - (4)'.
2023-08-14 13:44:40.924 [info] [Trace - 1:44:40 PM] Received response 'textDocument/codeAction - (4)' in 2ms.
2023-08-14 13:44:41.516 [info] [Trace - 1:44:41 PM] Sending request 'textDocument/codeAction - (5)'.
2023-08-14 13:44:41.532 [info] [Trace - 1:44:41 PM] Received response 'textDocument/codeAction - (5)' in 16ms.
2023-08-14 13:44:41.811 [info] [Trace - 1:44:41 PM] Sending request 'textDocument/codeAction - (6)'.
2023-08-14 13:44:41.815 [info] [Trace - 1:44:41 PM] Received response 'textDocument/codeAction - (6)' in 3ms.
2023-08-14 13:44:42.291 [info] [Trace - 1:44:42 PM] Sending request 'textDocument/codeAction - (7)'.
2023-08-14 13:44:42.295 [info] [Trace - 1:44:42 PM] Received response 'textDocument/codeAction - (7)' in 4ms.
2023-08-14 13:44:42.544 [info] [Trace - 1:44:42 PM] Sending request 'textDocument/codeAction - (8)'.
2023-08-14 13:44:42.547 [info] [Trace - 1:44:42 PM] Received response 'textDocument/codeAction - (8)' in 4ms.
2023-08-14 13:44:42.601 [info] [Trace - 1:44:42 PM] Sending request 'textDocument/codeAction - (9)'.
2023-08-14 13:44:42.605 [info] [Trace - 1:44:42 PM] Received response 'textDocument/codeAction - (9)' in 4ms.
2023-08-14 13:44:46.154 [info] [Trace - 1:44:46 PM] Sending request 'textDocument/codeAction - (10)'.
2023-08-14 13:44:46.157 [info] [Trace - 1:44:46 PM] Received response 'textDocument/codeAction - (10)' in 3ms.
2023-08-14 13:44:47.148 [info] [Trace - 1:44:47 PM] Sending notification 'textDocument/didOpen'.
2023-08-14 13:44:47.152 [info] [Trace - 1:44:47 PM] Received notification 'textDocument/publishDiagnostics'.
2023-08-14 13:44:47.459 [info] [Trace - 1:44:47 PM] Sending request 'textDocument/codeAction - (11)'.
2023-08-14 13:44:47.463 [info] [Trace - 1:44:47 PM] Received response 'textDocument/codeAction - (11)' in 4ms.
2023-08-14 13:44:47.895 [info] [Trace - 1:44:47 PM] Sending request 'textDocument/codeAction - (12)'.
2023-08-14 13:44:47.898 [info] [Trace - 1:44:47 PM] Received response 'textDocument/codeAction - (12)' in 3ms.
2023-08-14 13:44:58.593 [info] [Trace - 1:44:58 PM] Sending request 'textDocument/codeAction - (13)'.
2023-08-14 13:44:58.596 [info] [Trace - 1:44:58 PM] Received response 'textDocument/codeAction - (13)' in 4ms.
2023-08-14 13:44:59.610 [info] [Trace - 1:44:59 PM] Sending request 'textDocument/codeAction - (14)'.
2023-08-14 13:44:59.613 [info] [Trace - 1:44:59 PM] Received response 'textDocument/codeAction - (14)' in 2ms.
2023-08-14 13:45:00.054 [info] [Trace - 1:45:00 PM] Sending request 'textDocument/codeAction - (15)'.
2023-08-14 13:45:00.056 [info] [Trace - 1:45:00 PM] Received response 'textDocument/codeAction - (15)' in 2ms.
2023-08-14 13:45:11.180 [info] [Trace - 1:45:11 PM] Sending request 'textDocument/codeAction - (16)'.
2023-08-14 13:45:11.187 [info] [Trace - 1:45:11 PM] Received response 'textDocument/codeAction - (16)' in 7ms.
2023-08-14 13:45:11.642 [info] [Trace - 1:45:11 PM] Sending notification 'textDocument/didChange'.
2023-08-14 13:45:11.948 [info] [Trace - 1:45:11 PM] Sending request 'textDocument/codeAction - (17)'.
2023-08-14 13:45:11.950 [info] [Trace - 1:45:11 PM] Received response 'textDocument/codeAction - (17)' in 2ms.
2023-08-14 13:45:12.267 [info] [Trace - 1:45:12 PM] Sending notification 'textDocument/didChange'.
2023-08-14 13:45:12.345 [info] [Trace - 1:45:12 PM] Sending notification 'textDocument/didChange'.
2023-08-14 13:45:12.390 [info] [Trace - 1:45:12 PM] Sending notification 'textDocument/didChange'.
2023-08-14 13:45:12.438 [info] [Trace - 1:45:12 PM] Sending notification 'textDocument/didChange'.
2023-08-14 13:45:12.484 [info] [Trace - 1:45:12 PM] Sending notification 'textDocument/didChange'.
2023-08-14 13:45:12.518 [info] [Trace - 1:45:12 PM] Sending notification 'textDocument/didChange'.
2023-08-14 13:45:12.558 [info] [Trace - 1:45:12 PM] Sending notification 'textDocument/didChange'.
2023-08-14 13:45:12.597 [info] [Trace - 1:45:12 PM] Sending notification 'textDocument/didChange'.
2023-08-14 13:45:12.641 [info] [Trace - 1:45:12 PM] Sending notification 'textDocument/didChange'.
2023-08-14 13:45:12.678 [info] [Trace - 1:45:12 PM] Sending notification 'textDocument/didChange'.
2023-08-14 13:45:12.718 [info] [Trace - 1:45:12 PM] Sending notification 'textDocument/didChange'.
2023-08-14 13:45:12.757 [info] [Trace - 1:45:12 PM] Sending notification 'textDocument/didChange'.
2023-08-14 13:45:12.807 [info] [Trace - 1:45:12 PM] Sending notification 'textDocument/didChange'.
2023-08-14 13:45:12.868 [info] [Trace - 1:45:12 PM] Sending notification 'textDocument/didChange'.
2023-08-14 13:45:12.911 [info] [Trace - 1:45:12 PM] Sending notification 'textDocument/didChange'.
2023-08-14 13:45:12.989 [info] [Trace - 1:45:12 PM] Sending notification 'textDocument/didChange'.
2023-08-14 13:45:13.025 [info] [Trace - 1:45:13 PM] Sending notification 'textDocument/didChange'.
2023-08-14 13:45:13.063 [info] [Trace - 1:45:13 PM] Sending notification 'textDocument/didChange'.
2023-08-14 13:45:13.092 [info] [Trace - 1:45:13 PM] Sending notification 'textDocument/didChange'.
2023-08-14 13:45:13.126 [info] [Trace - 1:45:13 PM] Sending notification 'textDocument/didChange'.
2023-08-14 13:45:13.160 [info] [Trace - 1:45:13 PM] Sending notification 'textDocument/didChange'.
2023-08-14 13:45:13.194 [info] [Trace - 1:45:13 PM] Sending notification 'textDocument/didChange'.
2023-08-14 13:45:13.223 [info] [Trace - 1:45:13 PM] Sending notification 'textDocument/didChange'.
2023-08-14 13:45:13.258 [info] [Trace - 1:45:13 PM] Sending notification 'textDocument/didChange'.
2023-08-14 13:45:13.292 [info] [Trace - 1:45:13 PM] Sending notification 'textDocument/didChange'.
2023-08-14 13:45:13.327 [info] [Trace - 1:45:13 PM] Sending notification 'textDocument/didChange'.
2023-08-14 13:45:13.356 [info] [Trace - 1:45:13 PM] Sending notification 'textDocument/didChange'.
2023-08-14 13:45:13.393 [info] [Trace - 1:45:13 PM] Sending notification 'textDocument/didChange'.
2023-08-14 13:45:13.431 [info] [Trace - 1:45:13 PM] Sending notification 'textDocument/didChange'.
2023-08-14 13:45:13.473 [info] [Trace - 1:45:13 PM] Sending notification 'textDocument/didChange'.
2023-08-14 13:45:13.521 [info] [Trace - 1:45:13 PM] Sending notification 'textDocument/didChange'.
2023-08-14 13:45:13.573 [info] [Trace - 1:45:13 PM] Sending notification 'textDocument/didChange'.
2023-08-14 13:45:13.831 [info] [Trace - 1:45:13 PM] Sending request 'textDocument/codeAction - (18)'.
2023-08-14 13:45:13.834 [info] [Trace - 1:45:13 PM] Received response 'textDocument/codeAction - (18)' in 3ms.
2023-08-14 13:45:14.678 [info] [Trace - 1:45:14 PM] Sending request 'textDocument/codeAction - (19)'.
2023-08-14 13:45:14.680 [info] [Trace - 1:45:14 PM] Received response 'textDocument/codeAction - (19)' in 2ms.
2023-08-14 13:45:14.790 [info] [Trace - 1:45:14 PM] Sending notification 'textDocument/didChange'.
2023-08-14 13:45:15.047 [info] [Trace - 1:45:15 PM] Sending request 'textDocument/codeAction - (20)'.
2023-08-14 13:45:15.050 [info] [Trace - 1:45:15 PM] Received response 'textDocument/codeAction - (20)' in 3ms.
2023-08-14 13:45:15.678 [info] [Trace - 1:45:15 PM] Sending request 'textDocument/codeAction - (21)'.
2023-08-14 13:45:15.681 [info] [Trace - 1:45:15 PM] Received response 'textDocument/codeAction - (21)' in 3ms.
2023-08-14 13:45:23.057 [info] [Trace - 1:45:23 PM] Sending notification 'textDocument/didChange'.
2023-08-14 13:45:23.330 [info] [Trace - 1:45:23 PM] Sending request 'textDocument/codeAction - (22)'.
2023-08-14 13:45:23.332 [info] [Trace - 1:45:23 PM] Received response 'textDocument/codeAction - (22)' in 2ms.
2023-08-14 13:45:23.950 [info] [Trace - 1:45:23 PM] Sending request 'textDocument/codeAction - (23)'.
2023-08-14 13:45:23.953 [info] [Trace - 1:45:23 PM] Sending notification 'textDocument/didChange'.
2023-08-14 13:45:23.955 [info] [Trace - 1:45:23 PM] Received response 'textDocument/codeAction - (23)' in 5ms.
2023-08-14 13:45:24.058 [info] [Trace - 1:45:24 PM] Sending notification 'textDocument/didChange'.
2023-08-14 13:45:24.319 [info] [Trace - 1:45:24 PM] Sending request 'textDocument/codeAction - (24)'.
2023-08-14 13:45:24.321 [info] [Trace - 1:45:24 PM] Received response 'textDocument/codeAction - (24)' in 2ms.
2023-08-14 13:45:24.394 [info] [Trace - 1:45:24 PM] Sending notification 'textDocument/didChange'.
2023-08-14 13:45:24.519 [info] [Trace - 1:45:24 PM] Sending notification 'textDocument/didChange'.
2023-08-14 13:45:24.777 [info] [Trace - 1:45:24 PM] Sending request 'textDocument/codeAction - (25)'.
2023-08-14 13:45:24.780 [info] [Trace - 1:45:24 PM] Received response 'textDocument/codeAction - (25)' in 3ms.
2023-08-14 13:45:24.796 [info] [Trace - 1:45:24 PM] Sending notification 'textDocument/didChange'.
2023-08-14 13:45:25.053 [info] [Trace - 1:45:25 PM] Sending request 'textDocument/codeAction - (26)'.
2023-08-14 13:45:25.056 [info] [Trace - 1:45:25 PM] Received response 'textDocument/codeAction - (26)' in 3ms.
2023-08-14 13:45:25.676 [info] [Trace - 1:45:25 PM] Sending request 'textDocument/codeAction - (27)'.
2023-08-14 13:45:25.679 [info] [Trace - 1:45:25 PM] Received response 'textDocument/codeAction - (27)' in 3ms.
2023-08-14 13:45:26.504 [info] [Trace - 1:45:26 PM] Sending request 'textDocument/codeAction - (28)'.
2023-08-14 13:45:26.507 [info] [Trace - 1:45:26 PM] Received response 'textDocument/codeAction - (28)' in 3ms.
2023-08-14 13:45:26.526 [info] [Trace - 1:45:26 PM] Sending request 'textDocument/codeAction - (29)'.
2023-08-14 13:45:26.530 [info] [Trace - 1:45:26 PM] Received response 'textDocument/codeAction - (29)' in 4ms.
2023-08-14 13:45:26.761 [info] [Trace - 1:45:26 PM] Sending request 'textDocument/codeAction - (30)'.
2023-08-14 13:45:26.764 [info] [Trace - 1:45:26 PM] Received response 'textDocument/codeAction - (30)' in 3ms.
2023-08-14 13:45:27.873 [info] [Trace - 1:45:27 PM] Sending request 'textDocument/codeAction - (31)'.
2023-08-14 13:45:27.876 [info] [Trace - 1:45:27 PM] Received response 'textDocument/codeAction - (31)' in 3ms.
2023-08-14 13:45:28.129 [info] [Trace - 1:45:28 PM] Sending request 'textDocument/codeAction - (32)'.
2023-08-14 13:45:28.132 [info] [Trace - 1:45:28 PM] Received response 'textDocument/codeAction - (32)' in 3ms.
2023-08-14 13:45:28.221 [info] [Trace - 1:45:28 PM] Sending request 'textDocument/codeAction - (33)'.
2023-08-14 13:45:28.225 [info] [Trace - 1:45:28 PM] Received response 'textDocument/codeAction - (33)' in 3ms.
2023-08-14 13:45:30.409 [info] [Trace - 1:45:30 PM] Sending request 'textDocument/codeAction - (34)'.
2023-08-14 13:45:30.412 [info] [Trace - 1:45:30 PM] Received response 'textDocument/codeAction - (34)' in 3ms.
2023-08-14 13:45:30.663 [info] [Trace - 1:45:30 PM] Sending request 'textDocument/codeAction - (35)'.
2023-08-14 13:45:30.666 [info] [Trace - 1:45:30 PM] Received response 'textDocument/codeAction - (35)' in 3ms.
2023-08-14 13:45:31.672 [info] [Trace - 1:45:31 PM] Sending request 'textDocument/codeAction - (36)'.
2023-08-14 13:45:31.676 [info] [Trace - 1:45:31 PM] Received response 'textDocument/codeAction - (36)' in 4ms.
2023-08-14 13:45:35.967 [info] [Trace - 1:45:35 PM] Sending request 'textDocument/codeAction - (37)'.
2023-08-14 13:45:35.970 [info] [Trace - 1:45:35 PM] Received response 'textDocument/codeAction - (37)' in 3ms.
2023-08-14 13:45:36.241 [info] [Trace - 1:45:36 PM] Sending request 'textDocument/codeAction - (38)'.
2023-08-14 13:45:36.243 [info] [Trace - 1:45:36 PM] Received response 'textDocument/codeAction - (38)' in 2ms.
2023-08-14 13:45:52.601 [info] [Trace - 1:45:52 PM] Sending request 'textDocument/codeAction - (39)'.
2023-08-14 13:45:52.605 [info] [Trace - 1:45:52 PM] Received response 'textDocument/codeAction - (39)' in 4ms.
2023-08-14 13:45:52.867 [info] [Trace - 1:45:52 PM] Sending request 'textDocument/codeAction - (40)'.
2023-08-14 13:45:52.871 [info] [Trace - 1:45:52 PM] Received response 'textDocument/codeAction - (40)' in 4ms.
2023-08-14 13:45:53.936 [info] [Trace - 1:45:53 PM] Sending request 'textDocument/codeAction - (41)'.
2023-08-14 13:45:53.939 [info] [Trace - 1:45:53 PM] Received response 'textDocument/codeAction - (41)' in 3ms.
2023-08-14 13:45:54.189 [info] [Trace - 1:45:54 PM] Sending request 'textDocument/codeAction - (42)'.
2023-08-14 13:45:54.192 [info] [Trace - 1:45:54 PM] Received response 'textDocument/codeAction - (42)' in 3ms.
2023-08-14 13:45:56.930 [info] [Trace - 1:45:56 PM] Sending request 'textDocument/codeAction - (43)'.
2023-08-14 13:45:56.934 [info] [Trace - 1:45:56 PM] Received response 'textDocument/codeAction - (43)' in 4ms.
2023-08-14 13:46:03.171 [info] [Trace - 1:46:03 PM] Sending request 'textDocument/codeAction - (44)'.
2023-08-14 13:46:03.174 [info] [Trace - 1:46:03 PM] Received response 'textDocument/codeAction - (44)' in 3ms.
2023-08-14 13:46:09.722 [info] [Trace - 1:46:09 PM] Sending request 'textDocument/codeAction - (45)'.
2023-08-14 13:46:09.725 [info] [Trace - 1:46:09 PM] Received response 'textDocument/codeAction - (45)' in 3ms.
2023-08-14 13:46:09.979 [info] [Trace - 1:46:09 PM] Sending request 'textDocument/codeAction - (46)'.
2023-08-14 13:46:09.982 [info] [Trace - 1:46:09 PM] Received response 'textDocument/codeAction - (46)' in 3ms.
2023-08-14 13:46:12.976 [info] [Trace - 1:46:12 PM] Sending request 'textDocument/codeAction - (47)'.
2023-08-14 13:46:12.979 [info] [Trace - 1:46:12 PM] Received response 'textDocument/codeAction - (47)' in 3ms.
2023-08-14 13:46:37.754 [info] [Trace - 1:46:37 PM] Sending request 'textDocument/codeAction - (48)'.
2023-08-14 13:46:37.757 [info] [Trace - 1:46:37 PM] Received response 'textDocument/codeAction - (48)' in 3ms.
2023-08-14 13:46:39.393 [info] [Trace - 1:46:39 PM] Sending request 'textDocument/codeAction - (49)'.
2023-08-14 13:46:39.397 [info] [Trace - 1:46:39 PM] Received response 'textDocument/codeAction - (49)' in 4ms.
2023-08-14 13:46:39.419 [info] [Trace - 1:46:39 PM] Sending request 'textDocument/codeAction - (50)'.
2023-08-14 13:46:39.422 [info] [Trace - 1:46:39 PM] Received response 'textDocument/codeAction - (50)' in 3ms.
2023-08-14 13:46:39.647 [info] [Trace - 1:46:39 PM] Sending request 'textDocument/codeAction - (51)'.
2023-08-14 13:46:39.650 [info] [Trace - 1:46:39 PM] Received response 'textDocument/codeAction - (51)' in 3ms.
2023-08-14 13:46:39.671 [info] [Trace - 1:46:39 PM] Sending request 'textDocument/codeAction - (52)'.
2023-08-14 13:46:39.674 [info] [Trace - 1:46:39 PM] Received response 'textDocument/codeAction - (52)' in 3ms.
2023-08-14 13:46:40.258 [info] [Trace - 1:46:40 PM] Sending notification 'textDocument/didClose'.
2023-08-14 13:46:40.262 [info] [Trace - 1:46:40 PM] Received notification 'textDocument/publishDiagnostics'.
2023-08-14 13:46:43.559 [info] [Trace - 1:46:43 PM] Sending notification 'textDocument/didOpen'.
2023-08-14 13:46:43.564 [info] [Trace - 1:46:43 PM] Received notification 'textDocument/publishDiagnostics'.
2023-08-14 13:46:43.601 [info] [Trace - 1:46:43 PM] Sending request 'textDocument/codeAction - (53)'.
2023-08-14 13:46:43.611 [info] [Trace - 1:46:43 PM] Received response 'textDocument/codeAction - (53)' in 10ms.
2023-08-14 13:46:44.031 [info] [Trace - 1:46:44 PM] Sending request 'textDocument/codeAction - (54)'.
2023-08-14 13:46:44.036 [info] [Trace - 1:46:44 PM] Received response 'textDocument/codeAction - (54)' in 4ms.
2023-08-14 13:46:46.063 [info] [Trace - 1:46:46 PM] Sending request 'textDocument/codeAction - (55)'.
2023-08-14 13:46:46.066 [info] [Trace - 1:46:46 PM] Received response 'textDocument/codeAction - (55)' in 3ms.
2023-08-14 13:46:47.680 [info] [Trace - 1:46:47 PM] Sending request 'textDocument/codeAction - (56)'.
2023-08-14 13:46:47.683 [info] [Trace - 1:46:47 PM] Received response 'textDocument/codeAction - (56)' in 3ms.
2023-08-14 13:46:47.863 [info] [Trace - 1:46:47 PM] Sending notification 'textDocument/didChange'.
2023-08-14 13:46:48.101 [info] [Trace - 1:46:48 PM] Sending notification 'textDocument/didChange'.
2023-08-14 13:46:48.252 [info] [Trace - 1:46:48 PM] Sending notification 'textDocument/didChange'.
2023-08-14 13:46:48.408 [info] [Trace - 1:46:48 PM] Sending notification 'textDocument/didChange'.
2023-08-14 13:46:48.661 [info] [Trace - 1:46:48 PM] Sending request 'textDocument/codeAction - (57)'.
2023-08-14 13:46:48.663 [info] [Trace - 1:46:48 PM] Received response 'textDocument/codeAction - (57)' in 2ms.
2023-08-14 13:46:48.672 [info] [Trace - 1:46:48 PM] Sending notification 'textDocument/didChange'.
2023-08-14 13:46:48.822 [info] [Trace - 1:46:48 PM] Sending notification 'textDocument/didChange'.
2023-08-14 13:46:48.965 [info] [Trace - 1:46:48 PM] Sending notification 'textDocument/didChange'.
2023-08-14 13:46:49.111 [info] [Trace - 1:46:49 PM] Sending notification 'textDocument/didChange'.
2023-08-14 13:46:49.364 [info] [Trace - 1:46:49 PM] Sending request 'textDocument/codeAction - (58)'.
2023-08-14 13:46:49.367 [info] [Trace - 1:46:49 PM] Received response 'textDocument/codeAction - (58)' in 3ms.
2023-08-14 13:46:49.532 [info] [Trace - 1:46:49 PM] Sending notification 'textDocument/didChange'.
2023-08-14 13:46:49.785 [info] [Trace - 1:46:49 PM] Sending request 'textDocument/codeAction - (59)'.
2023-08-14 13:46:49.788 [info] [Trace - 1:46:49 PM] Received response 'textDocument/codeAction - (59)' in 3ms.
2023-08-14 13:46:50.573 [info] [Trace - 1:46:50 PM] Sending request 'textDocument/codeAction - (60)'.
2023-08-14 13:46:50.576 [info] [Trace - 1:46:50 PM] Received response 'textDocument/codeAction - (60)' in 2ms.
2023-08-14 13:46:51.932 [info] [Trace - 1:46:51 PM] Sending notification 'textDocument/didChange'.
2023-08-14 13:46:52.011 [info] [Trace - 1:46:52 PM] Sending notification 'textDocument/didChange'.
2023-08-14 13:46:52.241 [info] [Trace - 1:46:52 PM] Sending notification 'textDocument/didChange'.
2023-08-14 13:46:52.448 [info] [Trace - 1:46:52 PM] Sending notification 'textDocument/didChange'.
2023-08-14 13:46:52.701 [info] [Trace - 1:46:52 PM] Sending request 'textDocument/codeAction - (61)'.
2023-08-14 13:46:52.705 [info] [Trace - 1:46:52 PM] Received response 'textDocument/codeAction - (61)' in 4ms.
2023-08-14 13:46:53.102 [info] [Trace - 1:46:53 PM] Sending notification 'textDocument/didChange'.
2023-08-14 13:46:53.355 [info] [Trace - 1:46:53 PM] Sending request 'textDocument/codeAction - (62)'.
2023-08-14 13:46:53.357 [info] [Trace - 1:46:53 PM] Received response 'textDocument/codeAction - (62)' in 3ms.
2023-08-14 13:46:53.523 [info] [Trace - 1:46:53 PM] Sending notification 'textDocument/didChange'.
2023-08-14 13:46:53.775 [info] [Trace - 1:46:53 PM] Sending request 'textDocument/codeAction - (63)'.
2023-08-14 13:46:53.778 [info] [Trace - 1:46:53 PM] Received response 'textDocument/codeAction - (63)' in 3ms.
2023-08-14 13:46:54.135 [info] [Trace - 1:46:54 PM] Sending notification 'textDocument/didChange'.
2023-08-14 13:46:54.388 [info] [Trace - 1:46:54 PM] Sending request 'textDocument/codeAction - (64)'.
2023-08-14 13:46:54.391 [info] [Trace - 1:46:54 PM] Received response 'textDocument/codeAction - (64)' in 3ms.
2023-08-14 13:46:54.964 [info] [Trace - 1:46:54 PM] Sending request 'textDocument/codeAction - (65)'.
2023-08-14 13:46:54.967 [info] [Trace - 1:46:54 PM] Received response 'textDocument/codeAction - (65)' in 3ms.
2023-08-14 13:46:54.990 [info] [Trace - 1:46:54 PM] Sending notification 'textDocument/didChange'.
2023-08-14 13:46:55.140 [info] [Trace - 1:46:55 PM] Sending notification 'textDocument/didChange'.
2023-08-14 13:46:55.393 [info] [Trace - 1:46:55 PM] Sending request 'textDocument/codeAction - (66)'.
2023-08-14 13:46:55.395 [info] [Trace - 1:46:55 PM] Received response 'textDocument/codeAction - (66)' in 3ms.
2023-08-14 13:46:55.974 [info] [Trace - 1:46:55 PM] Sending request 'textDocument/codeAction - (67)'.
2023-08-14 13:46:55.977 [info] [Trace - 1:46:55 PM] Received response 'textDocument/codeAction - (67)' in 3ms.
2023-08-14 13:46:56.033 [info] [Trace - 1:46:56 PM] Sending notification 'textDocument/didChange'.
2023-08-14 13:46:56.131 [info] [Trace - 1:46:56 PM] Sending notification 'textDocument/didChange'.
2023-08-14 13:46:56.383 [info] [Trace - 1:46:56 PM] Sending request 'textDocument/codeAction - (68)'.
2023-08-14 13:46:56.386 [info] [Trace - 1:46:56 PM] Received response 'textDocument/codeAction - (68)' in 3ms.
2023-08-14 13:46:56.987 [info] [Trace - 1:46:56 PM] Sending request 'textDocument/codeAction - (69)'.
2023-08-14 13:46:56.989 [info] [Trace - 1:46:56 PM] Received response 'textDocument/codeAction - (69)' in 2ms.
2023-08-14 13:47:11.248 [info] [Trace - 1:47:11 PM] Sending notification 'textDocument/didSave'.
2023-08-14 13:47:11.254 [info] [Trace - 1:47:11 PM] Received notification 'textDocument/publishDiagnostics'.
2023-08-14 13:49:20.789 [info] [Trace - 1:49:20 PM] Sending notification 'textDocument/didClose'.
2023-08-14 13:49:20.791 [info] [Trace - 1:49:20 PM] Received notification 'textDocument/publishDiagnostics'.
2023-08-14 13:49:25.720 [info] [Trace - 1:49:25 PM] Sending request 'textDocument/codeAction - (70)'.
2023-08-14 13:49:25.724 [info] [Trace - 1:49:25 PM] Received response 'textDocument/codeAction - (70)' in 4ms.
2023-08-14 13:49:26.159 [info] [Trace - 1:49:26 PM] Sending request 'textDocument/codeAction - (71)'.
2023-08-14 13:49:26.162 [info] [Trace - 1:49:26 PM] Received response 'textDocument/codeAction - (71)' in 3ms.
2023-08-14 13:49:26.415 [info] [Trace - 1:49:26 PM] Sending request 'textDocument/codeAction - (72)'.
2023-08-14 13:49:26.419 [info] [Trace - 1:49:26 PM] Received response 'textDocument/codeAction - (72)' in 4ms.
2023-08-14 13:50:03.303 [info] [Trace - 1:50:03 PM] Sending request 'textDocument/codeAction - (73)'.
2023-08-14 13:50:03.307 [info] [Trace - 1:50:03 PM] Received response 'textDocument/codeAction - (73)' in 4ms.
2023-08-14 13:50:03.555 [info] [Trace - 1:50:03 PM] Sending request 'textDocument/codeAction - (74)'.
2023-08-14 13:50:03.558 [info] [Trace - 1:50:03 PM] Received response 'textDocument/codeAction - (74)' in 3ms.
2023-08-14 13:51:12.448 [info] [Trace - 1:51:12 PM] Sending request 'textDocument/codeAction - (75)'.
2023-08-14 13:51:12.451 [info] [Trace - 1:51:12 PM] Received response 'textDocument/codeAction - (75)' in 3ms.
2023-08-14 13:51:12.701 [info] [Trace - 1:51:12 PM] Sending request 'textDocument/codeAction - (76)'.
2023-08-14 13:51:12.704 [info] [Trace - 1:51:12 PM] Received response 'textDocument/codeAction - (76)' in 3ms.
2023-08-14 13:51:18.321 [info] [Trace - 1:51:18 PM] Sending notification 'textDocument/didOpen'.
2023-08-14 13:51:18.324 [info] [Trace - 1:51:18 PM] Received notification 'textDocument/publishDiagnostics'.
2023-08-14 13:51:18.350 [info] [Trace - 1:51:18 PM] Sending request 'textDocument/codeAction - (77)'.
2023-08-14 13:51:18.356 [info] [Trace - 1:51:18 PM] Received response 'textDocument/codeAction - (77)' in 6ms.
2023-08-14 13:51:18.780 [info] [Trace - 1:51:18 PM] Sending request 'textDocument/codeAction - (78)'.
2023-08-14 13:51:18.783 [info] [Trace - 1:51:18 PM] Received response 'textDocument/codeAction - (78)' in 3ms.
2023-08-14 13:51:20.701 [info] [Trace - 1:51:20 PM] Sending notification 'textDocument/didClose'.
2023-08-14 13:51:20.703 [info] [Trace - 1:51:20 PM] Received notification 'textDocument/publishDiagnostics'.
2023-08-14 13:51:34.979 [info] [Trace - 1:51:34 PM] Sending notification 'textDocument/didOpen'.
2023-08-14 13:51:35.007 [info] [Trace - 1:51:35 PM] Received notification 'textDocument/publishDiagnostics'.
2023-08-14 13:51:35.010 [info] [Trace - 1:51:35 PM] Sending request 'textDocument/codeAction - (79)'.
2023-08-14 13:51:35.017 [info] [Trace - 1:51:35 PM] Received response 'textDocument/codeAction - (79)' in 7ms.
2023-08-14 13:51:35.419 [info] [Trace - 1:51:35 PM] Sending request 'textDocument/codeAction - (80)'.
2023-08-14 13:51:35.423 [info] [Trace - 1:51:35 PM] Received response 'textDocument/codeAction - (80)' in 4ms.
2023-08-14 13:51:36.852 [info] [Trace - 1:51:36 PM] Sending request 'textDocument/codeAction - (81)'.
2023-08-14 13:51:36.856 [info] [Trace - 1:51:36 PM] Received response 'textDocument/codeAction - (81)' in 4ms.
2023-08-14 13:51:37.156 [info] [Trace - 1:51:37 PM] Sending request 'textDocument/codeAction - (82)'.
2023-08-14 13:51:37.159 [info] [Trace - 1:51:37 PM] Received response 'textDocument/codeAction - (82)' in 3ms.
2023-08-14 13:51:37.713 [info] [Trace - 1:51:37 PM] Sending request 'textDocument/codeAction - (83)'.
2023-08-14 13:51:37.716 [info] [Trace - 1:51:37 PM] Received response 'textDocument/codeAction - (83)' in 3ms.
2023-08-14 13:51:38.005 [info] [Trace - 1:51:38 PM] Sending request 'textDocument/codeAction - (84)'.
2023-08-14 13:51:38.008 [info] [Trace - 1:51:38 PM] Received response 'textDocument/codeAction - (84)' in 3ms.
2023-08-14 13:51:38.852 [info] [Trace - 1:51:38 PM] Sending request 'textDocument/codeAction - (85)'.
2023-08-14 13:51:38.855 [info] [Trace - 1:51:38 PM] Received response 'textDocument/codeAction - (85)' in 3ms.
2023-08-14 13:51:40.196 [info] [Trace - 1:51:40 PM] Sending notification 'textDocument/didChange'.
2023-08-14 13:51:40.488 [info] [Trace - 1:51:40 PM] Sending request 'textDocument/codeAction - (86)'.
2023-08-14 13:51:40.491 [info] [Trace - 1:51:40 PM] Received response 'textDocument/codeAction - (86)' in 3ms.
2023-08-14 13:51:41.071 [info] [Trace - 1:51:41 PM] Sending request 'textDocument/codeAction - (87)'.
2023-08-14 13:51:41.074 [info] [Trace - 1:51:41 PM] Received response 'textDocument/codeAction - (87)' in 4ms.
2023-08-14 13:51:41.414 [info] [Trace - 1:51:41 PM] Sending request 'textDocument/codeAction - (88)'.
2023-08-14 13:51:41.417 [info] [Trace - 1:51:41 PM] Received response 'textDocument/codeAction - (88)' in 3ms.
2023-08-14 13:51:44.080 [info] [Trace - 1:51:44 PM] Sending notification 'textDocument/didSave'.
2023-08-14 13:51:44.084 [info] [Trace - 1:51:44 PM] Received notification 'textDocument/publishDiagnostics'.
2023-08-14 13:53:56.867 [info] [Trace - 1:53:56 PM] Sending request 'textDocument/codeAction - (89)'.
2023-08-14 13:53:56.870 [info] [Trace - 1:53:56 PM] Received response 'textDocument/codeAction - (89)' in 4ms.
2023-08-14 13:53:57.516 [info] [Trace - 1:53:57 PM] Sending request 'textDocument/codeAction - (90)'.
2023-08-14 13:53:57.519 [info] [Trace - 1:53:57 PM] Received response 'textDocument/codeAction - (90)' in 3ms.
2023-08-14 13:53:57.769 [info] [Trace - 1:53:57 PM] Sending request 'textDocument/codeAction - (91)'.
2023-08-14 13:53:57.771 [info] [Trace - 1:53:57 PM] Received response 'textDocument/codeAction - (91)' in 2ms.
2023-08-14 13:53:58.366 [info] [Trace - 1:53:58 PM] Sending request 'textDocument/codeAction - (92)'.
2023-08-14 13:53:58.368 [info] [Trace - 1:53:58 PM] Received response 'textDocument/codeAction - (92)' in 2ms.
2023-08-14 13:56:50.223 [info] [Trace - 1:56:50 PM] Sending request 'textDocument/codeAction - (93)'.
2023-08-14 13:56:50.227 [info] [Trace - 1:56:50 PM] Received response 'textDocument/codeAction - (93)' in 4ms.
2023-08-14 13:56:50.465 [info] [Trace - 1:56:50 PM] Sending request 'textDocument/codeAction - (94)'.
2023-08-14 13:56:50.469 [info] [Trace - 1:56:50 PM] Received response 'textDocument/codeAction - (94)' in 5ms.
2023-08-14 13:56:56.949 [info] [Trace - 1:56:56 PM] Sending request 'textDocument/codeAction - (95)'.
2023-08-14 13:56:56.951 [info] [Trace - 1:56:56 PM] Received response 'textDocument/codeAction - (95)' in 3ms.
2023-08-14 13:56:58.354 [info] [Trace - 1:56:58 PM] Sending request 'textDocument/codeAction - (96)'.
2023-08-14 13:56:58.357 [info] [Trace - 1:56:58 PM] Received response 'textDocument/codeAction - (96)' in 3ms.
2023-08-14 13:56:58.633 [info] [Trace - 1:56:58 PM] Sending request 'textDocument/codeAction - (97)'.
2023-08-14 13:56:58.636 [info] [Trace - 1:56:58 PM] Received response 'textDocument/codeAction - (97)' in 3ms.
2023-08-14 13:56:58.764 [info] [Trace - 1:56:58 PM] Sending notification 'textDocument/didChange'.
2023-08-14 13:56:58.940 [info] [Trace - 1:56:58 PM] Sending notification 'textDocument/didChange'.
2023-08-14 13:56:59.192 [info] [Trace - 1:56:59 PM] Sending request 'textDocument/codeAction - (98)'.
2023-08-14 13:56:59.195 [info] [Trace - 1:56:59 PM] Received response 'textDocument/codeAction - (98)' in 3ms.
2023-08-14 13:56:59.242 [info] [Trace - 1:56:59 PM] Sending notification 'textDocument/didChange'.
2023-08-14 13:56:59.411 [info] [Trace - 1:56:59 PM] Sending notification 'textDocument/didChange'.
2023-08-14 13:56:59.663 [info] [Trace - 1:56:59 PM] Sending request 'textDocument/codeAction - (99)'.
2023-08-14 13:56:59.665 [info] [Trace - 1:56:59 PM] Received response 'textDocument/codeAction - (99)' in 2ms.
2023-08-14 13:56:59.727 [info] [Trace - 1:56:59 PM] Sending notification 'textDocument/didChange'.
2023-08-14 13:56:59.980 [info] [Trace - 1:56:59 PM] Sending request 'textDocument/codeAction - (100)'.
2023-08-14 13:56:59.982 [info] [Trace - 1:56:59 PM] Received response 'textDocument/codeAction - (100)' in 2ms.
2023-08-14 13:57:00.594 [info] [Trace - 1:57:00 PM] Sending request 'textDocument/codeAction - (101)'.
2023-08-14 13:57:00.597 [info] [Trace - 1:57:00 PM] Received response 'textDocument/codeAction - (101)' in 3ms.
2023-08-14 13:57:03.694 [info] [Trace - 1:57:03 PM] Sending notification 'textDocument/didChange'.
2023-08-14 13:57:03.793 [info] [Trace - 1:57:03 PM] Sending notification 'textDocument/didChange'.
2023-08-14 13:57:04.045 [info] [Trace - 1:57:04 PM] Sending request 'textDocument/codeAction - (102)'.
2023-08-14 13:57:04.048 [info] [Trace - 1:57:04 PM] Received response 'textDocument/codeAction - (102)' in 3ms.
2023-08-14 13:57:04.466 [info] [Trace - 1:57:04 PM] Sending notification 'textDocument/didChange'.
2023-08-14 13:57:04.692 [info] [Trace - 1:57:04 PM] Sending notification 'textDocument/didChange'.
2023-08-14 13:57:04.798 [info] [Trace - 1:57:04 PM] Sending notification 'textDocument/didChange'.
2023-08-14 13:57:05.050 [info] [Trace - 1:57:05 PM] Sending request 'textDocument/codeAction - (103)'.
2023-08-14 13:57:05.052 [info] [Trace - 1:57:05 PM] Received response 'textDocument/codeAction - (103)' in 2ms.
2023-08-14 13:57:07.076 [info] [Trace - 1:57:07 PM] Sending request 'textDocument/codeAction - (104)'.
2023-08-14 13:57:07.079 [info] [Trace - 1:57:07 PM] Received response 'textDocument/codeAction - (104)' in 3ms.
2023-08-14 13:57:07.487 [info] [Trace - 1:57:07 PM] Sending notification 'textDocument/didSave'.
2023-08-14 13:57:07.490 [info] [Trace - 1:57:07 PM] Received notification 'textDocument/publishDiagnostics'.
2023-08-14 13:58:24.890 [info] [Trace - 1:58:24 PM] Sending request 'textDocument/codeAction - (105)'.
2023-08-14 13:58:24.892 [info] [Trace - 1:58:24 PM] Received response 'textDocument/codeAction - (105)' in 2ms.
2023-08-14 13:58:25.332 [info] [Trace - 1:58:25 PM] Sending notification 'textDocument/didSave'.
2023-08-14 13:58:25.336 [info] [Trace - 1:58:25 PM] Received notification 'textDocument/publishDiagnostics'.
2023-08-14 13:58:26.326 [info] [Trace - 1:58:26 PM] Sending notification 'textDocument/didSave'.
2023-08-14 13:58:26.329 [info] [Trace - 1:58:26 PM] Received notification 'textDocument/publishDiagnostics'.
2023-08-14 13:58:28.524 [info] [Trace - 1:58:28 PM] Sending request 'textDocument/codeAction - (106)'.
2023-08-14 13:58:28.527 [info] [Trace - 1:58:28 PM] Received response 'textDocument/codeAction - (106)' in 3ms.
2023-08-14 13:58:29.950 [info] [Trace - 1:58:29 PM] Sending request 'textDocument/codeAction - (107)'.
2023-08-14 13:58:29.953 [info] [Trace - 1:58:29 PM] Received response 'textDocument/codeAction - (107)' in 3ms.
2023-08-14 13:58:30.728 [info] [Trace - 1:58:30 PM] Sending request 'textDocument/codeAction - (108)'.
2023-08-14 13:58:30.731 [info] [Trace - 1:58:30 PM] Received response 'textDocument/codeAction - (108)' in 3ms.
2023-08-14 13:58:32.758 [info] [Trace - 1:58:32 PM] Sending request 'textDocument/codeAction - (109)'.
2023-08-14 13:58:32.761 [info] [Trace - 1:58:32 PM] Received response 'textDocument/codeAction - (109)' in 2ms.
2023-08-14 13:58:35.300 [info] [Trace - 1:58:35 PM] Sending request 'textDocument/codeAction - (110)'.
2023-08-14 13:58:35.303 [info] [Trace - 1:58:35 PM] Received response 'textDocument/codeAction - (110)' in 3ms.
2023-08-14 13:58:35.532 [info] [Trace - 1:58:35 PM] Sending notification 'textDocument/didChange'.
2023-08-14 13:58:35.696 [info] [Trace - 1:58:35 PM] Sending notification 'textDocument/didChange'.
2023-08-14 13:58:35.813 [info] [Trace - 1:58:35 PM] Sending notification 'textDocument/didChange'.
2023-08-14 13:58:35.964 [info] [Trace - 1:58:35 PM] Sending notification 'textDocument/didChange'.
2023-08-14 13:58:36.216 [info] [Trace - 1:58:36 PM] Sending request 'textDocument/codeAction - (111)'.
2023-08-14 13:58:36.219 [info] [Trace - 1:58:36 PM] Received response 'textDocument/codeAction - (111)' in 3ms.
2023-08-14 13:58:36.307 [info] [Trace - 1:58:36 PM] Sending notification 'textDocument/didChange'.
2023-08-14 13:58:36.560 [info] [Trace - 1:58:36 PM] Sending request 'textDocument/codeAction - (112)'.
2023-08-14 13:58:36.562 [info] [Trace - 1:58:36 PM] Received response 'textDocument/codeAction - (112)' in 2ms.
2023-08-14 13:58:37.360 [info] [Trace - 1:58:37 PM] Sending request 'textDocument/codeAction - (113)'.
2023-08-14 13:58:37.362 [info] [Trace - 1:58:37 PM] Received response 'textDocument/codeAction - (113)' in 2ms.
2023-08-14 13:58:37.401 [info] [Trace - 1:58:37 PM] Sending notification 'textDocument/didChange'.
2023-08-14 13:58:37.519 [info] [Trace - 1:58:37 PM] Sending notification 'textDocument/didChange'.
2023-08-14 13:58:37.771 [info] [Trace - 1:58:37 PM] Sending request 'textDocument/codeAction - (114)'.
2023-08-14 13:58:37.774 [info] [Trace - 1:58:37 PM] Received response 'textDocument/codeAction - (114)' in 3ms.
2023-08-14 13:58:38.120 [info] [Trace - 1:58:38 PM] Sending notification 'textDocument/didChange'.
2023-08-14 13:58:38.373 [info] [Trace - 1:58:38 PM] Sending request 'textDocument/codeAction - (115)'.
2023-08-14 13:58:38.376 [info] [Trace - 1:58:38 PM] Received response 'textDocument/codeAction - (115)' in 3ms.
2023-08-14 13:58:39.402 [info] [Trace - 1:58:39 PM] Sending request 'textDocument/codeAction - (116)'.
2023-08-14 13:58:39.404 [info] [Trace - 1:58:39 PM] Received response 'textDocument/codeAction - (116)' in 3ms.
2023-08-14 13:58:39.628 [info] [Trace - 1:58:39 PM] Sending notification 'textDocument/didSave'.
2023-08-14 13:58:39.631 [info] [Trace - 1:58:39 PM] Received notification 'textDocument/publishDiagnostics'.
2023-08-14 14:00:16.961 [info] [Trace - 2:00:16 PM] Sending request 'textDocument/codeAction - (117)'.
2023-08-14 14:00:16.963 [info] [Trace - 2:00:16 PM] Received response 'textDocument/codeAction - (117)' in 2ms.
2023-08-14 14:00:17.911 [info] [Trace - 2:00:17 PM] Sending request 'textDocument/codeAction - (118)'.
2023-08-14 14:00:17.913 [info] [Trace - 2:00:17 PM] Received response 'textDocument/codeAction - (118)' in 3ms.
2023-08-14 14:00:18.185 [info] [Trace - 2:00:18 PM] Sending notification 'textDocument/didChange'.
2023-08-14 14:00:18.440 [info] [Trace - 2:00:18 PM] Sending request 'textDocument/codeAction - (119)'.
2023-08-14 14:00:18.442 [info] [Trace - 2:00:18 PM] Received response 'textDocument/codeAction - (119)' in 2ms.
2023-08-14 14:00:18.461 [info] [Trace - 2:00:18 PM] Sending notification 'textDocument/didChange'.
2023-08-14 14:00:18.647 [info] [Trace - 2:00:18 PM] Sending notification 'textDocument/didChange'.
2023-08-14 14:00:18.899 [info] [Trace - 2:00:18 PM] Sending request 'textDocument/codeAction - (120)'.
2023-08-14 14:00:18.902 [info] [Trace - 2:00:18 PM] Received response 'textDocument/codeAction - (120)' in 3ms.
2023-08-14 14:00:19.593 [info] [Trace - 2:00:19 PM] Sending request 'textDocument/codeAction - (121)'.
2023-08-14 14:00:19.595 [info] [Trace - 2:00:19 PM] Received response 'textDocument/codeAction - (121)' in 2ms.
2023-08-14 14:00:20.174 [info] [Trace - 2:00:20 PM] Sending request 'textDocument/codeAction - (122)'.
2023-08-14 14:00:20.176 [info] [Trace - 2:00:20 PM] Received response 'textDocument/codeAction - (122)' in 2ms.
2023-08-14 14:00:20.650 [info] [Trace - 2:00:20 PM] Sending notification 'textDocument/didChange'.
2023-08-14 14:00:20.901 [info] [Trace - 2:00:20 PM] Sending request 'textDocument/codeAction - (123)'.
2023-08-14 14:00:20.904 [info] [Trace - 2:00:20 PM] Received response 'textDocument/codeAction - (123)' in 3ms.
2023-08-14 14:00:20.972 [info] [Trace - 2:00:20 PM] Sending notification 'textDocument/didChange'.
2023-08-14 14:00:21.230 [info] [Trace - 2:00:21 PM] Sending request 'textDocument/codeAction - (124)'.
2023-08-14 14:00:21.232 [info] [Trace - 2:00:21 PM] Received response 'textDocument/codeAction - (124)' in 3ms.
2023-08-14 14:00:21.826 [info] [Trace - 2:00:21 PM] Sending request 'textDocument/codeAction - (125)'.
2023-08-14 14:00:21.828 [info] [Trace - 2:00:21 PM] Received response 'textDocument/codeAction - (125)' in 2ms.
2023-08-14 14:00:22.502 [info] [Trace - 2:00:22 PM] Sending request 'textDocument/codeAction - (126)'.
2023-08-14 14:00:22.505 [info] [Trace - 2:00:22 PM] Received response 'textDocument/codeAction - (126)' in 3ms.
2023-08-14 14:00:22.928 [info] [Trace - 2:00:22 PM] Sending request 'textDocument/codeAction - (127)'.
2023-08-14 14:00:22.931 [info] [Trace - 2:00:22 PM] Received response 'textDocument/codeAction - (127)' in 3ms.
2023-08-14 14:00:24.988 [info] [Trace - 2:00:24 PM] Sending request 'textDocument/codeAction - (128)'.
2023-08-14 14:00:24.991 [info] [Trace - 2:00:24 PM] Received response 'textDocument/codeAction - (128)' in 3ms.
2023-08-14 14:00:25.608 [info] [Trace - 2:00:25 PM] Sending notification 'textDocument/didChange'.
2023-08-14 14:00:25.827 [info] [Trace - 2:00:25 PM] Sending notification 'textDocument/didChange'.
2023-08-14 14:00:26.079 [info] [Trace - 2:00:26 PM] Sending request 'textDocument/codeAction - (129)'.
2023-08-14 14:00:26.082 [info] [Trace - 2:00:26 PM] Received response 'textDocument/codeAction - (129)' in 3ms.
2023-08-14 14:00:26.175 [info] [Trace - 2:00:26 PM] Sending notification 'textDocument/didChange'.
2023-08-14 14:00:26.428 [info] [Trace - 2:00:26 PM] Sending request 'textDocument/codeAction - (130)'.
2023-08-14 14:00:26.430 [info] [Trace - 2:00:26 PM] Received response 'textDocument/codeAction - (130)' in 2ms.
2023-08-14 14:00:26.472 [info] [Trace - 2:00:26 PM] Sending notification 'textDocument/didChange'.
2023-08-14 14:00:26.570 [info] [Trace - 2:00:26 PM] Sending notification 'textDocument/didChange'.
2023-08-14 14:00:26.822 [info] [Trace - 2:00:26 PM] Sending request 'textDocument/codeAction - (131)'.
2023-08-14 14:00:26.825 [info] [Trace - 2:00:26 PM] Received response 'textDocument/codeAction - (131)' in 2ms.
2023-08-14 14:00:27.292 [info] [Trace - 2:00:27 PM] Sending notification 'textDocument/didSave'.
2023-08-14 14:00:27.296 [info] [Trace - 2:00:27 PM] Received notification 'textDocument/publishDiagnostics'.
2023-08-14 14:00:27.832 [info] [Trace - 2:00:27 PM] Sending request 'textDocument/codeAction - (132)'.
2023-08-14 14:00:27.835 [info] [Trace - 2:00:27 PM] Received response 'textDocument/codeAction - (132)' in 3ms.
2023-08-14 14:06:05.637 [info] [Trace - 2:06:05 PM] Sending notification 'textDocument/didOpen'.
2023-08-14 14:06:05.637 [info] [Trace - 2:06:05 PM] Sending notification 'textDocument/didOpen'.
2023-08-14 14:06:05.637 [info] [Trace - 2:06:05 PM] Sending notification 'textDocument/didOpen'.
2023-08-14 14:06:05.660 [info] [Trace - 2:06:05 PM] Received notification 'textDocument/publishDiagnostics'.
2023-08-14 14:06:05.661 [info] [Trace - 2:06:05 PM] Received notification 'textDocument/publishDiagnostics'.
2023-08-14 14:06:05.676 [info] [Trace - 2:06:05 PM] Received notification 'textDocument/publishDiagnostics'.
2023-08-14 14:06:06.541 [info] [Trace - 2:06:06 PM] Sending request 'textDocument/codeAction - (133)'.
2023-08-14 14:06:06.547 [info] [Trace - 2:06:06 PM] Received response 'textDocument/codeAction - (133)' in 6ms.
2023-08-14 14:06:06.551 [info] [Trace - 2:06:06 PM] Sending request 'textDocument/codeAction - (134)'.
2023-08-14 14:06:06.555 [info] [Trace - 2:06:06 PM] Received response 'textDocument/codeAction - (134)' in 5ms.
2023-08-14 14:06:07.405 [info] [Trace - 2:06:07 PM] Sending notification 'textDocument/didOpen'.
2023-08-14 14:06:07.413 [info] [Trace - 2:06:07 PM] Received notification 'textDocument/publishDiagnostics'.
2023-08-14 14:06:08.008 [info] [Trace - 2:06:08 PM] Sending request 'textDocument/codeAction - (135)'.
2023-08-14 14:06:08.011 [info] [Trace - 2:06:08 PM] Received response 'textDocument/codeAction - (135)' in 3ms.
2023-08-14 14:06:12.165 [info] [Trace - 2:06:12 PM] Sending request 'textDocument/codeAction - (136)'.
2023-08-14 14:06:12.168 [info] [Trace - 2:06:12 PM] Received response 'textDocument/codeAction - (136)' in 4ms.
2023-08-14 14:06:22.726 [info] [Trace - 2:06:22 PM] Sending notification 'textDocument/didOpen'.
2023-08-14 14:06:22.740 [info] [Trace - 2:06:22 PM] Received notification 'textDocument/publishDiagnostics'.
2023-08-14 14:06:26.104 [info] [Trace - 2:06:26 PM] Sending notification 'textDocument/didChange'.
2023-08-14 14:06:26.220 [info] [Trace - 2:06:26 PM] Sending notification 'textDocument/didChange'.
2023-08-14 14:06:26.326 [info] [Trace - 2:06:26 PM] Sending notification 'textDocument/didChange'.
2023-08-14 14:06:26.442 [info] [Trace - 2:06:26 PM] Sending notification 'textDocument/didChange'.
2023-08-14 14:06:26.561 [info] [Trace - 2:06:26 PM] Sending notification 'textDocument/didChange'.
2023-08-14 14:06:26.716 [info] [Trace - 2:06:26 PM] Sending notification 'textDocument/didChange'.
2023-08-14 14:06:26.816 [info] [Trace - 2:06:26 PM] Sending notification 'textDocument/didChange'.
2023-08-14 14:06:27.016 [info] [Trace - 2:06:27 PM] Sending notification 'textDocument/didChange'.
2023-08-14 14:06:27.159 [info] [Trace - 2:06:27 PM] Sending notification 'textDocument/didChange'.
2023-08-14 14:06:27.369 [info] [Trace - 2:06:27 PM] Sending notification 'textDocument/didChange'.
2023-08-14 14:06:27.595 [info] [Trace - 2:06:27 PM] Sending notification 'textDocument/didChange'.
2023-08-14 14:06:27.737 [info] [Trace - 2:06:27 PM] Sending notification 'textDocument/didChange'.
2023-08-14 14:06:27.849 [info] [Trace - 2:06:27 PM] Sending notification 'textDocument/didChange'.
2023-08-14 14:06:27.997 [info] [Trace - 2:06:27 PM] Sending notification 'textDocument/didChange'.
2023-08-14 14:06:28.098 [info] [Trace - 2:06:28 PM] Sending notification 'textDocument/didChange'.
2023-08-14 14:06:28.324 [info] [Trace - 2:06:28 PM] Sending notification 'textDocument/didChange'.
2023-08-14 14:06:28.581 [info] [Trace - 2:06:28 PM] Sending request 'textDocument/codeAction - (137)'.
2023-08-14 14:06:28.583 [info] [Trace - 2:06:28 PM] Received response 'textDocument/codeAction - (137)' in 3ms.
2023-08-14 14:06:28.826 [info] [Trace - 2:06:28 PM] Sending notification 'textDocument/didChange'.
2023-08-14 14:06:29.268 [info] [Trace - 2:06:29 PM] Sending notification 'textDocument/didChange'.
2023-08-14 14:06:29.524 [info] [Trace - 2:06:29 PM] Sending request 'textDocument/codeAction - (138)'.
2023-08-14 14:06:29.526 [info] [Trace - 2:06:29 PM] Received response 'textDocument/codeAction - (138)' in 2ms.
2023-08-14 14:06:30.631 [info] [Trace - 2:06:30 PM] Sending notification 'textDocument/didChange'.
2023-08-14 14:06:31.554 [info] [Trace - 2:06:31 PM] Sending notification 'textDocument/didChange'.
2023-08-14 14:06:31.661 [info] [Trace - 2:06:31 PM] Sending notification 'textDocument/didChange'.
2023-08-14 14:06:31.787 [info] [Trace - 2:06:31 PM] Sending notification 'textDocument/didChange'.
2023-08-14 14:06:31.895 [info] [Trace - 2:06:31 PM] Sending notification 'textDocument/didChange'.
2023-08-14 14:06:31.998 [info] [Trace - 2:06:31 PM] Sending notification 'textDocument/didChange'.
2023-08-14 14:06:32.167 [info] [Trace - 2:06:32 PM] Sending notification 'textDocument/didChange'.
2023-08-14 14:06:32.599 [info] [Trace - 2:06:32 PM] Sending notification 'textDocument/didChange'.
2023-08-14 14:06:32.729 [info] [Trace - 2:06:32 PM] Sending notification 'textDocument/didChange'.
2023-08-14 14:06:32.900 [info] [Trace - 2:06:32 PM] Sending notification 'textDocument/didChange'.
2023-08-14 14:06:33.156 [info] [Trace - 2:06:33 PM] Sending request 'textDocument/codeAction - (139)'.
2023-08-14 14:06:33.159 [info] [Trace - 2:06:33 PM] Received response 'textDocument/codeAction - (139)' in 3ms.
2023-08-14 14:06:33.426 [info] [Trace - 2:06:33 PM] Sending request 'textDocument/codeAction - (140)'.
2023-08-14 14:06:33.429 [info] [Trace - 2:06:33 PM] Received response 'textDocument/codeAction - (140)' in 3ms.
2023-08-14 14:06:33.732 [info] [Trace - 2:06:33 PM] Sending notification 'textDocument/didChange'.
2023-08-14 14:06:33.892 [info] [Trace - 2:06:33 PM] Sending notification 'textDocument/didChange'.
2023-08-14 14:06:34.015 [info] [Trace - 2:06:34 PM] Sending notification 'textDocument/didChange'.
2023-08-14 14:06:34.274 [info] [Trace - 2:06:34 PM] Sending request 'textDocument/codeAction - (141)'.
2023-08-14 14:06:34.277 [info] [Trace - 2:06:34 PM] Received response 'textDocument/codeAction - (141)' in 3ms.
2023-08-14 14:06:34.291 [info] [Trace - 2:06:34 PM] Sending notification 'textDocument/didChange'.
2023-08-14 14:06:34.457 [info] [Trace - 2:06:34 PM] Sending notification 'textDocument/didChange'.
2023-08-14 14:06:34.604 [info] [Trace - 2:06:34 PM] Sending notification 'textDocument/didChange'.
2023-08-14 14:06:34.762 [info] [Trace - 2:06:34 PM] Sending notification 'textDocument/didChange'.
2023-08-14 14:06:34.873 [info] [Trace - 2:06:34 PM] Sending notification 'textDocument/didChange'.
2023-08-14 14:06:34.988 [info] [Trace - 2:06:34 PM] Sending notification 'textDocument/didChange'.
2023-08-14 14:06:35.096 [info] [Trace - 2:06:35 PM] Sending notification 'textDocument/didChange'.
2023-08-14 14:06:35.220 [info] [Trace - 2:06:35 PM] Sending notification 'textDocument/didChange'.
2023-08-14 14:06:35.477 [info] [Trace - 2:06:35 PM] Sending request 'textDocument/codeAction - (142)'.
2023-08-14 14:06:35.481 [info] [Trace - 2:06:35 PM] Received response 'textDocument/codeAction - (142)' in 4ms.
2023-08-14 14:06:35.743 [info] [Trace - 2:06:35 PM] Sending request 'textDocument/codeAction - (143)'.
2023-08-14 14:06:35.745 [info] [Trace - 2:06:35 PM] Received response 'textDocument/codeAction - (143)' in 3ms.
2023-08-14 14:06:35.899 [info] [Trace - 2:06:35 PM] Sending notification 'textDocument/didChange'.
2023-08-14 14:06:36.157 [info] [Trace - 2:06:36 PM] Sending request 'textDocument/codeAction - (144)'.
2023-08-14 14:06:36.160 [info] [Trace - 2:06:36 PM] Received response 'textDocument/codeAction - (144)' in 3ms.
2023-08-14 14:06:36.248 [info] [Trace - 2:06:36 PM] Sending notification 'textDocument/didChange'.
2023-08-14 14:06:36.506 [info] [Trace - 2:06:36 PM] Sending request 'textDocument/codeAction - (145)'.
2023-08-14 14:06:36.509 [info] [Trace - 2:06:36 PM] Received response 'textDocument/codeAction - (145)' in 3ms.
2023-08-14 14:06:36.527 [info] [Trace - 2:06:36 PM] Sending notification 'textDocument/didChange'.
2023-08-14 14:06:36.641 [info] [Trace - 2:06:36 PM] Sending notification 'textDocument/didChange'.
2023-08-14 14:06:36.844 [info] [Trace - 2:06:36 PM] Sending notification 'textDocument/didChange'.
2023-08-14 14:06:36.978 [info] [Trace - 2:06:36 PM] Sending notification 'textDocument/didChange'.
2023-08-14 14:06:37.077 [info] [Trace - 2:06:37 PM] Sending notification 'textDocument/didChange'.
2023-08-14 14:06:37.215 [info] [Trace - 2:06:37 PM] Sending notification 'textDocument/didChange'.
2023-08-14 14:06:37.471 [info] [Trace - 2:06:37 PM] Sending request 'textDocument/codeAction - (146)'.
2023-08-14 14:06:37.473 [info] [Trace - 2:06:37 PM] Received response 'textDocument/codeAction - (146)' in 2ms.
2023-08-14 14:06:37.698 [info] [Trace - 2:06:37 PM] Sending notification 'textDocument/didChange'.
2023-08-14 14:06:37.954 [info] [Trace - 2:06:37 PM] Sending request 'textDocument/codeAction - (147)'.
2023-08-14 14:06:37.957 [info] [Trace - 2:06:37 PM] Received response 'textDocument/codeAction - (147)' in 3ms.
2023-08-14 14:06:38.288 [info] [Trace - 2:06:38 PM] Sending notification 'textDocument/didChange'.
2023-08-14 14:06:38.544 [info] [Trace - 2:06:38 PM] Sending request 'textDocument/codeAction - (148)'.
2023-08-14 14:06:38.546 [info] [Trace - 2:06:38 PM] Received response 'textDocument/codeAction - (148)' in 2ms.
2023-08-14 14:06:39.414 [info] [Trace - 2:06:39 PM] Sending notification 'textDocument/didChange'.
2023-08-14 14:06:39.554 [info] [Trace - 2:06:39 PM] Sending notification 'textDocument/didChange'.
2023-08-14 14:06:39.810 [info] [Trace - 2:06:39 PM] Sending request 'textDocument/codeAction - (149)'.
2023-08-14 14:06:39.812 [info] [Trace - 2:06:39 PM] Received response 'textDocument/codeAction - (149)' in 3ms.
2023-08-14 14:06:39.835 [info] [Trace - 2:06:39 PM] Sending notification 'textDocument/didChange'.
2023-08-14 14:06:40.049 [info] [Trace - 2:06:40 PM] Sending notification 'textDocument/didChange'.
2023-08-14 14:06:40.305 [info] [Trace - 2:06:40 PM] Sending request 'textDocument/codeAction - (150)'.
2023-08-14 14:06:40.307 [info] [Trace - 2:06:40 PM] Received response 'textDocument/codeAction - (150)' in 2ms.
2023-08-14 14:06:40.318 [info] [Trace - 2:06:40 PM] Sending notification 'textDocument/didChange'.
2023-08-14 14:06:40.546 [info] [Trace - 2:06:40 PM] Sending notification 'textDocument/didChange'.
2023-08-14 14:06:40.801 [info] [Trace - 2:06:40 PM] Sending request 'textDocument/codeAction - (151)'.
2023-08-14 14:06:40.803 [info] [Trace - 2:06:40 PM] Received response 'textDocument/codeAction - (151)' in 2ms.
2023-08-14 14:06:41.338 [info] [Trace - 2:06:41 PM] Sending notification 'textDocument/didChange'.
2023-08-14 14:06:41.494 [info] [Trace - 2:06:41 PM] Sending notification 'textDocument/didChange'.
2023-08-14 14:06:41.750 [info] [Trace - 2:06:41 PM] Sending request 'textDocument/codeAction - (152)'.
2023-08-14 14:06:41.752 [info] [Trace - 2:06:41 PM] Received response 'textDocument/codeAction - (152)' in 2ms.
2023-08-14 14:06:41.763 [info] [Trace - 2:06:41 PM] Sending notification 'textDocument/didChange'.
2023-08-14 14:06:42.019 [info] [Trace - 2:06:42 PM] Sending request 'textDocument/codeAction - (153)'.
2023-08-14 14:06:42.021 [info] [Trace - 2:06:42 PM] Received response 'textDocument/codeAction - (153)' in 3ms.
2023-08-14 14:06:42.591 [info] [Trace - 2:06:42 PM] Sending notification 'textDocument/didChange'.
2023-08-14 14:06:42.694 [info] [Trace - 2:06:42 PM] Sending notification 'textDocument/didChange'.
2023-08-14 14:06:42.951 [info] [Trace - 2:06:42 PM] Sending request 'textDocument/codeAction - (154)'.
2023-08-14 14:06:42.954 [info] [Trace - 2:06:42 PM] Received response 'textDocument/codeAction - (154)' in 2ms.
2023-08-14 14:06:43.884 [info] [Trace - 2:06:43 PM] Sending request 'textDocument/codeAction - (155)'.
2023-08-14 14:06:43.887 [info] [Trace - 2:06:43 PM] Received response 'textDocument/codeAction - (155)' in 3ms.
2023-08-14 14:06:44.268 [info] [Trace - 2:06:44 PM] Sending notification 'textDocument/didChange'.
2023-08-14 14:06:44.994 [info] [Trace - 2:06:44 PM] Sending notification 'textDocument/didChange'.
2023-08-14 14:06:45.112 [info] [Trace - 2:06:45 PM] Sending notification 'textDocument/didChange'.
2023-08-14 14:06:45.252 [info] [Trace - 2:06:45 PM] Sending notification 'textDocument/didChange'.
2023-08-14 14:06:45.404 [info] [Trace - 2:06:45 PM] Sending notification 'textDocument/didChange'.
2023-08-14 14:06:45.512 [info] [Trace - 2:06:45 PM] Sending notification 'textDocument/didChange'.
2023-08-14 14:06:45.654 [info] [Trace - 2:06:45 PM] Sending notification 'textDocument/didChange'.
2023-08-14 14:06:46.197 [info] [Trace - 2:06:46 PM] Sending notification 'textDocument/didChange'.
2023-08-14 14:06:46.377 [info] [Trace - 2:06:46 PM] Sending notification 'textDocument/didChange'.
2023-08-14 14:06:46.557 [info] [Trace - 2:06:46 PM] Sending notification 'textDocument/didChange'.
2023-08-14 14:06:46.716 [info] [Trace - 2:06:46 PM] Sending notification 'textDocument/didChange'.
2023-08-14 14:06:47.080 [info] [Trace - 2:06:47 PM] Sending notification 'textDocument/didChange'.
2023-08-14 14:06:47.218 [info] [Trace - 2:06:47 PM] Sending notification 'textDocument/didChange'.
2023-08-14 14:06:47.364 [info] [Trace - 2:06:47 PM] Sending notification 'textDocument/didChange'.
2023-08-14 14:06:47.503 [info] [Trace - 2:06:47 PM] Sending notification 'textDocument/didChange'.
2023-08-14 14:06:47.597 [info] [Trace - 2:06:47 PM] Sending notification 'textDocument/didChange'.
2023-08-14 14:06:47.807 [info] [Trace - 2:06:47 PM] Sending notification 'textDocument/didChange'.
2023-08-14 14:06:48.066 [info] [Trace - 2:06:48 PM] Sending request 'textDocument/codeAction - (156)'.
2023-08-14 14:06:48.069 [info] [Trace - 2:06:48 PM] Received response 'textDocument/codeAction - (156)' in 3ms.
2023-08-14 14:06:48.330 [info] [Trace - 2:06:48 PM] Sending request 'textDocument/codeAction - (157)'.
2023-08-14 14:06:48.333 [info] [Trace - 2:06:48 PM] Received response 'textDocument/codeAction - (157)' in 2ms.
2023-08-14 14:06:48.760 [info] [Trace - 2:06:48 PM] Sending notification 'textDocument/didChange'.
2023-08-14 14:06:49.637 [info] [Trace - 2:06:49 PM] Sending notification 'textDocument/didOpen'.
2023-08-14 14:06:49.640 [info] [Trace - 2:06:49 PM] Received notification 'textDocument/publishDiagnostics'.
2023-08-14 14:06:49.777 [info] [Trace - 2:06:49 PM] Sending request 'textDocument/codeAction - (158)'.
2023-08-14 14:06:49.779 [info] [Trace - 2:06:49 PM] Received response 'textDocument/codeAction - (158)' in 2ms.
2023-08-14 14:06:51.773 [info] [Trace - 2:06:51 PM] Sending request 'textDocument/codeAction - (159)'.
2023-08-14 14:06:51.775 [info] [Trace - 2:06:51 PM] Received response 'textDocument/codeAction - (159)' in 3ms.
2023-08-14 14:06:53.291 [info] [Trace - 2:06:53 PM] Sending notification 'textDocument/didClose'.
2023-08-14 14:06:53.295 [info] [Trace - 2:06:53 PM] Received notification 'textDocument/publishDiagnostics'.
2023-08-14 14:06:55.416 [info] [Trace - 2:06:55 PM] Sending notification 'textDocument/didChange'.
2023-08-14 14:06:55.465 [info] [Trace - 2:06:55 PM] Sending notification 'textDocument/didChange'.
2023-08-14 14:06:55.722 [info] [Trace - 2:06:55 PM] Sending request 'textDocument/codeAction - (160)'.
2023-08-14 14:06:55.725 [info] [Trace - 2:06:55 PM] Received response 'textDocument/codeAction - (160)' in 3ms.
2023-08-14 14:06:55.743 [info] [Trace - 2:06:55 PM] Sending notification 'textDocument/didChange'.
2023-08-14 14:06:56.078 [info] [Trace - 2:06:56 PM] Sending notification 'textDocument/didChange'.
2023-08-14 14:06:56.336 [info] [Trace - 2:06:56 PM] Sending request 'textDocument/codeAction - (161)'.
2023-08-14 14:06:56.338 [info] [Trace - 2:06:56 PM] Received response 'textDocument/codeAction - (161)' in 2ms.
2023-08-14 14:06:56.539 [info] [Trace - 2:06:56 PM] Sending notification 'textDocument/didChange'.
2023-08-14 14:06:56.643 [info] [Trace - 2:06:56 PM] Sending notification 'textDocument/didChange'.
2023-08-14 14:06:56.857 [info] [Trace - 2:06:56 PM] Sending notification 'textDocument/didChange'.
2023-08-14 14:06:56.963 [info] [Trace - 2:06:56 PM] Sending notification 'textDocument/didChange'.
2023-08-14 14:06:57.080 [info] [Trace - 2:06:57 PM] Sending notification 'textDocument/didChange'.
2023-08-14 14:06:57.177 [info] [Trace - 2:06:57 PM] Sending notification 'textDocument/didChange'.
2023-08-14 14:06:57.433 [info] [Trace - 2:06:57 PM] Sending request 'textDocument/codeAction - (162)'.
2023-08-14 14:06:57.435 [info] [Trace - 2:06:57 PM] Received response 'textDocument/codeAction - (162)' in 2ms.
2023-08-14 14:06:57.695 [info] [Trace - 2:06:57 PM] Sending request 'textDocument/codeAction - (163)'.
2023-08-14 14:06:57.698 [info] [Trace - 2:06:57 PM] Received response 'textDocument/codeAction - (163)' in 3ms.
2023-08-14 14:06:57.755 [info] [Trace - 2:06:57 PM] Sending notification 'textDocument/didChange'.
2023-08-14 14:06:58.011 [info] [Trace - 2:06:58 PM] Sending request 'textDocument/codeAction - (164)'.
2023-08-14 14:06:58.013 [info] [Trace - 2:06:58 PM] Received response 'textDocument/codeAction - (164)' in 2ms.
2023-08-14 14:06:58.361 [info] [Trace - 2:06:58 PM] Sending notification 'textDocument/didChange'.
2023-08-14 14:06:58.618 [info] [Trace - 2:06:58 PM] Sending request 'textDocument/codeAction - (165)'.
2023-08-14 14:06:58.621 [info] [Trace - 2:06:58 PM] Received response 'textDocument/codeAction - (165)' in 3ms.
2023-08-14 14:06:58.677 [info] [Trace - 2:06:58 PM] Sending notification 'textDocument/didChange'.
2023-08-14 14:06:58.842 [info] [Trace - 2:06:58 PM] Sending notification 'textDocument/didChange'.
2023-08-14 14:06:59.097 [info] [Trace - 2:06:59 PM] Sending request 'textDocument/codeAction - (166)'.
2023-08-14 14:06:59.099 [info] [Trace - 2:06:59 PM] Received response 'textDocument/codeAction - (166)' in 2ms.
2023-08-14 14:06:59.156 [info] [Trace - 2:06:59 PM] Sending notification 'textDocument/didChange'.
2023-08-14 14:06:59.364 [info] [Trace - 2:06:59 PM] Sending notification 'textDocument/didChange'.
2023-08-14 14:06:59.620 [info] [Trace - 2:06:59 PM] Sending request 'textDocument/codeAction - (167)'.
2023-08-14 14:06:59.622 [info] [Trace - 2:06:59 PM] Received response 'textDocument/codeAction - (167)' in 2ms.
2023-08-14 14:06:59.827 [info] [Trace - 2:06:59 PM] Sending notification 'textDocument/didChange'.
2023-08-14 14:06:59.978 [info] [Trace - 2:06:59 PM] Sending notification 'textDocument/didChange'.
2023-08-14 14:07:00.080 [info] [Trace - 2:07:00 PM] Sending notification 'textDocument/didChange'.
2023-08-14 14:07:00.226 [info] [Trace - 2:07:00 PM] Sending notification 'textDocument/didChange'.
2023-08-14 14:07:00.481 [info] [Trace - 2:07:00 PM] Sending request 'textDocument/codeAction - (168)'.
2023-08-14 14:07:00.484 [info] [Trace - 2:07:00 PM] Received response 'textDocument/codeAction - (168)' in 4ms.
2023-08-14 14:07:00.636 [info] [Trace - 2:07:00 PM] Sending notification 'textDocument/didChange'.
2023-08-14 14:07:00.891 [info] [Trace - 2:07:00 PM] Sending request 'textDocument/codeAction - (169)'.
2023-08-14 14:07:00.893 [info] [Trace - 2:07:00 PM] Received response 'textDocument/codeAction - (169)' in 2ms.
2023-08-14 14:07:01.102 [info] [Trace - 2:07:01 PM] Sending notification 'textDocument/didChange'.
2023-08-14 14:07:01.359 [info] [Trace - 2:07:01 PM] Sending request 'textDocument/codeAction - (170)'.
2023-08-14 14:07:01.361 [info] [Trace - 2:07:01 PM] Received response 'textDocument/codeAction - (170)' in 2ms.
2023-08-14 14:07:01.921 [info] [Trace - 2:07:01 PM] Sending request 'textDocument/codeAction - (171)'.
2023-08-14 14:07:01.925 [info] [Trace - 2:07:01 PM] Received response 'textDocument/codeAction - (171)' in 3ms.
2023-08-14 14:07:02.354 [info] [Trace - 2:07:02 PM] Sending notification 'textDocument/didChange'.
2023-08-14 14:07:02.609 [info] [Trace - 2:07:02 PM] Sending request 'textDocument/codeAction - (172)'.
2023-08-14 14:07:02.611 [info] [Trace - 2:07:02 PM] Received response 'textDocument/codeAction - (172)' in 3ms.
2023-08-14 14:07:03.547 [info] [Trace - 2:07:03 PM] Sending notification 'textDocument/didChange'.
2023-08-14 14:07:03.681 [info] [Trace - 2:07:03 PM] Sending notification 'textDocument/didChange'.
2023-08-14 14:07:03.937 [info] [Trace - 2:07:03 PM] Sending request 'textDocument/codeAction - (173)'.
2023-08-14 14:07:03.940 [info] [Trace - 2:07:03 PM] Received response 'textDocument/codeAction - (173)' in 2ms.
2023-08-14 14:07:04.022 [info] [Trace - 2:07:04 PM] Sending notification 'textDocument/didChange'.
2023-08-14 14:07:04.183 [info] [Trace - 2:07:04 PM] Sending notification 'textDocument/didChange'.
2023-08-14 14:07:04.397 [info] [Trace - 2:07:04 PM] Sending notification 'textDocument/didChange'.
2023-08-14 14:07:04.522 [info] [Trace - 2:07:04 PM] Sending notification 'textDocument/didChange'.
2023-08-14 14:07:04.658 [info] [Trace - 2:07:04 PM] Sending notification 'textDocument/didChange'.
2023-08-14 14:07:04.914 [info] [Trace - 2:07:04 PM] Sending request 'textDocument/codeAction - (174)'.
2023-08-14 14:07:04.916 [info] [Trace - 2:07:04 PM] Received response 'textDocument/codeAction - (174)' in 2ms.
2023-08-14 14:07:05.176 [info] [Trace - 2:07:05 PM] Sending request 'textDocument/codeAction - (175)'.
2023-08-14 14:07:05.179 [info] [Trace - 2:07:05 PM] Received response 'textDocument/codeAction - (175)' in 3ms.
2023-08-14 14:07:05.437 [info] [Trace - 2:07:05 PM] Sending request 'textDocument/codeAction - (176)'.
2023-08-14 14:07:05.441 [info] [Trace - 2:07:05 PM] Received response 'textDocument/codeAction - (176)' in 4ms.
2023-08-14 14:07:05.794 [info] [Trace - 2:07:05 PM] Sending notification 'textDocument/didChange'.
2023-08-14 14:07:06.088 [info] [Trace - 2:07:06 PM] Sending notification 'textDocument/didChange'.
2023-08-14 14:07:06.208 [info] [Trace - 2:07:06 PM] Sending notification 'textDocument/didChange'.
2023-08-14 14:07:06.419 [info] [Trace - 2:07:06 PM] Sending notification 'textDocument/didChange'.
2023-08-14 14:07:06.660 [info] [Trace - 2:07:06 PM] Sending notification 'textDocument/didChange'.
2023-08-14 14:07:06.916 [info] [Trace - 2:07:06 PM] Sending request 'textDocument/codeAction - (177)'.
2023-08-14 14:07:06.918 [info] [Trace - 2:07:06 PM] Received response 'textDocument/codeAction - (177)' in 2ms.
2023-08-14 14:07:07.181 [info] [Trace - 2:07:07 PM] Sending request 'textDocument/codeAction - (178)'.
2023-08-14 14:07:07.184 [info] [Trace - 2:07:07 PM] Received response 'textDocument/codeAction - (178)' in 3ms.
2023-08-14 14:07:08.325 [info] [Trace - 2:07:08 PM] Sending notification 'textDocument/didChange'.
2023-08-14 14:07:08.474 [info] [Trace - 2:07:08 PM] Sending notification 'textDocument/didChange'.
2023-08-14 14:07:08.595 [info] [Trace - 2:07:08 PM] Sending notification 'textDocument/didChange'.
2023-08-14 14:07:08.783 [info] [Trace - 2:07:08 PM] Sending notification 'textDocument/didChange'.
2023-08-14 14:07:08.880 [info] [Trace - 2:07:08 PM] Sending notification 'textDocument/didChange'.
2023-08-14 14:07:09.109 [info] [Trace - 2:07:09 PM] Sending notification 'textDocument/didChange'.
2023-08-14 14:07:09.366 [info] [Trace - 2:07:09 PM] Sending request 'textDocument/codeAction - (179)'.
2023-08-14 14:07:09.368 [info] [Trace - 2:07:09 PM] Received response 'textDocument/codeAction - (179)' in 3ms.
2023-08-14 14:07:09.455 [info] [Trace - 2:07:09 PM] Sending notification 'textDocument/didChange'.
2023-08-14 14:07:09.711 [info] [Trace - 2:07:09 PM] Sending request 'textDocument/codeAction - (180)'.
2023-08-14 14:07:09.713 [info] [Trace - 2:07:09 PM] Received response 'textDocument/codeAction - (180)' in 3ms.
2023-08-14 14:07:10.107 [info] [Trace - 2:07:10 PM] Sending notification 'textDocument/didChange'.
2023-08-14 14:07:10.363 [info] [Trace - 2:07:10 PM] Sending request 'textDocument/codeAction - (181)'.
2023-08-14 14:07:10.366 [info] [Trace - 2:07:10 PM] Received response 'textDocument/codeAction - (181)' in 3ms.
2023-08-14 14:07:11.513 [info] [Trace - 2:07:11 PM] Sending notification 'textDocument/didChange'.
2023-08-14 14:07:11.769 [info] [Trace - 2:07:11 PM] Sending request 'textDocument/codeAction - (182)'.
2023-08-14 14:07:11.771 [info] [Trace - 2:07:11 PM] Received response 'textDocument/codeAction - (182)' in 2ms.
2023-08-14 14:07:12.177 [info] [Trace - 2:07:12 PM] Sending request 'textDocument/codeAction - (183)'.
2023-08-14 14:07:12.180 [info] [Trace - 2:07:12 PM] Received response 'textDocument/codeAction - (183)' in 3ms.
2023-08-14 14:07:12.242 [info] [Trace - 2:07:12 PM] Sending notification 'textDocument/didChange'.
2023-08-14 14:07:12.588 [info] [Trace - 2:07:12 PM] Sending notification 'textDocument/didChange'.
2023-08-14 14:07:12.695 [info] [Trace - 2:07:12 PM] Sending notification 'textDocument/didChange'.
2023-08-14 14:07:12.952 [info] [Trace - 2:07:12 PM] Sending request 'textDocument/codeAction - (184)'.
2023-08-14 14:07:12.955 [info] [Trace - 2:07:12 PM] Received response 'textDocument/codeAction - (184)' in 3ms.
2023-08-14 14:07:13.216 [info] [Trace - 2:07:13 PM] Sending request 'textDocument/codeAction - (185)'.
2023-08-14 14:07:13.220 [info] [Trace - 2:07:13 PM] Received response 'textDocument/codeAction - (185)' in 4ms.
2023-08-14 14:07:13.225 [info] [Trace - 2:07:13 PM] Sending notification 'textDocument/didChange'.
2023-08-14 14:07:13.484 [info] [Trace - 2:07:13 PM] Sending request 'textDocument/codeAction - (186)'.
2023-08-14 14:07:13.487 [info] [Trace - 2:07:13 PM] Received response 'textDocument/codeAction - (186)' in 3ms.
2023-08-14 14:07:13.517 [info] [Trace - 2:07:13 PM] Sending notification 'textDocument/didChange'.
2023-08-14 14:07:13.776 [info] [Trace - 2:07:13 PM] Sending request 'textDocument/codeAction - (187)'.
2023-08-14 14:07:13.779 [info] [Trace - 2:07:13 PM] Received response 'textDocument/codeAction - (187)' in 3ms.
2023-08-14 14:07:14.338 [info] [Trace - 2:07:14 PM] Sending request 'textDocument/codeAction - (188)'.
2023-08-14 14:07:14.341 [info] [Trace - 2:07:14 PM] Received response 'textDocument/codeAction - (188)' in 3ms.
2023-08-14 14:07:14.767 [info] [Trace - 2:07:14 PM] Sending notification 'textDocument/didChange'.
2023-08-14 14:07:15.241 [info] [Trace - 2:07:15 PM] Sending notification 'textDocument/didChange'.
2023-08-14 14:07:15.371 [info] [Trace - 2:07:15 PM] Sending notification 'textDocument/didChange'.
2023-08-14 14:07:15.627 [info] [Trace - 2:07:15 PM] Sending request 'textDocument/codeAction - (189)'.
2023-08-14 14:07:15.630 [info] [Trace - 2:07:15 PM] Received response 'textDocument/codeAction - (189)' in 2ms.
2023-08-14 14:07:15.701 [info] [Trace - 2:07:15 PM] Sending notification 'textDocument/didChange'.
2023-08-14 14:07:15.853 [info] [Trace - 2:07:15 PM] Sending notification 'textDocument/didChange'.
2023-08-14 14:07:16.109 [info] [Trace - 2:07:16 PM] Sending request 'textDocument/codeAction - (190)'.
2023-08-14 14:07:16.111 [info] [Trace - 2:07:16 PM] Received response 'textDocument/codeAction - (190)' in 2ms.
2023-08-14 14:07:16.371 [info] [Trace - 2:07:16 PM] Sending request 'textDocument/codeAction - (191)'.
2023-08-14 14:07:16.373 [info] [Trace - 2:07:16 PM] Received response 'textDocument/codeAction - (191)' in 2ms.
2023-08-14 14:07:16.488 [info] [Trace - 2:07:16 PM] Sending notification 'textDocument/didChange'.
2023-08-14 14:07:16.701 [info] [Trace - 2:07:16 PM] Sending notification 'textDocument/didChange'.
2023-08-14 14:07:16.792 [info] [Trace - 2:07:16 PM] Sending notification 'textDocument/didChange'.
2023-08-14 14:07:16.963 [info] [Trace - 2:07:16 PM] Sending notification 'textDocument/didChange'.
2023-08-14 14:07:17.219 [info] [Trace - 2:07:17 PM] Sending request 'textDocument/codeAction - (192)'.
2023-08-14 14:07:17.222 [info] [Trace - 2:07:17 PM] Received response 'textDocument/codeAction - (192)' in 3ms.
2023-08-14 14:07:17.319 [info] [Trace - 2:07:17 PM] Sending notification 'textDocument/didChange'.
2023-08-14 14:07:17.448 [info] [Trace - 2:07:17 PM] Sending notification 'textDocument/didChange'.
2023-08-14 14:07:17.704 [info] [Trace - 2:07:17 PM] Sending request 'textDocument/codeAction - (193)'.
2023-08-14 14:07:17.707 [info] [Trace - 2:07:17 PM] Received response 'textDocument/codeAction - (193)' in 3ms.
2023-08-14 14:07:17.719 [info] [Trace - 2:07:17 PM] Sending notification 'textDocument/didChange'.
2023-08-14 14:07:17.974 [info] [Trace - 2:07:17 PM] Sending request 'textDocument/codeAction - (194)'.
2023-08-14 14:07:17.977 [info] [Trace - 2:07:17 PM] Received response 'textDocument/codeAction - (194)' in 3ms.
2023-08-14 14:07:18.114 [info] [Trace - 2:07:18 PM] Sending notification 'textDocument/didChange'.
2023-08-14 14:07:18.260 [info] [Trace - 2:07:18 PM] Sending notification 'textDocument/didChange'.
2023-08-14 14:07:18.504 [info] [Trace - 2:07:18 PM] Sending notification 'textDocument/didChange'.
2023-08-14 14:07:18.639 [info] [Trace - 2:07:18 PM] Sending notification 'textDocument/didChange'.
2023-08-14 14:07:18.760 [info] [Trace - 2:07:18 PM] Sending notification 'textDocument/didChange'.
2023-08-14 14:07:18.897 [info] [Trace - 2:07:18 PM] Sending notification 'textDocument/didChange'.
2023-08-14 14:07:19.153 [info] [Trace - 2:07:19 PM] Sending request 'textDocument/codeAction - (195)'.
2023-08-14 14:07:19.155 [info] [Trace - 2:07:19 PM] Received response 'textDocument/codeAction - (195)' in 2ms.
2023-08-14 14:07:19.374 [info] [Trace - 2:07:19 PM] Sending notification 'textDocument/didChange'.
2023-08-14 14:07:19.629 [info] [Trace - 2:07:19 PM] Sending request 'textDocument/codeAction - (196)'.
2023-08-14 14:07:19.632 [info] [Trace - 2:07:19 PM] Received response 'textDocument/codeAction - (196)' in 3ms.
2023-08-14 14:07:19.798 [info] [Trace - 2:07:19 PM] Sending notification 'textDocument/didChange'.
2023-08-14 14:07:19.989 [info] [Trace - 2:07:19 PM] Sending notification 'textDocument/didChange'.
2023-08-14 14:07:20.168 [info] [Trace - 2:07:20 PM] Sending notification 'textDocument/didChange'.
2023-08-14 14:07:20.273 [info] [Trace - 2:07:20 PM] Sending notification 'textDocument/didChange'.
2023-08-14 14:07:20.501 [info] [Trace - 2:07:20 PM] Sending notification 'textDocument/didChange'.
2023-08-14 14:07:20.620 [info] [Trace - 2:07:20 PM] Sending notification 'textDocument/didChange'.
2023-08-14 14:07:20.796 [info] [Trace - 2:07:20 PM] Sending notification 'textDocument/didChange'.
2023-08-14 14:07:21.051 [info] [Trace - 2:07:21 PM] Sending request 'textDocument/codeAction - (197)'.
2023-08-14 14:07:21.054 [info] [Trace - 2:07:21 PM] Received response 'textDocument/codeAction - (197)' in 3ms.
2023-08-14 14:07:21.313 [info] [Trace - 2:07:21 PM] Sending request 'textDocument/codeAction - (198)'.
2023-08-14 14:07:21.316 [info] [Trace - 2:07:21 PM] Received response 'textDocument/codeAction - (198)' in 3ms.
2023-08-14 14:07:21.471 [info] [Trace - 2:07:21 PM] Sending notification 'textDocument/didChange'.
2023-08-14 14:07:21.596 [info] [Trace - 2:07:21 PM] Sending notification 'textDocument/didChange'.
2023-08-14 14:07:21.730 [info] [Trace - 2:07:21 PM] Sending notification 'textDocument/didChange'.
2023-08-14 14:07:21.986 [info] [Trace - 2:07:21 PM] Sending request 'textDocument/codeAction - (199)'.
2023-08-14 14:07:21.989 [info] [Trace - 2:07:21 PM] Received response 'textDocument/codeAction - (199)' in 2ms.
2023-08-14 14:07:22.021 [info] [Trace - 2:07:22 PM] Sending notification 'textDocument/didChange'.
2023-08-14 14:07:22.146 [info] [Trace - 2:07:22 PM] Sending notification 'textDocument/didChange'.
2023-08-14 14:07:22.401 [info] [Trace - 2:07:22 PM] Sending request 'textDocument/codeAction - (200)'.
2023-08-14 14:07:22.404 [info] [Trace - 2:07:22 PM] Received response 'textDocument/codeAction - (200)' in 3ms.
2023-08-14 14:07:22.415 [info] [Trace - 2:07:22 PM] Sending notification 'textDocument/didChange'.
2023-08-14 14:07:22.668 [info] [Trace - 2:07:22 PM] Sending notification 'textDocument/didChange'.
2023-08-14 14:07:22.798 [info] [Trace - 2:07:22 PM] Sending notification 'textDocument/didChange'.
2023-08-14 14:07:23.053 [info] [Trace - 2:07:23 PM] Sending request 'textDocument/codeAction - (201)'.
2023-08-14 14:07:23.056 [info] [Trace - 2:07:23 PM] Received response 'textDocument/codeAction - (201)' in 3ms.
2023-08-14 14:07:23.277 [info] [Trace - 2:07:23 PM] Sending notification 'textDocument/didChange'.
2023-08-14 14:07:23.447 [info] [Trace - 2:07:23 PM] Sending notification 'textDocument/didChange'.
2023-08-14 14:07:23.702 [info] [Trace - 2:07:23 PM] Sending request 'textDocument/codeAction - (202)'.
2023-08-14 14:07:23.705 [info] [Trace - 2:07:23 PM] Received response 'textDocument/codeAction - (202)' in 2ms.
2023-08-14 14:07:24.492 [info] [Trace - 2:07:24 PM] Sending request 'textDocument/codeAction - (203)'.
2023-08-14 14:07:24.495 [info] [Trace - 2:07:24 PM] Received response 'textDocument/codeAction - (203)' in 3ms.
2023-08-14 14:07:51.527 [info] [Trace - 2:07:51 PM] Sending request 'textDocument/codeAction - (204)'.
2023-08-14 14:07:51.529 [info] [Trace - 2:07:51 PM] Received response 'textDocument/codeAction - (204)' in 2ms.
2023-08-14 14:07:52.819 [info] [Trace - 2:07:52 PM] Sending request 'textDocument/codeAction - (205)'.
2023-08-14 14:07:52.822 [info] [Trace - 2:07:52 PM] Received response 'textDocument/codeAction - (205)' in 2ms.
2023-08-14 14:07:53.426 [info] [Trace - 2:07:53 PM] Sending request 'textDocument/codeAction - (206)'.
2023-08-14 14:07:53.429 [info] [Trace - 2:07:53 PM] Received response 'textDocument/codeAction - (206)' in 3ms.
2023-08-14 14:07:54.777 [info] [Trace - 2:07:54 PM] Sending request 'textDocument/codeAction - (207)'.
2023-08-14 14:07:54.780 [info] [Trace - 2:07:54 PM] Received response 'textDocument/codeAction - (207)' in 3ms.
2023-08-14 14:07:57.786 [info] [Trace - 2:07:57 PM] Sending request 'textDocument/codeAction - (208)'.
2023-08-14 14:07:57.789 [info] [Trace - 2:07:57 PM] Received response 'textDocument/codeAction - (208)' in 3ms.
2023-08-14 14:07:58.539 [info] [Trace - 2:07:58 PM] Sending request 'textDocument/codeAction - (209)'.
2023-08-14 14:07:58.542 [info] [Trace - 2:07:58 PM] Received response 'textDocument/codeAction - (209)' in 2ms.
2023-08-14 14:08:00.367 [info] [Trace - 2:08:00 PM] Sending request 'textDocument/codeAction - (210)'.
2023-08-14 14:08:00.370 [info] [Trace - 2:08:00 PM] Received response 'textDocument/codeAction - (210)' in 3ms.
2023-08-14 14:08:02.647 [info] [Trace - 2:08:02 PM] Sending request 'textDocument/codeAction - (211)'.
2023-08-14 14:08:02.651 [info] [Trace - 2:08:02 PM] Received response 'textDocument/codeAction - (211)' in 3ms.
2023-08-14 14:08:03.526 [info] [Trace - 2:08:03 PM] Sending notification 'textDocument/didChange'.
2023-08-14 14:08:04.396 [info] [Trace - 2:08:04 PM] Sending notification 'textDocument/didChange'.
2023-08-14 14:08:04.656 [info] [Trace - 2:08:04 PM] Sending request 'textDocument/codeAction - (212)'.
2023-08-14 14:08:04.659 [info] [Trace - 2:08:04 PM] Received response 'textDocument/codeAction - (212)' in 2ms.
2023-08-14 14:08:05.159 [info] [Trace - 2:08:05 PM] Sending notification 'textDocument/didChange'.
2023-08-14 14:08:05.323 [info] [Trace - 2:08:05 PM] Sending notification 'textDocument/didChange'.
2023-08-14 14:08:05.476 [info] [Trace - 2:08:05 PM] Sending notification 'textDocument/didChange'.
2023-08-14 14:08:05.786 [info] [Trace - 2:08:05 PM] Sending notification 'textDocument/didChange'.
2023-08-14 14:08:06.490 [info] [Trace - 2:08:06 PM] Sending notification 'textDocument/didChange'.
2023-08-14 14:08:06.750 [info] [Trace - 2:08:06 PM] Sending request 'textDocument/codeAction - (213)'.
2023-08-14 14:08:06.752 [info] [Trace - 2:08:06 PM] Received response 'textDocument/codeAction - (213)' in 2ms.
2023-08-14 14:08:07.213 [info] [Trace - 2:08:07 PM] Sending notification 'textDocument/didOpen'.
2023-08-14 14:08:07.216 [info] [Trace - 2:08:07 PM] Received notification 'textDocument/publishDiagnostics'.
2023-08-14 14:08:16.460 [info] [Trace - 2:08:16 PM] Sending request 'textDocument/codeAction - (214)'.
2023-08-14 14:08:16.463 [info] [Trace - 2:08:16 PM] Received response 'textDocument/codeAction - (214)' in 3ms.
2023-08-14 14:08:18.060 [info] [Trace - 2:08:18 PM] Sending notification 'textDocument/didClose'.
2023-08-14 14:08:18.088 [info] [Trace - 2:08:18 PM] Received notification 'textDocument/publishDiagnostics'.
