2023-08-20 00:00:19.238 [info] Experiment 'pythonaa' is active
2023-08-20 00:00:19.238 [info] Experiment 'pythonPromptNewFormatterExt' is active
2023-08-20 00:00:19.238 [info] Experiment 'pythonPromptNewToolsExt' is active
2023-08-20 00:00:19.238 [info] Experiment 'pythonTestAdaptercf' is active
2023-08-20 00:00:19.238 [info] Test server listening.
2023-08-20 00:00:19.238 [info] > conda info --json
2023-08-20 00:00:19.238 [info] Python interpreter path: ./.venv/bin/python
2023-08-20 00:00:19.349 [info] Found: /bin/python --> /bin/python3.11
2023-08-20 00:00:19.388 [info] Found: /bin/python3 --> /bin/python3.11
2023-08-20 00:00:19.388 [info] Found: /bin/python3.11 --> /bin/python3.11
2023-08-20 00:00:19.416 [info] > ./.venv/bin/python -I ~/.vscode/extensions/ms-python.python-2023.14.0/pythonFiles/get_output_via_markers.py ~/.vscode/extensions/ms-python.python-2023.14.0/pythonFiles/interpreterInfo.py
2023-08-20 00:00:19.442 [info] Found: /sbin/python --> /sbin/python3.11
2023-08-20 00:00:19.443 [info] Found: /sbin/python3 --> /sbin/python3.11
2023-08-20 00:00:19.443 [info] Found: /sbin/python3.11 --> /sbin/python3.11
2023-08-20 00:00:19.526 [info] Found: /usr/bin/python --> /usr/bin/python3.11
2023-08-20 00:00:19.532 [info] Found: /usr/bin/python3 --> /usr/bin/python3.11
2023-08-20 00:00:19.534 [info] Found: /usr/bin/python3.11 --> /usr/bin/python3.11
2023-08-20 00:00:19.550 [info] > . ./.venv/bin/activate && echo 'e8b39361-0157-4923-80e1-22d70d46dee6' && python ~/.vscode/extensions/ms-python.python-2023.14.0/pythonFiles/printEnvVariables.py
2023-08-20 00:00:19.551 [info] shell: bash
2023-08-20 00:00:19.567 [info] > . ./.venv/bin/activate && echo 'e8b39361-0157-4923-80e1-22d70d46dee6' && python ~/.vscode/extensions/ms-python.python-2023.14.0/pythonFiles/printEnvVariables.py
2023-08-20 00:00:19.567 [info] shell: bash
2023-08-20 00:00:19.575 [info] > . ./.venv/bin/activate && echo 'e8b39361-0157-4923-80e1-22d70d46dee6' && python ~/.vscode/extensions/ms-python.python-2023.14.0/pythonFiles/printEnvVariables.py
2023-08-20 00:00:19.575 [info] shell: bash
2023-08-20 00:00:19.690 [info] Found: /usr/sbin/python --> /usr/sbin/python3.11
2023-08-20 00:00:19.690 [info] Found: /usr/sbin/python3 --> /usr/sbin/python3.11
2023-08-20 00:00:19.690 [info] Found: /usr/sbin/python3.11 --> /usr/sbin/python3.11
2023-08-20 00:00:19.705 [info] > /bin/python -I ~/.vscode/extensions/ms-python.python-2023.14.0/pythonFiles/get_output_via_markers.py ~/.vscode/extensions/ms-python.python-2023.14.0/pythonFiles/interpreterInfo.py
2023-08-20 00:00:19.722 [info] > /sbin/python -I ~/.vscode/extensions/ms-python.python-2023.14.0/pythonFiles/get_output_via_markers.py ~/.vscode/extensions/ms-python.python-2023.14.0/pythonFiles/interpreterInfo.py
2023-08-20 00:00:19.757 [info] > /usr/bin/python -I ~/.vscode/extensions/ms-python.python-2023.14.0/pythonFiles/get_output_via_markers.py ~/.vscode/extensions/ms-python.python-2023.14.0/pythonFiles/interpreterInfo.py
2023-08-20 00:00:19.775 [info] > /usr/sbin/python -I ~/.vscode/extensions/ms-python.python-2023.14.0/pythonFiles/get_output_via_markers.py ~/.vscode/extensions/ms-python.python-2023.14.0/pythonFiles/interpreterInfo.py
2023-08-20 00:00:21.503 [info] Starting Pylance language server.
